Analysis & Synthesis report for RISCV_5StagePipelined_Processor
Mon Aug 12 10:34:52 2024
Quartus Prime Version 23.1std.0 Build 991 11/28/2023 SC Lite Edition


---------------------
; Table of Contents ;
---------------------
  1. Legal Notice
  2. Analysis & Synthesis Summary
  3. Analysis & Synthesis Settings
  4. Parallel Compilation
  5. Analysis & Synthesis Source Files Read
  6. Analysis & Synthesis Resource Usage Summary
  7. Analysis & Synthesis Resource Utilization by Entity
  8. General Register Statistics
  9. Parameter Settings for User Entity Instance: Top-level Entity: |RISCV_5StagePipelined_Processor
 10. Parameter Settings for User Entity Instance: mux_2:mux_pctarget_or_pc_jalr
 11. Parameter Settings for User Entity Instance: mux_2:mux_pc_IF
 12. Parameter Settings for User Entity Instance: IMem:instruction_memory
 13. Parameter Settings for User Entity Instance: reg_IF_ID:reg_IF_ID
 14. Parameter Settings for User Entity Instance: adder:adder
 15. Parameter Settings for User Entity Instance: control_unit:control_unit
 16. Parameter Settings for User Entity Instance: control_unit:control_unit|main_decoder:main_decoder
 17. Parameter Settings for User Entity Instance: control_unit:control_unit|ALU_decoder:alu_decoder
 18. Parameter Settings for User Entity Instance: reg_file:reg_file
 19. Parameter Settings for User Entity Instance: imm_ext:imm_ext
 20. Parameter Settings for User Entity Instance: reg_ID_EX:reg_ID_EX
 21. Parameter Settings for User Entity Instance: alu:alu
 22. Parameter Settings for User Entity Instance: reg_EX_MEM:reg_EX_MEM
 23. Parameter Settings for User Entity Instance: DMem:dmem
 24. Parameter Settings for User Entity Instance: reg_MEM_WB:reg_MEM_WB
 25. Parameter Settings for User Entity Instance: hazard_unit:hazard_unit
 26. Port Connectivity Checks: "reg_EX_MEM:reg_EX_MEM"
 27. Port Connectivity Checks: "control_unit:control_unit"
 28. Port Connectivity Checks: "adder:adder"
 29. Post-Synthesis Netlist Statistics for Top Partition
 30. Elapsed Time Per Partition
 31. Analysis & Synthesis Messages
 32. Analysis & Synthesis Suppressed Messages



----------------
; Legal Notice ;
----------------
Copyright (C) 2023  Intel Corporation. All rights reserved.
Your use of Intel Corporation's design tools, logic functions 
and other software and tools, and any partner logic 
functions, and any output files from any of the foregoing 
(including device programming or simulation files), and any 
associated documentation or information are expressly subject 
to the terms and conditions of the Intel Program License 
Subscription Agreement, the Intel Quartus Prime License Agreement,
the Intel FPGA IP License Agreement, or other applicable license
agreement, including, without limitation, that your use is for
the sole purpose of programming logic devices manufactured by
Intel and sold by Intel or its authorized distributors.  Please
refer to the applicable agreement for further details, at
https://fpgasoftware.intel.com/eula.



+-------------------------------------------------------------------------------------+
; Analysis & Synthesis Summary                                                        ;
+------------------------------------+------------------------------------------------+
; Analysis & Synthesis Status        ; Successful - Mon Aug 12 10:34:52 2024          ;
; Quartus Prime Version              ; 23.1std.0 Build 991 11/28/2023 SC Lite Edition ;
; Revision Name                      ; RISCV_5StagePipelined_Processor                ;
; Top-level Entity Name              ; RISCV_5StagePipelined_Processor                ;
; Family                             ; Cyclone IV E                                   ;
; Total logic elements               ; 0                                              ;
;     Total combinational functions  ; 0                                              ;
;     Dedicated logic registers      ; 0                                              ;
; Total registers                    ; 0                                              ;
; Total pins                         ; 2                                              ;
; Total virtual pins                 ; 0                                              ;
; Total memory bits                  ; 0                                              ;
; Embedded Multiplier 9-bit elements ; 0                                              ;
; Total PLLs                         ; 0                                              ;
+------------------------------------+------------------------------------------------+


+--------------------------------------------------------------------------------------------------------------------------------------+
; Analysis & Synthesis Settings                                                                                                        ;
+------------------------------------------------------------------+---------------------------------+---------------------------------+
; Option                                                           ; Setting                         ; Default Value                   ;
+------------------------------------------------------------------+---------------------------------+---------------------------------+
; Device                                                           ; EP4CE115F29C7                   ;                                 ;
; Top-level entity name                                            ; RISCV_5StagePipelined_Processor ; RISCV_5StagePipelined_Processor ;
; Family name                                                      ; Cyclone IV E                    ; Cyclone V                       ;
; Use smart compilation                                            ; Off                             ; Off                             ;
; Enable parallel Assembler and Timing Analyzer during compilation ; On                              ; On                              ;
; Enable compact report table                                      ; Off                             ; Off                             ;
; Restructure Multiplexers                                         ; Auto                            ; Auto                            ;
; Create Debugging Nodes for IP Cores                              ; Off                             ; Off                             ;
; Preserve fewer node names                                        ; On                              ; On                              ;
; Intel FPGA IP Evaluation Mode                                    ; Enable                          ; Enable                          ;
; Verilog Version                                                  ; Verilog_2001                    ; Verilog_2001                    ;
; VHDL Version                                                     ; VHDL_1993                       ; VHDL_1993                       ;
; State Machine Processing                                         ; Auto                            ; Auto                            ;
; Safe State Machine                                               ; Off                             ; Off                             ;
; Extract Verilog State Machines                                   ; On                              ; On                              ;
; Extract VHDL State Machines                                      ; On                              ; On                              ;
; Ignore Verilog initial constructs                                ; Off                             ; Off                             ;
; Iteration limit for constant Verilog loops                       ; 5000                            ; 5000                            ;
; Iteration limit for non-constant Verilog loops                   ; 250                             ; 250                             ;
; Add Pass-Through Logic to Inferred RAMs                          ; On                              ; On                              ;
; Infer RAMs from Raw Logic                                        ; On                              ; On                              ;
; Parallel Synthesis                                               ; On                              ; On                              ;
; DSP Block Balancing                                              ; Auto                            ; Auto                            ;
; NOT Gate Push-Back                                               ; On                              ; On                              ;
; Power-Up Don't Care                                              ; On                              ; On                              ;
; Remove Redundant Logic Cells                                     ; Off                             ; Off                             ;
; Remove Duplicate Registers                                       ; On                              ; On                              ;
; Ignore CARRY Buffers                                             ; Off                             ; Off                             ;
; Ignore CASCADE Buffers                                           ; Off                             ; Off                             ;
; Ignore GLOBAL Buffers                                            ; Off                             ; Off                             ;
; Ignore ROW GLOBAL Buffers                                        ; Off                             ; Off                             ;
; Ignore LCELL Buffers                                             ; Off                             ; Off                             ;
; Ignore SOFT Buffers                                              ; On                              ; On                              ;
; Limit AHDL Integers to 32 Bits                                   ; Off                             ; Off                             ;
; Optimization Technique                                           ; Balanced                        ; Balanced                        ;
; Carry Chain Length                                               ; 70                              ; 70                              ;
; Auto Carry Chains                                                ; On                              ; On                              ;
; Auto Open-Drain Pins                                             ; On                              ; On                              ;
; Perform WYSIWYG Primitive Resynthesis                            ; Off                             ; Off                             ;
; Auto ROM Replacement                                             ; On                              ; On                              ;
; Auto RAM Replacement                                             ; On                              ; On                              ;
; Auto DSP Block Replacement                                       ; On                              ; On                              ;
; Auto Shift Register Replacement                                  ; Auto                            ; Auto                            ;
; Allow Shift Register Merging across Hierarchies                  ; Auto                            ; Auto                            ;
; Auto Clock Enable Replacement                                    ; On                              ; On                              ;
; Strict RAM Replacement                                           ; Off                             ; Off                             ;
; Allow Synchronous Control Signals                                ; On                              ; On                              ;
; Force Use of Synchronous Clear Signals                           ; Off                             ; Off                             ;
; Auto RAM Block Balancing                                         ; On                              ; On                              ;
; Auto RAM to Logic Cell Conversion                                ; Off                             ; Off                             ;
; Auto Resource Sharing                                            ; Off                             ; Off                             ;
; Allow Any RAM Size For Recognition                               ; Off                             ; Off                             ;
; Allow Any ROM Size For Recognition                               ; Off                             ; Off                             ;
; Allow Any Shift Register Size For Recognition                    ; Off                             ; Off                             ;
; Use LogicLock Constraints during Resource Balancing              ; On                              ; On                              ;
; Ignore translate_off and synthesis_off directives                ; Off                             ; Off                             ;
; Timing-Driven Synthesis                                          ; On                              ; On                              ;
; Report Parameter Settings                                        ; On                              ; On                              ;
; Report Source Assignments                                        ; On                              ; On                              ;
; Report Connectivity Checks                                       ; On                              ; On                              ;
; Ignore Maximum Fan-Out Assignments                               ; Off                             ; Off                             ;
; Synchronization Register Chain Length                            ; 2                               ; 2                               ;
; Power Optimization During Synthesis                              ; Normal compilation              ; Normal compilation              ;
; HDL message level                                                ; Level2                          ; Level2                          ;
; Suppress Register Optimization Related Messages                  ; Off                             ; Off                             ;
; Number of Removed Registers Reported in Synthesis Report         ; 5000                            ; 5000                            ;
; Number of Swept Nodes Reported in Synthesis Report               ; 5000                            ; 5000                            ;
; Number of Inverted Registers Reported in Synthesis Report        ; 100                             ; 100                             ;
; Clock MUX Protection                                             ; On                              ; On                              ;
; Auto Gated Clock Conversion                                      ; Off                             ; Off                             ;
; Block Design Naming                                              ; Auto                            ; Auto                            ;
; SDC constraint protection                                        ; Off                             ; Off                             ;
; Synthesis Effort                                                 ; Auto                            ; Auto                            ;
; Shift Register Replacement - Allow Asynchronous Clear Signal     ; On                              ; On                              ;
; Pre-Mapping Resynthesis Optimization                             ; Off                             ; Off                             ;
; Analysis & Synthesis Message Level                               ; Medium                          ; Medium                          ;
; Disable Register Merging Across Hierarchies                      ; Auto                            ; Auto                            ;
; Resource Aware Inference For Block RAM                           ; On                              ; On                              ;
+------------------------------------------------------------------+---------------------------------+---------------------------------+


+------------------------------------------+
; Parallel Compilation                     ;
+----------------------------+-------------+
; Processors                 ; Number      ;
+----------------------------+-------------+
; Number detected on machine ; 8           ;
; Maximum allowed            ; 4           ;
;                            ;             ;
; Average used               ; 1.00        ;
; Maximum used               ; 1           ;
;                            ;             ;
; Usage by Processor         ; % Time Used ;
;     Processor 1            ; 100.0%      ;
+----------------------------+-------------+


+-----------------------------------------------------------------------------------------------------------------------------------------------------------------------------------------------------------+
; Analysis & Synthesis Source Files Read                                                                                                                                                                    ;
+-----------------------------------+-----------------+------------------------+------------------------------------------------------------------------------------------------------------------+---------+
; File Name with User-Entered Path  ; Used in Netlist ; File Type              ; File Name with Absolute Path                                                                                     ; Library ;
+-----------------------------------+-----------------+------------------------+------------------------------------------------------------------------------------------------------------------+---------+
; IMem.v                            ; yes             ; User Verilog HDL File  ; D:/Verilog project/DigitalDesign/DigitalDesign/RISCV_5StagePipelined_Processor/IMem.v                            ;         ;
; DMem.v                            ; yes             ; User Verilog HDL File  ; D:/Verilog project/DigitalDesign/DigitalDesign/RISCV_5StagePipelined_Processor/DMem.v                            ;         ;
; hazard_unit.v                     ; yes             ; User Verilog HDL File  ; D:/Verilog project/DigitalDesign/DigitalDesign/RISCV_5StagePipelined_Processor/hazard_unit.v                     ;         ;
; reg_file.v                        ; yes             ; User Verilog HDL File  ; D:/Verilog project/DigitalDesign/DigitalDesign/RISCV_5StagePipelined_Processor/reg_file.v                        ;         ;
; reg_IF_ID.v                       ; yes             ; User Verilog HDL File  ; D:/Verilog project/DigitalDesign/DigitalDesign/RISCV_5StagePipelined_Processor/reg_IF_ID.v                       ;         ;
; reg_ID_EX.v                       ; yes             ; User Verilog HDL File  ; D:/Verilog project/DigitalDesign/DigitalDesign/RISCV_5StagePipelined_Processor/reg_ID_EX.v                       ;         ;
; reg_EX_MEM.v                      ; yes             ; User Verilog HDL File  ; D:/Verilog project/DigitalDesign/DigitalDesign/RISCV_5StagePipelined_Processor/reg_EX_MEM.v                      ;         ;
; reg_MEM_WB.v                      ; yes             ; User Verilog HDL File  ; D:/Verilog project/DigitalDesign/DigitalDesign/RISCV_5StagePipelined_Processor/reg_MEM_WB.v                      ;         ;
; control_unit.v                    ; yes             ; User Verilog HDL File  ; D:/Verilog project/DigitalDesign/DigitalDesign/RISCV_5StagePipelined_Processor/control_unit.v                    ;         ;
; ALU_decoder.v                     ; yes             ; User Verilog HDL File  ; D:/Verilog project/DigitalDesign/DigitalDesign/RISCV_5StagePipelined_Processor/ALU_decoder.v                     ;         ;
; main_decoder.v                    ; yes             ; User Verilog HDL File  ; D:/Verilog project/DigitalDesign/DigitalDesign/RISCV_5StagePipelined_Processor/main_decoder.v                    ;         ;
; imm_ext.v                         ; yes             ; User Verilog HDL File  ; D:/Verilog project/DigitalDesign/DigitalDesign/RISCV_5StagePipelined_Processor/imm_ext.v                         ;         ;
; alu.v                             ; yes             ; User Verilog HDL File  ; D:/Verilog project/DigitalDesign/DigitalDesign/RISCV_5StagePipelined_Processor/alu.v                             ;         ;
; RISCV_5StagePipelined_Processor.v ; yes             ; User Verilog HDL File  ; D:/Verilog project/DigitalDesign/DigitalDesign/RISCV_5StagePipelined_Processor/RISCV_5StagePipelined_Processor.v ;         ;
; mux_2.v                           ; yes             ; User Verilog HDL File  ; D:/Verilog project/DigitalDesign/DigitalDesign/RISCV_5StagePipelined_Processor/mux_2.v                           ;         ;
; adder.v                           ; yes             ; User Verilog HDL File  ; D:/Verilog project/DigitalDesign/DigitalDesign/RISCV_5StagePipelined_Processor/adder.v                           ;         ;
+-----------------------------------+-----------------+------------------------+------------------------------------------------------------------------------------------------------------------+---------+


+-----------------------------------------------------+
; Analysis & Synthesis Resource Usage Summary         ;
+---------------------------------------------+-------+
; Resource                                    ; Usage ;
+---------------------------------------------+-------+
;                                             ;       ;
; Total combinational functions               ; 0     ;
; Logic element usage by number of LUT inputs ;       ;
;     -- 4 input functions                    ; 0     ;
;     -- 3 input functions                    ; 0     ;
;     -- <=2 input functions                  ; 0     ;
;                                             ;       ;
; Logic elements by mode                      ;       ;
;     -- normal mode                          ; 0     ;
;     -- arithmetic mode                      ; 0     ;
;                                             ;       ;
; Total registers                             ; 0     ;
;     -- Dedicated logic registers            ; 0     ;
;     -- I/O registers                        ; 0     ;
;                                             ;       ;
; I/O pins                                    ; 2     ;
;                                             ;       ;
; Embedded Multiplier 9-bit elements          ; 0     ;
;                                             ;       ;
; Maximum fan-out node                        ; clk   ;
; Maximum fan-out                             ; 1     ;
; Total fan-out                               ; 2     ;
; Average fan-out                             ; 0.50  ;
+---------------------------------------------+-------+


+-------------------------------------------------------------------------------------------------------------------------------------------------------------------------------------------------------------------------------------------------+
; Analysis & Synthesis Resource Utilization by Entity                                                                                                                                                                                             ;
+----------------------------------+---------------------+---------------------------+-------------+--------------+---------+-----------+------+--------------+----------------------------------+---------------------------------+--------------+
; Compilation Hierarchy Node       ; Combinational ALUTs ; Dedicated Logic Registers ; Memory Bits ; DSP Elements ; DSP 9x9 ; DSP 18x18 ; Pins ; Virtual Pins ; Full Hierarchy Name              ; Entity Name                     ; Library Name ;
+----------------------------------+---------------------+---------------------------+-------------+--------------+---------+-----------+------+--------------+----------------------------------+---------------------------------+--------------+
; |RISCV_5StagePipelined_Processor ; 0 (0)               ; 0 (0)                     ; 0           ; 0            ; 0       ; 0         ; 2    ; 0            ; |RISCV_5StagePipelined_Processor ; RISCV_5StagePipelined_Processor ; work         ;
+----------------------------------+---------------------+---------------------------+-------------+--------------+---------+-----------+------+--------------+----------------------------------+---------------------------------+--------------+
Note: For table entries with two numbers listed, the numbers in parentheses indicate the number of resources of the given type used by the specific entity alone. The numbers listed outside of parentheses indicate the total resources of the given type used by the specific entity and all of its sub-entities in the hierarchy.


+------------------------------------------------------+
; General Register Statistics                          ;
+----------------------------------------------+-------+
; Statistic                                    ; Value ;
+----------------------------------------------+-------+
; Total registers                              ; 0     ;
; Number of registers using Synchronous Clear  ; 0     ;
; Number of registers using Synchronous Load   ; 0     ;
; Number of registers using Asynchronous Clear ; 0     ;
; Number of registers using Asynchronous Load  ; 0     ;
; Number of registers using Clock Enable       ; 0     ;
; Number of registers using Preset             ; 0     ;
+----------------------------------------------+-------+


+-------------------------------------------------------------------------------------------------+
; Parameter Settings for User Entity Instance: Top-level Entity: |RISCV_5StagePipelined_Processor ;
+------------------+---------+--------------------------------------------------------------------+
; Parameter Name   ; Value   ; Type                                                               ;
+------------------+---------+--------------------------------------------------------------------+
; PC_WIDTH         ; 32      ; Signed Integer                                                     ;
; ADDR_WIDTH       ; 32      ; Signed Integer                                                     ;
; INST_WIDTH       ; 32      ; Signed Integer                                                     ;
; IMEM_DEPTH       ; 1024    ; Signed Integer                                                     ;
; OPCODE_R_TYPE    ; 0110011 ; Unsigned Binary                                                    ;
; OPCODE_I_TYPE    ; 0010011 ; Unsigned Binary                                                    ;
; OPCODE_S_TYPE    ; 0100011 ; Unsigned Binary                                                    ;
; OPCODE_L_TYPE    ; 0000011 ; Unsigned Binary                                                    ;
; OPCODE_B_TYPE    ; 1100011 ; Unsigned Binary                                                    ;
; OPCODE_J_TYPE    ; 1101111 ; Unsigned Binary                                                    ;
; OPCODE_JALR_TYPE ; 1100111 ; Unsigned Binary                                                    ;
; RESULTSRC_WIDTH  ; 2       ; Signed Integer                                                     ;
; ALUCONTROL_WIDTH ; 4       ; Signed Integer                                                     ;
; IMMSRC_WIDTH     ; 2       ; Signed Integer                                                     ;
; OPCODE_WIDTH     ; 7       ; Signed Integer                                                     ;
; FUNCT7_WIDTH     ; 7       ; Signed Integer                                                     ;
; FUNCT3_WIDTH     ; 3       ; Signed Integer                                                     ;
; NUM_REG          ; 32      ; Signed Integer                                                     ;
; REG_ADDR_WIDTH   ; 5       ; Signed Integer                                                     ;
; REG_WIDTH        ; 32      ; Signed Integer                                                     ;
; IMM_WIDTH        ; 32      ; Signed Integer                                                     ;
; OP_WIDTH         ; 32      ; Signed Integer                                                     ;
; ALU_RESULT_WIDTH ; 32      ; Signed Integer                                                     ;
; ADD_ALU          ; 0000    ; Unsigned Binary                                                    ;
; SUB_ALU          ; 0001    ; Unsigned Binary                                                    ;
; AND_ALU          ; 0010    ; Unsigned Binary                                                    ;
; OR_ALU           ; 0011    ; Unsigned Binary                                                    ;
; XOR_ALU          ; 0100    ; Unsigned Binary                                                    ;
; SLT_ALU          ; 0101    ; Unsigned Binary                                                    ;
; SLL_ALU          ; 0110    ; Unsigned Binary                                                    ;
; SRA_ALU          ; 0111    ; Unsigned Binary                                                    ;
; SGTe_ALU         ; 1000    ; Unsigned Binary                                                    ;
; EQUAL_ALU        ; 1001    ; Unsigned Binary                                                    ;
; NOT_EQUAL_ALU    ; 1010    ; Unsigned Binary                                                    ;
; SRL_ALU          ; 1011    ; Unsigned Binary                                                    ;
; SLTU_ALU         ; 1100    ; Unsigned Binary                                                    ;
; SGTeU_ALU        ; 1101    ; Unsigned Binary                                                    ;
; DATA_WIDTH       ; 32      ; Signed Integer                                                     ;
; DMEM_WIDTH       ; 32      ; Signed Integer                                                     ;
; DMEM_DEPTH       ; 64      ; Signed Integer                                                     ;
+------------------+---------+--------------------------------------------------------------------+
Note: In order to hide this table in the UI and the text report file, please set the "Show Parameter Settings in Synthesis Report" option in "Analysis and Synthesis Settings -> More Settings" to "Off".


+----------------------------------------------------------------------------+
; Parameter Settings for User Entity Instance: mux_2:mux_pctarget_or_pc_jalr ;
+----------------+-------+---------------------------------------------------+
; Parameter Name ; Value ; Type                                              ;
+----------------+-------+---------------------------------------------------+
; MUX_DATA_WIDTH ; 32    ; Signed Integer                                    ;
+----------------+-------+---------------------------------------------------+
Note: In order to hide this table in the UI and the text report file, please set the "Show Parameter Settings in Synthesis Report" option in "Analysis and Synthesis Settings -> More Settings" to "Off".


+--------------------------------------------------------------+
; Parameter Settings for User Entity Instance: mux_2:mux_pc_IF ;
+----------------+-------+-------------------------------------+
; Parameter Name ; Value ; Type                                ;
+----------------+-------+-------------------------------------+
; MUX_DATA_WIDTH ; 32    ; Signed Integer                      ;
+----------------+-------+-------------------------------------+
Note: In order to hide this table in the UI and the text report file, please set the "Show Parameter Settings in Synthesis Report" option in "Analysis and Synthesis Settings -> More Settings" to "Off".


+----------------------------------------------------------------------+
; Parameter Settings for User Entity Instance: IMem:instruction_memory ;
+----------------+-------+---------------------------------------------+
; Parameter Name ; Value ; Type                                        ;
+----------------+-------+---------------------------------------------+
; ADDR_WIDTH     ; 32    ; Signed Integer                              ;
; INST_WIDTH     ; 32    ; Signed Integer                              ;
; IMEM_DEPTH     ; 1024  ; Signed Integer                              ;
+----------------+-------+---------------------------------------------+
Note: In order to hide this table in the UI and the text report file, please set the "Show Parameter Settings in Synthesis Report" option in "Analysis and Synthesis Settings -> More Settings" to "Off".


+------------------------------------------------------------------+
; Parameter Settings for User Entity Instance: reg_IF_ID:reg_IF_ID ;
+----------------+-------+-----------------------------------------+
; Parameter Name ; Value ; Type                                    ;
+----------------+-------+-----------------------------------------+
; INST_WIDTH     ; 32    ; Signed Integer                          ;
; PC_WIDTH       ; 32    ; Signed Integer                          ;
+----------------+-------+-----------------------------------------+
Note: In order to hide this table in the UI and the text report file, please set the "Show Parameter Settings in Synthesis Report" option in "Analysis and Synthesis Settings -> More Settings" to "Off".


+----------------------------------------------------------+
; Parameter Settings for User Entity Instance: adder:adder ;
+------------------+-------+-------------------------------+
; Parameter Name   ; Value ; Type                          ;
+------------------+-------+-------------------------------+
; ADDER_DATA_WIDTH ; 32    ; Signed Integer                ;
+------------------+-------+-------------------------------+
Note: In order to hide this table in the UI and the text report file, please set the "Show Parameter Settings in Synthesis Report" option in "Analysis and Synthesis Settings -> More Settings" to "Off".


+------------------------------------------------------------------------+
; Parameter Settings for User Entity Instance: control_unit:control_unit ;
+------------------+-------+---------------------------------------------+
; Parameter Name   ; Value ; Type                                        ;
+------------------+-------+---------------------------------------------+
; RESULTSRC_WIDTH  ; 2     ; Signed Integer                              ;
; ALUCONTROL_WIDTH ; 4     ; Signed Integer                              ;
; IMMSRC_WIDTH     ; 2     ; Signed Integer                              ;
; OPCODE_WIDTH     ; 7     ; Signed Integer                              ;
; FUNCT7_WIDTH     ; 7     ; Signed Integer                              ;
; FUNCT3_WIDTH     ; 3     ; Signed Integer                              ;
+------------------+-------+---------------------------------------------+
Note: In order to hide this table in the UI and the text report file, please set the "Show Parameter Settings in Synthesis Report" option in "Analysis and Synthesis Settings -> More Settings" to "Off".


+--------------------------------------------------------------------------------------------------+
; Parameter Settings for User Entity Instance: control_unit:control_unit|main_decoder:main_decoder ;
+-----------------+-------+------------------------------------------------------------------------+
; Parameter Name  ; Value ; Type                                                                   ;
+-----------------+-------+------------------------------------------------------------------------+
; RESULTSRC_WIDTH ; 2     ; Signed Integer                                                         ;
; OPCODE_WIDTH    ; 7     ; Signed Integer                                                         ;
; IMM_SRC_WIDTH   ; 2     ; Signed Integer                                                         ;
; ALU_OP_WIDTH    ; 2     ; Signed Integer                                                         ;
+-----------------+-------+------------------------------------------------------------------------+
Note: In order to hide this table in the UI and the text report file, please set the "Show Parameter Settings in Synthesis Report" option in "Analysis and Synthesis Settings -> More Settings" to "Off".


+------------------------------------------------------------------------------------------------+
; Parameter Settings for User Entity Instance: control_unit:control_unit|ALU_decoder:alu_decoder ;
+------------------+-------+---------------------------------------------------------------------+
; Parameter Name   ; Value ; Type                                                                ;
+------------------+-------+---------------------------------------------------------------------+
; ADD_ALU          ; 0000  ; Unsigned Binary                                                     ;
; SUB_ALU          ; 0001  ; Unsigned Binary                                                     ;
; AND_ALU          ; 0010  ; Unsigned Binary                                                     ;
; OR_ALU           ; 0011  ; Unsigned Binary                                                     ;
; XOR_ALU          ; 0100  ; Unsigned Binary                                                     ;
; SLT_ALU          ; 0101  ; Unsigned Binary                                                     ;
; SLL_ALU          ; 0110  ; Unsigned Binary                                                     ;
; SRA_ALU          ; 0111  ; Unsigned Binary                                                     ;
; SGTe_ALU         ; 1000  ; Unsigned Binary                                                     ;
; EQUAL_ALU        ; 1001  ; Unsigned Binary                                                     ;
; NOT_EQUAL_ALU    ; 1010  ; Unsigned Binary                                                     ;
; SRL_ALU          ; 1011  ; Unsigned Binary                                                     ;
; SLTU_ALU         ; 1100  ; Unsigned Binary                                                     ;
; SGTeU_ALU        ; 1101  ; Unsigned Binary                                                     ;
; ALUCONTROL_WIDTH ; 4     ; Signed Integer                                                      ;
; FUNCT3_WIDTH     ; 3     ; Signed Integer                                                      ;
; FUNCT7_WIDTH     ; 7     ; Signed Integer                                                      ;
; ALU_OP_WIDTH     ; 2     ; Signed Integer                                                      ;
+------------------+-------+---------------------------------------------------------------------+
Note: In order to hide this table in the UI and the text report file, please set the "Show Parameter Settings in Synthesis Report" option in "Analysis and Synthesis Settings -> More Settings" to "Off".


+----------------------------------------------------------------+
; Parameter Settings for User Entity Instance: reg_file:reg_file ;
+----------------+-------+---------------------------------------+
; Parameter Name ; Value ; Type                                  ;
+----------------+-------+---------------------------------------+
; NUM_REG        ; 32    ; Signed Integer                        ;
; REG_ADDR_WIDTH ; 5     ; Signed Integer                        ;
; REG_WIDTH      ; 32    ; Signed Integer                        ;
+----------------+-------+---------------------------------------+
Note: In order to hide this table in the UI and the text report file, please set the "Show Parameter Settings in Synthesis Report" option in "Analysis and Synthesis Settings -> More Settings" to "Off".


+--------------------------------------------------------------+
; Parameter Settings for User Entity Instance: imm_ext:imm_ext ;
+----------------+-------+-------------------------------------+
; Parameter Name ; Value ; Type                                ;
+----------------+-------+-------------------------------------+
; INST_WIDTH     ; 32    ; Signed Integer                      ;
; IMM_WIDTH      ; 32    ; Signed Integer                      ;
; FUNCT3_WIDTH   ; 3     ; Signed Integer                      ;
+----------------+-------+-------------------------------------+
Note: In order to hide this table in the UI and the text report file, please set the "Show Parameter Settings in Synthesis Report" option in "Analysis and Synthesis Settings -> More Settings" to "Off".


+------------------------------------------------------------------+
; Parameter Settings for User Entity Instance: reg_ID_EX:reg_ID_EX ;
+------------------+-------+---------------------------------------+
; Parameter Name   ; Value ; Type                                  ;
+------------------+-------+---------------------------------------+
; RESULTSRC_WIDTH  ; 2     ; Signed Integer                        ;
; ALUCONTROL_WIDTH ; 4     ; Signed Integer                        ;
; IMMSRC_WIDTH     ; 2     ; Signed Integer                        ;
; REG_ADDR_WIDTH   ; 5     ; Signed Integer                        ;
; REG_WIDTH        ; 32    ; Signed Integer                        ;
; IMM_WIDTH        ; 32    ; Signed Integer                        ;
; PC_WIDTH         ; 32    ; Signed Integer                        ;
; OPCODE_WIDTH     ; 7     ; Signed Integer                        ;
; FUNCT7_WIDTH     ; 7     ; Signed Integer                        ;
; FUNCT3_WIDTH     ; 3     ; Signed Integer                        ;
+------------------+-------+---------------------------------------+
Note: In order to hide this table in the UI and the text report file, please set the "Show Parameter Settings in Synthesis Report" option in "Analysis and Synthesis Settings -> More Settings" to "Off".


+------------------------------------------------------+
; Parameter Settings for User Entity Instance: alu:alu ;
+------------------+-------+---------------------------+
; Parameter Name   ; Value ; Type                      ;
+------------------+-------+---------------------------+
; OP_WIDTH         ; 32    ; Signed Integer            ;
; ALUCONTROL_WIDTH ; 4     ; Signed Integer            ;
; ALU_RESULT_WIDTH ; 32    ; Signed Integer            ;
; ADD_ALU          ; 0000  ; Unsigned Binary           ;
; SUB_ALU          ; 0001  ; Unsigned Binary           ;
; AND_ALU          ; 0010  ; Unsigned Binary           ;
; OR_ALU           ; 0011  ; Unsigned Binary           ;
; XOR_ALU          ; 0100  ; Unsigned Binary           ;
; SLT_ALU          ; 0101  ; Unsigned Binary           ;
; SLL_ALU          ; 0110  ; Unsigned Binary           ;
; SRA_ALU          ; 0111  ; Unsigned Binary           ;
; SGTe_ALU         ; 1000  ; Unsigned Binary           ;
; EQUAL_ALU        ; 1001  ; Unsigned Binary           ;
; NOT_EQUAL_ALU    ; 1010  ; Unsigned Binary           ;
; SRL_ALU          ; 1011  ; Unsigned Binary           ;
; SLTU_ALU         ; 1100  ; Unsigned Binary           ;
; SGTeU_ALU        ; 1101  ; Unsigned Binary           ;
+------------------+-------+---------------------------+
Note: In order to hide this table in the UI and the text report file, please set the "Show Parameter Settings in Synthesis Report" option in "Analysis and Synthesis Settings -> More Settings" to "Off".


+--------------------------------------------------------------------+
; Parameter Settings for User Entity Instance: reg_EX_MEM:reg_EX_MEM ;
+------------------+-------+-----------------------------------------+
; Parameter Name   ; Value ; Type                                    ;
+------------------+-------+-----------------------------------------+
; RESULTSRC_WIDTH  ; 2     ; Signed Integer                          ;
; ALU_RESULT_WIDTH ; 32    ; Signed Integer                          ;
; REG_ADDR_WIDTH   ; 5     ; Signed Integer                          ;
; PC_WIDTH         ; 32    ; Signed Integer                          ;
; DATA_WIDTH       ; 32    ; Signed Integer                          ;
; OPCODE_WIDTH     ; 7     ; Signed Integer                          ;
; FUNCT7_WIDTH     ; 7     ; Signed Integer                          ;
; FUNCT3_WIDTH     ; 3     ; Signed Integer                          ;
+------------------+-------+-----------------------------------------+
Note: In order to hide this table in the UI and the text report file, please set the "Show Parameter Settings in Synthesis Report" option in "Analysis and Synthesis Settings -> More Settings" to "Off".


+--------------------------------------------------------+
; Parameter Settings for User Entity Instance: DMem:dmem ;
+----------------+-------+-------------------------------+
; Parameter Name ; Value ; Type                          ;
+----------------+-------+-------------------------------+
; ADDR_WIDTH     ; 32    ; Signed Integer                ;
; DMEM_WIDTH     ; 32    ; Signed Integer                ;
; DMEM_DEPTH     ; 64    ; Signed Integer                ;
+----------------+-------+-------------------------------+
Note: In order to hide this table in the UI and the text report file, please set the "Show Parameter Settings in Synthesis Report" option in "Analysis and Synthesis Settings -> More Settings" to "Off".


+--------------------------------------------------------------------+
; Parameter Settings for User Entity Instance: reg_MEM_WB:reg_MEM_WB ;
+------------------+-------+-----------------------------------------+
; Parameter Name   ; Value ; Type                                    ;
+------------------+-------+-----------------------------------------+
; RESULTSRC_WIDTH  ; 2     ; Signed Integer                          ;
; REG_ADDR_WIDTH   ; 5     ; Signed Integer                          ;
; ALU_RESULT_WIDTH ; 32    ; Signed Integer                          ;
; DATA_WIDTH       ; 32    ; Signed Integer                          ;
; PC_WIDTH         ; 32    ; Signed Integer                          ;
; OPCODE_WIDTH     ; 7     ; Signed Integer                          ;
; FUNCT3_WIDTH     ; 3     ; Signed Integer                          ;
+------------------+-------+-----------------------------------------+
Note: In order to hide this table in the UI and the text report file, please set the "Show Parameter Settings in Synthesis Report" option in "Analysis and Synthesis Settings -> More Settings" to "Off".


+----------------------------------------------------------------------+
; Parameter Settings for User Entity Instance: hazard_unit:hazard_unit ;
+-----------------+-------+--------------------------------------------+
; Parameter Name  ; Value ; Type                                       ;
+-----------------+-------+--------------------------------------------+
; REG_ADDR_WIDTH  ; 5     ; Signed Integer                             ;
; RESULTSRC_WIDTH ; 2     ; Signed Integer                             ;
+-----------------+-------+--------------------------------------------+
Note: In order to hide this table in the UI and the text report file, please set the "Show Parameter Settings in Synthesis Report" option in "Analysis and Synthesis Settings -> More Settings" to "Off".


+--------------------------------------------------------------------------------------------------------------------+
; Port Connectivity Checks: "reg_EX_MEM:reg_EX_MEM"                                                                  ;
+----------+--------+----------+-------------------------------------------------------------------------------------+
; Port     ; Type   ; Severity ; Details                                                                             ;
+----------+--------+----------+-------------------------------------------------------------------------------------+
; funct7_M ; Output ; Info     ; Connected to dangling logic. Logic that only feeds a dangling port will be removed. ;
+----------+--------+----------+-------------------------------------------------------------------------------------+


+--------------------------------------------------------------------------------------------------------------------+
; Port Connectivity Checks: "control_unit:control_unit"                                                              ;
+----------+--------+----------+-------------------------------------------------------------------------------------+
; Port     ; Type   ; Severity ; Details                                                                             ;
+----------+--------+----------+-------------------------------------------------------------------------------------+
; ImmSrc_D ; Output ; Info     ; Connected to dangling logic. Logic that only feeds a dangling port will be removed. ;
+----------+--------+----------+-------------------------------------------------------------------------------------+


+----------------------------------------------+
; Port Connectivity Checks: "adder:adder"      ;
+------------+-------+----------+--------------+
; Port       ; Type  ; Severity ; Details      ;
+------------+-------+----------+--------------+
; opB[31..1] ; Input ; Info     ; Stuck at GND ;
; opB[0]     ; Input ; Info     ; Stuck at VCC ;
+------------+-------+----------+--------------+


+-----------------------------------------------------+
; Post-Synthesis Netlist Statistics for Top Partition ;
+-------------------+---------------------------------+
; Type              ; Count                           ;
+-------------------+---------------------------------+
; boundary_port     ; 2                               ;
;                   ;                                 ;
; Max LUT depth     ; 0.00                            ;
; Average LUT depth ; 0.00                            ;
+-------------------+---------------------------------+


+-------------------------------+
; Elapsed Time Per Partition    ;
+----------------+--------------+
; Partition Name ; Elapsed Time ;
+----------------+--------------+
; Top            ; 00:00:00     ;
+----------------+--------------+


+-------------------------------+
; Analysis & Synthesis Messages ;
+-------------------------------+
Info: *******************************************************************
Info: Running Quartus Prime Analysis & Synthesis
    Info: Version 23.1std.0 Build 991 11/28/2023 SC Lite Edition
    Info: Processing started: Mon Aug 12 10:34:43 2024
Info: Command: quartus_map --read_settings_files=on --write_settings_files=off RISCV_5StagePipelined_Processor -c RISCV_5StagePipelined_Processor
Warning (18236): Number of processors has not been specified which may cause overloading on shared machines.  Set the global assignment NUM_PARALLEL_PROCESSORS in your QSF to an appropriate value for best performance.
Info (20030): Parallel compilation is enabled and will use 4 of the 4 processors detected
Info (12021): Found 2 design units, including 2 entities, in source file imem.v
    Info (12023): Found entity 1: IMem File: D:/Verilog project/DigitalDesign/DigitalDesign/RISCV_5StagePipelined_Processor/IMem.v Line: 1
    Info (12023): Found entity 2: Memory_instruction_tb File: D:/Verilog project/DigitalDesign/DigitalDesign/RISCV_5StagePipelined_Processor/IMem.v Line: 50
Info (12021): Found 1 design units, including 1 entities, in source file dmem.v
    Info (12023): Found entity 1: DMem File: D:/Verilog project/DigitalDesign/DigitalDesign/RISCV_5StagePipelined_Processor/DMem.v Line: 1
Info (12021): Found 1 design units, including 1 entities, in source file hazard_unit.v
    Info (12023): Found entity 1: hazard_unit File: D:/Verilog project/DigitalDesign/DigitalDesign/RISCV_5StagePipelined_Processor/hazard_unit.v Line: 1
Warning (12019): Can't analyze file -- file stage_IF.v is missing
Warning (12019): Can't analyze file -- file stage_ID.v is missing
Warning (12019): Can't analyze file -- file stage_EX.v is missing
Warning (12019): Can't analyze file -- file stage_MEM.v is missing
Warning (12019): Can't analyze file -- file stage_WB.v is missing
Info (12021): Found 1 design units, including 1 entities, in source file reg_file.v
    Info (12023): Found entity 1: reg_file File: D:/Verilog project/DigitalDesign/DigitalDesign/RISCV_5StagePipelined_Processor/reg_file.v Line: 1
Info (12021): Found 1 design units, including 1 entities, in source file reg_if_id.v
    Info (12023): Found entity 1: reg_IF_ID File: D:/Verilog project/DigitalDesign/DigitalDesign/RISCV_5StagePipelined_Processor/reg_IF_ID.v Line: 1
Info (12021): Found 1 design units, including 1 entities, in source file reg_id_ex.v
    Info (12023): Found entity 1: reg_ID_EX File: D:/Verilog project/DigitalDesign/DigitalDesign/RISCV_5StagePipelined_Processor/reg_ID_EX.v Line: 1
Info (12021): Found 1 design units, including 1 entities, in source file reg_ex_mem.v
    Info (12023): Found entity 1: reg_EX_MEM File: D:/Verilog project/DigitalDesign/DigitalDesign/RISCV_5StagePipelined_Processor/reg_EX_MEM.v Line: 1
Info (12021): Found 1 design units, including 1 entities, in source file reg_mem_wb.v
    Info (12023): Found entity 1: reg_MEM_WB File: D:/Verilog project/DigitalDesign/DigitalDesign/RISCV_5StagePipelined_Processor/reg_MEM_WB.v Line: 1
Info (12021): Found 1 design units, including 1 entities, in source file control_unit.v
    Info (12023): Found entity 1: control_unit File: D:/Verilog project/DigitalDesign/DigitalDesign/RISCV_5StagePipelined_Processor/control_unit.v Line: 1
Info (12021): Found 1 design units, including 1 entities, in source file alu_decoder.v
    Info (12023): Found entity 1: ALU_decoder File: D:/Verilog project/DigitalDesign/DigitalDesign/RISCV_5StagePipelined_Processor/ALU_decoder.v Line: 1
Info (12021): Found 1 design units, including 1 entities, in source file main_decoder.v
    Info (12023): Found entity 1: main_decoder File: D:/Verilog project/DigitalDesign/DigitalDesign/RISCV_5StagePipelined_Processor/main_decoder.v Line: 1
Info (12021): Found 1 design units, including 1 entities, in source file imm_ext.v
    Info (12023): Found entity 1: imm_ext File: D:/Verilog project/DigitalDesign/DigitalDesign/RISCV_5StagePipelined_Processor/imm_ext.v Line: 1
Info (12021): Found 1 design units, including 1 entities, in source file alu.v
    Info (12023): Found entity 1: alu File: D:/Verilog project/DigitalDesign/DigitalDesign/RISCV_5StagePipelined_Processor/alu.v Line: 1
Info (12021): Found 1 design units, including 1 entities, in source file riscv_5stagepipelined_processor.v
    Info (12023): Found entity 1: RISCV_5StagePipelined_Processor File: D:/Verilog project/DigitalDesign/DigitalDesign/RISCV_5StagePipelined_Processor/RISCV_5StagePipelined_Processor.v Line: 1
Info (12021): Found 1 design units, including 1 entities, in source file mux_2.v
    Info (12023): Found entity 1: mux_2 File: D:/Verilog project/DigitalDesign/DigitalDesign/RISCV_5StagePipelined_Processor/mux_2.v Line: 1
Info (12021): Found 1 design units, including 1 entities, in source file adder.v
    Info (12023): Found entity 1: adder File: D:/Verilog project/DigitalDesign/DigitalDesign/RISCV_5StagePipelined_Processor/adder.v Line: 1
Info (12021): Found 1 design units, including 1 entities, in source file riscv_5stagepipelined_processor_tb.v
    Info (12023): Found entity 1: RISCV_5StagePipelined_Processor_tb File: D:/Verilog project/DigitalDesign/DigitalDesign/RISCV_5StagePipelined_Processor/RISCV_5StagePipelined_Processor_tb.v Line: 2
Info (12127): Elaborating entity "RISCV_5StagePipelined_Processor" for the top level hierarchy
Warning (10240): Verilog HDL Always Construct warning at RISCV_5StagePipelined_Processor.v(242): inferring latch(es) for variable "funct3", which holds its previous value in one or more paths through the always construct File: D:/Verilog project/DigitalDesign/DigitalDesign/RISCV_5StagePipelined_Processor/RISCV_5StagePipelined_Processor.v Line: 242
Warning (10240): Verilog HDL Always Construct warning at RISCV_5StagePipelined_Processor.v(242): inferring latch(es) for variable "funct7", which holds its previous value in one or more paths through the always construct File: D:/Verilog project/DigitalDesign/DigitalDesign/RISCV_5StagePipelined_Processor/RISCV_5StagePipelined_Processor.v Line: 242
Warning (10240): Verilog HDL Always Construct warning at RISCV_5StagePipelined_Processor.v(242): inferring latch(es) for variable "rs1_D", which holds its previous value in one or more paths through the always construct File: D:/Verilog project/DigitalDesign/DigitalDesign/RISCV_5StagePipelined_Processor/RISCV_5StagePipelined_Processor.v Line: 242
Warning (10240): Verilog HDL Always Construct warning at RISCV_5StagePipelined_Processor.v(242): inferring latch(es) for variable "rs2_D", which holds its previous value in one or more paths through the always construct File: D:/Verilog project/DigitalDesign/DigitalDesign/RISCV_5StagePipelined_Processor/RISCV_5StagePipelined_Processor.v Line: 242
Warning (10240): Verilog HDL Always Construct warning at RISCV_5StagePipelined_Processor.v(242): inferring latch(es) for variable "rd_D", which holds its previous value in one or more paths through the always construct File: D:/Verilog project/DigitalDesign/DigitalDesign/RISCV_5StagePipelined_Processor/RISCV_5StagePipelined_Processor.v Line: 242
Warning (10230): Verilog HDL assignment warning at RISCV_5StagePipelined_Processor.v(396): truncated value with size 32 to match size of target (1) File: D:/Verilog project/DigitalDesign/DigitalDesign/RISCV_5StagePipelined_Processor/RISCV_5StagePipelined_Processor.v Line: 396
Info (10041): Inferred latch for "rd_D[0]" at RISCV_5StagePipelined_Processor.v(242) File: D:/Verilog project/DigitalDesign/DigitalDesign/RISCV_5StagePipelined_Processor/RISCV_5StagePipelined_Processor.v Line: 242
Info (10041): Inferred latch for "rd_D[1]" at RISCV_5StagePipelined_Processor.v(242) File: D:/Verilog project/DigitalDesign/DigitalDesign/RISCV_5StagePipelined_Processor/RISCV_5StagePipelined_Processor.v Line: 242
Info (10041): Inferred latch for "rd_D[2]" at RISCV_5StagePipelined_Processor.v(242) File: D:/Verilog project/DigitalDesign/DigitalDesign/RISCV_5StagePipelined_Processor/RISCV_5StagePipelined_Processor.v Line: 242
Info (10041): Inferred latch for "rd_D[3]" at RISCV_5StagePipelined_Processor.v(242) File: D:/Verilog project/DigitalDesign/DigitalDesign/RISCV_5StagePipelined_Processor/RISCV_5StagePipelined_Processor.v Line: 242
Info (10041): Inferred latch for "rd_D[4]" at RISCV_5StagePipelined_Processor.v(242) File: D:/Verilog project/DigitalDesign/DigitalDesign/RISCV_5StagePipelined_Processor/RISCV_5StagePipelined_Processor.v Line: 242
Info (10041): Inferred latch for "rs2_D[0]" at RISCV_5StagePipelined_Processor.v(242) File: D:/Verilog project/DigitalDesign/DigitalDesign/RISCV_5StagePipelined_Processor/RISCV_5StagePipelined_Processor.v Line: 242
Info (10041): Inferred latch for "rs2_D[1]" at RISCV_5StagePipelined_Processor.v(242) File: D:/Verilog project/DigitalDesign/DigitalDesign/RISCV_5StagePipelined_Processor/RISCV_5StagePipelined_Processor.v Line: 242
Info (10041): Inferred latch for "rs2_D[2]" at RISCV_5StagePipelined_Processor.v(242) File: D:/Verilog project/DigitalDesign/DigitalDesign/RISCV_5StagePipelined_Processor/RISCV_5StagePipelined_Processor.v Line: 242
Info (10041): Inferred latch for "rs2_D[3]" at RISCV_5StagePipelined_Processor.v(242) File: D:/Verilog project/DigitalDesign/DigitalDesign/RISCV_5StagePipelined_Processor/RISCV_5StagePipelined_Processor.v Line: 242
Info (10041): Inferred latch for "rs2_D[4]" at RISCV_5StagePipelined_Processor.v(242) File: D:/Verilog project/DigitalDesign/DigitalDesign/RISCV_5StagePipelined_Processor/RISCV_5StagePipelined_Processor.v Line: 242
Info (10041): Inferred latch for "rs1_D[0]" at RISCV_5StagePipelined_Processor.v(242) File: D:/Verilog project/DigitalDesign/DigitalDesign/RISCV_5StagePipelined_Processor/RISCV_5StagePipelined_Processor.v Line: 242
Info (10041): Inferred latch for "rs1_D[1]" at RISCV_5StagePipelined_Processor.v(242) File: D:/Verilog project/DigitalDesign/DigitalDesign/RISCV_5StagePipelined_Processor/RISCV_5StagePipelined_Processor.v Line: 242
Info (10041): Inferred latch for "rs1_D[2]" at RISCV_5StagePipelined_Processor.v(242) File: D:/Verilog project/DigitalDesign/DigitalDesign/RISCV_5StagePipelined_Processor/RISCV_5StagePipelined_Processor.v Line: 242
Info (10041): Inferred latch for "rs1_D[3]" at RISCV_5StagePipelined_Processor.v(242) File: D:/Verilog project/DigitalDesign/DigitalDesign/RISCV_5StagePipelined_Processor/RISCV_5StagePipelined_Processor.v Line: 242
Info (10041): Inferred latch for "rs1_D[4]" at RISCV_5StagePipelined_Processor.v(242) File: D:/Verilog project/DigitalDesign/DigitalDesign/RISCV_5StagePipelined_Processor/RISCV_5StagePipelined_Processor.v Line: 242
Info (10041): Inferred latch for "funct7[0]" at RISCV_5StagePipelined_Processor.v(242) File: D:/Verilog project/DigitalDesign/DigitalDesign/RISCV_5StagePipelined_Processor/RISCV_5StagePipelined_Processor.v Line: 242
Info (10041): Inferred latch for "funct7[1]" at RISCV_5StagePipelined_Processor.v(242) File: D:/Verilog project/DigitalDesign/DigitalDesign/RISCV_5StagePipelined_Processor/RISCV_5StagePipelined_Processor.v Line: 242
Info (10041): Inferred latch for "funct7[2]" at RISCV_5StagePipelined_Processor.v(242) File: D:/Verilog project/DigitalDesign/DigitalDesign/RISCV_5StagePipelined_Processor/RISCV_5StagePipelined_Processor.v Line: 242
Info (10041): Inferred latch for "funct7[3]" at RISCV_5StagePipelined_Processor.v(242) File: D:/Verilog project/DigitalDesign/DigitalDesign/RISCV_5StagePipelined_Processor/RISCV_5StagePipelined_Processor.v Line: 242
Info (10041): Inferred latch for "funct7[4]" at RISCV_5StagePipelined_Processor.v(242) File: D:/Verilog project/DigitalDesign/DigitalDesign/RISCV_5StagePipelined_Processor/RISCV_5StagePipelined_Processor.v Line: 242
Info (10041): Inferred latch for "funct7[5]" at RISCV_5StagePipelined_Processor.v(242) File: D:/Verilog project/DigitalDesign/DigitalDesign/RISCV_5StagePipelined_Processor/RISCV_5StagePipelined_Processor.v Line: 242
Info (10041): Inferred latch for "funct7[6]" at RISCV_5StagePipelined_Processor.v(242) File: D:/Verilog project/DigitalDesign/DigitalDesign/RISCV_5StagePipelined_Processor/RISCV_5StagePipelined_Processor.v Line: 242
Info (10041): Inferred latch for "funct3[0]" at RISCV_5StagePipelined_Processor.v(242) File: D:/Verilog project/DigitalDesign/DigitalDesign/RISCV_5StagePipelined_Processor/RISCV_5StagePipelined_Processor.v Line: 242
Info (10041): Inferred latch for "funct3[1]" at RISCV_5StagePipelined_Processor.v(242) File: D:/Verilog project/DigitalDesign/DigitalDesign/RISCV_5StagePipelined_Processor/RISCV_5StagePipelined_Processor.v Line: 242
Info (10041): Inferred latch for "funct3[2]" at RISCV_5StagePipelined_Processor.v(242) File: D:/Verilog project/DigitalDesign/DigitalDesign/RISCV_5StagePipelined_Processor/RISCV_5StagePipelined_Processor.v Line: 242
Info (12128): Elaborating entity "mux_2" for hierarchy "mux_2:mux_pctarget_or_pc_jalr" File: D:/Verilog project/DigitalDesign/DigitalDesign/RISCV_5StagePipelined_Processor/RISCV_5StagePipelined_Processor.v Line: 170
Info (12128): Elaborating entity "IMem" for hierarchy "IMem:instruction_memory" File: D:/Verilog project/DigitalDesign/DigitalDesign/RISCV_5StagePipelined_Processor/RISCV_5StagePipelined_Processor.v Line: 208
Warning (10030): Net "memory_ins.data_a" at IMem.v(9) has no driver or initial value, using a default initial value '0' File: D:/Verilog project/DigitalDesign/DigitalDesign/RISCV_5StagePipelined_Processor/IMem.v Line: 9
Warning (10030): Net "memory_ins.waddr_a" at IMem.v(9) has no driver or initial value, using a default initial value '0' File: D:/Verilog project/DigitalDesign/DigitalDesign/RISCV_5StagePipelined_Processor/IMem.v Line: 9
Warning (10030): Net "memory_ins.we_a" at IMem.v(9) has no driver or initial value, using a default initial value '0' File: D:/Verilog project/DigitalDesign/DigitalDesign/RISCV_5StagePipelined_Processor/IMem.v Line: 9
Info (12128): Elaborating entity "reg_IF_ID" for hierarchy "reg_IF_ID:reg_IF_ID" File: D:/Verilog project/DigitalDesign/DigitalDesign/RISCV_5StagePipelined_Processor/RISCV_5StagePipelined_Processor.v Line: 224
Info (12128): Elaborating entity "adder" for hierarchy "adder:adder" File: D:/Verilog project/DigitalDesign/DigitalDesign/RISCV_5StagePipelined_Processor/RISCV_5StagePipelined_Processor.v Line: 232
Info (12128): Elaborating entity "control_unit" for hierarchy "control_unit:control_unit" File: D:/Verilog project/DigitalDesign/DigitalDesign/RISCV_5StagePipelined_Processor/RISCV_5StagePipelined_Processor.v Line: 309
Info (12128): Elaborating entity "main_decoder" for hierarchy "control_unit:control_unit|main_decoder:main_decoder" File: D:/Verilog project/DigitalDesign/DigitalDesign/RISCV_5StagePipelined_Processor/control_unit.v Line: 37
Warning (10240): Verilog HDL Always Construct warning at main_decoder.v(19): inferring latch(es) for variable "ResultSrc", which holds its previous value in one or more paths through the always construct File: D:/Verilog project/DigitalDesign/DigitalDesign/RISCV_5StagePipelined_Processor/main_decoder.v Line: 19
Info (10041): Inferred latch for "ResultSrc[0]" at main_decoder.v(19) File: D:/Verilog project/DigitalDesign/DigitalDesign/RISCV_5StagePipelined_Processor/main_decoder.v Line: 19
Info (10041): Inferred latch for "ResultSrc[1]" at main_decoder.v(19) File: D:/Verilog project/DigitalDesign/DigitalDesign/RISCV_5StagePipelined_Processor/main_decoder.v Line: 19
Info (12128): Elaborating entity "ALU_decoder" for hierarchy "control_unit:control_unit|ALU_decoder:alu_decoder" File: D:/Verilog project/DigitalDesign/DigitalDesign/RISCV_5StagePipelined_Processor/control_unit.v Line: 44
Warning (10270): Verilog HDL Case Statement warning at ALU_decoder.v(34): incomplete case statement has no default case item File: D:/Verilog project/DigitalDesign/DigitalDesign/RISCV_5StagePipelined_Processor/ALU_decoder.v Line: 34
Warning (10270): Verilog HDL Case Statement warning at ALU_decoder.v(130): incomplete case statement has no default case item File: D:/Verilog project/DigitalDesign/DigitalDesign/RISCV_5StagePipelined_Processor/ALU_decoder.v Line: 130
Warning (10240): Verilog HDL Always Construct warning at ALU_decoder.v(33): inferring latch(es) for variable "ALUControl", which holds its previous value in one or more paths through the always construct File: D:/Verilog project/DigitalDesign/DigitalDesign/RISCV_5StagePipelined_Processor/ALU_decoder.v Line: 33
Info (10041): Inferred latch for "ALUControl[0]" at ALU_decoder.v(80) File: D:/Verilog project/DigitalDesign/DigitalDesign/RISCV_5StagePipelined_Processor/ALU_decoder.v Line: 80
Info (10041): Inferred latch for "ALUControl[1]" at ALU_decoder.v(80) File: D:/Verilog project/DigitalDesign/DigitalDesign/RISCV_5StagePipelined_Processor/ALU_decoder.v Line: 80
Info (10041): Inferred latch for "ALUControl[2]" at ALU_decoder.v(80) File: D:/Verilog project/DigitalDesign/DigitalDesign/RISCV_5StagePipelined_Processor/ALU_decoder.v Line: 80
Info (10041): Inferred latch for "ALUControl[3]" at ALU_decoder.v(80) File: D:/Verilog project/DigitalDesign/DigitalDesign/RISCV_5StagePipelined_Processor/ALU_decoder.v Line: 80
Info (12128): Elaborating entity "reg_file" for hierarchy "reg_file:reg_file" File: D:/Verilog project/DigitalDesign/DigitalDesign/RISCV_5StagePipelined_Processor/RISCV_5StagePipelined_Processor.v Line: 325
Warning (10240): Verilog HDL Always Construct warning at reg_file.v(32): inferring latch(es) for variable "i", which holds its previous value in one or more paths through the always construct File: D:/Verilog project/DigitalDesign/DigitalDesign/RISCV_5StagePipelined_Processor/reg_file.v Line: 32
Info (12128): Elaborating entity "imm_ext" for hierarchy "imm_ext:imm_ext" File: D:/Verilog project/DigitalDesign/DigitalDesign/RISCV_5StagePipelined_Processor/RISCV_5StagePipelined_Processor.v Line: 334
Info (12128): Elaborating entity "reg_ID_EX" for hierarchy "reg_ID_EX:reg_ID_EX" File: D:/Verilog project/DigitalDesign/DigitalDesign/RISCV_5StagePipelined_Processor/RISCV_5StagePipelined_Processor.v Line: 390
Info (12128): Elaborating entity "alu" for hierarchy "alu:alu" File: D:/Verilog project/DigitalDesign/DigitalDesign/RISCV_5StagePipelined_Processor/RISCV_5StagePipelined_Processor.v Line: 429
Info (12128): Elaborating entity "reg_EX_MEM" for hierarchy "reg_EX_MEM:reg_EX_MEM" File: D:/Verilog project/DigitalDesign/DigitalDesign/RISCV_5StagePipelined_Processor/RISCV_5StagePipelined_Processor.v Line: 464
Info (12128): Elaborating entity "DMem" for hierarchy "DMem:dmem" File: D:/Verilog project/DigitalDesign/DigitalDesign/RISCV_5StagePipelined_Processor/RISCV_5StagePipelined_Processor.v Line: 480
Warning (10240): Verilog HDL Always Construct warning at DMem.v(19): inferring latch(es) for variable "i", which holds its previous value in one or more paths through the always construct File: D:/Verilog project/DigitalDesign/DigitalDesign/RISCV_5StagePipelined_Processor/DMem.v Line: 19
Info (12128): Elaborating entity "reg_MEM_WB" for hierarchy "reg_MEM_WB:reg_MEM_WB" File: D:/Verilog project/DigitalDesign/DigitalDesign/RISCV_5StagePipelined_Processor/RISCV_5StagePipelined_Processor.v Line: 505
Info (12128): Elaborating entity "hazard_unit" for hierarchy "hazard_unit:hazard_unit" File: D:/Verilog project/DigitalDesign/DigitalDesign/RISCV_5StagePipelined_Processor/RISCV_5StagePipelined_Processor.v Line: 535
Info (144001): Generated suppressed messages file D:/Verilog project/DigitalDesign/DigitalDesign/RISCV_5StagePipelined_Processor/output_files/RISCV_5StagePipelined_Processor.map.smsg
Info (16010): Generating hard_block partition "hard_block:auto_generated_inst"
    Info (16011): Adding 0 node(s), including 0 DDIO, 0 PLL, 0 transceiver and 0 LCELL
Warning (21074): Design contains 2 input pin(s) that do not drive logic
    Warning (15610): No output dependent on input pin "clk" File: D:/Verilog project/DigitalDesign/DigitalDesign/RISCV_5StagePipelined_Processor/RISCV_5StagePipelined_Processor.v Line: 2
    Warning (15610): No output dependent on input pin "rst_n" File: D:/Verilog project/DigitalDesign/DigitalDesign/RISCV_5StagePipelined_Processor/RISCV_5StagePipelined_Processor.v Line: 4
Info (21057): Implemented 2 device resources after synthesis - the final resource count might be different
    Info (21058): Implemented 2 input pins
    Info (21059): Implemented 0 output pins
Info: Quartus Prime Analysis & Synthesis was successful. 0 errors, 24 warnings
    Info: Peak virtual memory: 4759 megabytes
    Info: Processing ended: Mon Aug 12 10:34:52 2024
    Info: Elapsed time: 00:00:09
    Info: Total CPU time (on all processors): 00:00:08


+------------------------------------------+
; Analysis & Synthesis Suppressed Messages ;
+------------------------------------------+
The suppressed messages can be found in D:/Verilog project/DigitalDesign/DigitalDesign/RISCV_5StagePipelined_Processor/output_files/RISCV_5StagePipelined_Processor.map.smsg.


