Analysis & Synthesis report for Equalizer
Sat Apr 13 08:14:31 2024
Quartus Prime Version 23.1std.0 Build 991 11/28/2023 SC Lite Edition


---------------------
; Table of Contents ;
---------------------
  1. Legal Notice
  2. Analysis & Synthesis Summary
  3. Analysis & Synthesis Settings
  4. Parallel Compilation
  5. Analysis & Synthesis Source Files Read
  6. Analysis & Synthesis Resource Usage Summary
  7. Analysis & Synthesis Resource Utilization by Entity
  8. Analysis & Synthesis DSP Block Usage Summary
  9. General Register Statistics
 10. Multiplexer Restructuring Statistics (Restructuring Performed)
 11. Parameter Settings for User Entity Instance: Top-level Entity: |Equalizer
 12. Parameter Settings for User Entity Instance: counter:counter
 13. Parameter Settings for User Entity Instance: FIR_filter:filter_block[0].filter
 14. Parameter Settings for User Entity Instance: FIR_filter:filter_block[0].filter|coeffs:coeffs
 15. Parameter Settings for User Entity Instance: FIR_filter:filter_block[0].filter|delay:delay
 16. Parameter Settings for User Entity Instance: FIR_filter:filter_block[0].filter|mac:mac
 17. Parameter Settings for User Entity Instance: FIR_filter:filter_block[1].filter
 18. Parameter Settings for User Entity Instance: FIR_filter:filter_block[1].filter|coeffs:coeffs
 19. Parameter Settings for User Entity Instance: FIR_filter:filter_block[1].filter|delay:delay
 20. Parameter Settings for User Entity Instance: FIR_filter:filter_block[1].filter|mac:mac
 21. Parameter Settings for User Entity Instance: FIR_filter:filter_block[2].filter
 22. Parameter Settings for User Entity Instance: FIR_filter:filter_block[2].filter|coeffs:coeffs
 23. Parameter Settings for User Entity Instance: FIR_filter:filter_block[2].filter|delay:delay
 24. Parameter Settings for User Entity Instance: FIR_filter:filter_block[2].filter|mac:mac
 25. Parameter Settings for User Entity Instance: FIR_filter:filter_block[3].filter
 26. Parameter Settings for User Entity Instance: FIR_filter:filter_block[3].filter|coeffs:coeffs
 27. Parameter Settings for User Entity Instance: FIR_filter:filter_block[3].filter|delay:delay
 28. Parameter Settings for User Entity Instance: FIR_filter:filter_block[3].filter|mac:mac
 29. Parameter Settings for User Entity Instance: FIR_filter:filter_block[4].filter
 30. Parameter Settings for User Entity Instance: FIR_filter:filter_block[4].filter|coeffs:coeffs
 31. Parameter Settings for User Entity Instance: FIR_filter:filter_block[4].filter|delay:delay
 32. Parameter Settings for User Entity Instance: FIR_filter:filter_block[4].filter|mac:mac
 33. Parameter Settings for User Entity Instance: FIR_filter:filter_block[5].filter
 34. Parameter Settings for User Entity Instance: FIR_filter:filter_block[5].filter|coeffs:coeffs
 35. Parameter Settings for User Entity Instance: FIR_filter:filter_block[5].filter|delay:delay
 36. Parameter Settings for User Entity Instance: FIR_filter:filter_block[5].filter|mac:mac
 37. Parameter Settings for User Entity Instance: FIR_filter:filter_block[6].filter
 38. Parameter Settings for User Entity Instance: FIR_filter:filter_block[6].filter|coeffs:coeffs
 39. Parameter Settings for User Entity Instance: FIR_filter:filter_block[6].filter|delay:delay
 40. Parameter Settings for User Entity Instance: FIR_filter:filter_block[6].filter|mac:mac
 41. Parameter Settings for User Entity Instance: FIR_filter:filter_block[7].filter
 42. Parameter Settings for User Entity Instance: FIR_filter:filter_block[7].filter|coeffs:coeffs
 43. Parameter Settings for User Entity Instance: FIR_filter:filter_block[7].filter|delay:delay
 44. Parameter Settings for User Entity Instance: FIR_filter:filter_block[7].filter|mac:mac
 45. Parameter Settings for Inferred Entity Instance: FIR_filter:filter_block[7].filter|mac:mac|lpm_mult:Mult0
 46. lpm_mult Parameter Settings by Entity Instance
 47. Port Connectivity Checks: "FIR_filter:filter_block[6].filter"
 48. Port Connectivity Checks: "FIR_filter:filter_block[5].filter"
 49. Port Connectivity Checks: "FIR_filter:filter_block[4].filter"
 50. Port Connectivity Checks: "FIR_filter:filter_block[3].filter"
 51. Port Connectivity Checks: "FIR_filter:filter_block[2].filter"
 52. Port Connectivity Checks: "FIR_filter:filter_block[1].filter"
 53. Port Connectivity Checks: "FIR_filter:filter_block[0].filter|mac:mac"
 54. Port Connectivity Checks: "FIR_filter:filter_block[0].filter"
 55. Post-Synthesis Netlist Statistics for Top Partition
 56. Elapsed Time Per Partition
 57. Analysis & Synthesis Messages



----------------
; Legal Notice ;
----------------
Copyright (C) 2023  Intel Corporation. All rights reserved.
Your use of Intel Corporation's design tools, logic functions 
and other software and tools, and any partner logic 
functions, and any output files from any of the foregoing 
(including device programming or simulation files), and any 
associated documentation or information are expressly subject 
to the terms and conditions of the Intel Program License 
Subscription Agreement, the Intel Quartus Prime License Agreement,
the Intel FPGA IP License Agreement, or other applicable license
agreement, including, without limitation, that your use is for
the sole purpose of programming logic devices manufactured by
Intel and sold by Intel or its authorized distributors.  Please
refer to the applicable agreement for further details, at
https://fpgasoftware.intel.com/eula.



+-------------------------------------------------------------------------------------+
; Analysis & Synthesis Summary                                                        ;
+------------------------------------+------------------------------------------------+
; Analysis & Synthesis Status        ; Successful - Sat Apr 13 08:14:31 2024          ;
; Quartus Prime Version              ; 23.1std.0 Build 991 11/28/2023 SC Lite Edition ;
; Revision Name                      ; Equalizer                                      ;
; Top-level Entity Name              ; Equalizer                                      ;
; Family                             ; Cyclone IV E                                   ;
; Total logic elements               ; 1,840                                          ;
;     Total combinational functions  ; 800                                            ;
;     Dedicated logic registers      ; 1,094                                          ;
; Total registers                    ; 1094                                           ;
; Total pins                         ; 74                                             ;
; Total virtual pins                 ; 0                                              ;
; Total memory bits                  ; 0                                              ;
; Embedded Multiplier 9-bit elements ; 2                                              ;
; Total PLLs                         ; 0                                              ;
+------------------------------------+------------------------------------------------+


+------------------------------------------------------------------------------------------------------------+
; Analysis & Synthesis Settings                                                                              ;
+------------------------------------------------------------------+--------------------+--------------------+
; Option                                                           ; Setting            ; Default Value      ;
+------------------------------------------------------------------+--------------------+--------------------+
; Device                                                           ; EP4CE115F29C7      ;                    ;
; Top-level entity name                                            ; Equalizer          ; Equalizer          ;
; Family name                                                      ; Cyclone IV E       ; Cyclone V          ;
; Use smart compilation                                            ; Off                ; Off                ;
; Enable parallel Assembler and Timing Analyzer during compilation ; On                 ; On                 ;
; Enable compact report table                                      ; Off                ; Off                ;
; Restructure Multiplexers                                         ; Auto               ; Auto               ;
; Create Debugging Nodes for IP Cores                              ; Off                ; Off                ;
; Preserve fewer node names                                        ; On                 ; On                 ;
; Intel FPGA IP Evaluation Mode                                    ; Enable             ; Enable             ;
; Verilog Version                                                  ; Verilog_2001       ; Verilog_2001       ;
; VHDL Version                                                     ; VHDL_1993          ; VHDL_1993          ;
; State Machine Processing                                         ; Auto               ; Auto               ;
; Safe State Machine                                               ; Off                ; Off                ;
; Extract Verilog State Machines                                   ; On                 ; On                 ;
; Extract VHDL State Machines                                      ; On                 ; On                 ;
; Ignore Verilog initial constructs                                ; Off                ; Off                ;
; Iteration limit for constant Verilog loops                       ; 5000               ; 5000               ;
; Iteration limit for non-constant Verilog loops                   ; 250                ; 250                ;
; Add Pass-Through Logic to Inferred RAMs                          ; On                 ; On                 ;
; Infer RAMs from Raw Logic                                        ; On                 ; On                 ;
; Parallel Synthesis                                               ; On                 ; On                 ;
; DSP Block Balancing                                              ; Auto               ; Auto               ;
; NOT Gate Push-Back                                               ; On                 ; On                 ;
; Power-Up Don't Care                                              ; On                 ; On                 ;
; Remove Redundant Logic Cells                                     ; Off                ; Off                ;
; Remove Duplicate Registers                                       ; On                 ; On                 ;
; Ignore CARRY Buffers                                             ; Off                ; Off                ;
; Ignore CASCADE Buffers                                           ; Off                ; Off                ;
; Ignore GLOBAL Buffers                                            ; Off                ; Off                ;
; Ignore ROW GLOBAL Buffers                                        ; Off                ; Off                ;
; Ignore LCELL Buffers                                             ; Off                ; Off                ;
; Ignore SOFT Buffers                                              ; On                 ; On                 ;
; Limit AHDL Integers to 32 Bits                                   ; Off                ; Off                ;
; Optimization Technique                                           ; Balanced           ; Balanced           ;
; Carry Chain Length                                               ; 70                 ; 70                 ;
; Auto Carry Chains                                                ; On                 ; On                 ;
; Auto Open-Drain Pins                                             ; On                 ; On                 ;
; Perform WYSIWYG Primitive Resynthesis                            ; Off                ; Off                ;
; Auto ROM Replacement                                             ; On                 ; On                 ;
; Auto RAM Replacement                                             ; On                 ; On                 ;
; Auto DSP Block Replacement                                       ; On                 ; On                 ;
; Auto Shift Register Replacement                                  ; Auto               ; Auto               ;
; Allow Shift Register Merging across Hierarchies                  ; Auto               ; Auto               ;
; Auto Clock Enable Replacement                                    ; On                 ; On                 ;
; Strict RAM Replacement                                           ; Off                ; Off                ;
; Allow Synchronous Control Signals                                ; On                 ; On                 ;
; Force Use of Synchronous Clear Signals                           ; Off                ; Off                ;
; Auto RAM Block Balancing                                         ; On                 ; On                 ;
; Auto RAM to Logic Cell Conversion                                ; Off                ; Off                ;
; Auto Resource Sharing                                            ; Off                ; Off                ;
; Allow Any RAM Size For Recognition                               ; Off                ; Off                ;
; Allow Any ROM Size For Recognition                               ; Off                ; Off                ;
; Allow Any Shift Register Size For Recognition                    ; Off                ; Off                ;
; Use LogicLock Constraints during Resource Balancing              ; On                 ; On                 ;
; Ignore translate_off and synthesis_off directives                ; Off                ; Off                ;
; Timing-Driven Synthesis                                          ; On                 ; On                 ;
; Report Parameter Settings                                        ; On                 ; On                 ;
; Report Source Assignments                                        ; On                 ; On                 ;
; Report Connectivity Checks                                       ; On                 ; On                 ;
; Ignore Maximum Fan-Out Assignments                               ; Off                ; Off                ;
; Synchronization Register Chain Length                            ; 2                  ; 2                  ;
; Power Optimization During Synthesis                              ; Normal compilation ; Normal compilation ;
; HDL message level                                                ; Level2             ; Level2             ;
; Suppress Register Optimization Related Messages                  ; Off                ; Off                ;
; Number of Removed Registers Reported in Synthesis Report         ; 5000               ; 5000               ;
; Number of Swept Nodes Reported in Synthesis Report               ; 5000               ; 5000               ;
; Number of Inverted Registers Reported in Synthesis Report        ; 100                ; 100                ;
; Clock MUX Protection                                             ; On                 ; On                 ;
; Auto Gated Clock Conversion                                      ; Off                ; Off                ;
; Block Design Naming                                              ; Auto               ; Auto               ;
; SDC constraint protection                                        ; Off                ; Off                ;
; Synthesis Effort                                                 ; Auto               ; Auto               ;
; Shift Register Replacement - Allow Asynchronous Clear Signal     ; On                 ; On                 ;
; Pre-Mapping Resynthesis Optimization                             ; Off                ; Off                ;
; Analysis & Synthesis Message Level                               ; Medium             ; Medium             ;
; Disable Register Merging Across Hierarchies                      ; Auto               ; Auto               ;
; Resource Aware Inference For Block RAM                           ; On                 ; On                 ;
+------------------------------------------------------------------+--------------------+--------------------+


+------------------------------------------+
; Parallel Compilation                     ;
+----------------------------+-------------+
; Processors                 ; Number      ;
+----------------------------+-------------+
; Number detected on machine ; 8           ;
; Maximum allowed            ; 4           ;
;                            ;             ;
; Average used               ; 1.00        ;
; Maximum used               ; 4           ;
;                            ;             ;
; Usage by Processor         ; % Time Used ;
;     Processor 1            ; 100.0%      ;
;     Processor 2            ;   0.1%      ;
;     Processor 3            ;   0.1%      ;
;     Processor 4            ;   0.1%      ;
+----------------------------+-------------+


+-------------------------------------------------------------------------------------------------------------------------------------------------------------------------+
; Analysis & Synthesis Source Files Read                                                                                                                                  ;
+----------------------------------+-----------------+------------------------------+---------------------------------------------------------------------------+---------+
; File Name with User-Entered Path ; Used in Netlist ; File Type                    ; File Name with Absolute Path                                              ; Library ;
+----------------------------------+-----------------+------------------------------+---------------------------------------------------------------------------+---------+
; coeffs.v                         ; yes             ; User Verilog HDL File        ; D:/Verilog project/DigitalDesign/DigitalDesign/Midterm/coeffs.v           ;         ;
; delay.v                          ; yes             ; User Verilog HDL File        ; D:/Verilog project/DigitalDesign/DigitalDesign/Midterm/delay.v            ;         ;
; counter.v                        ; yes             ; User Verilog HDL File        ; D:/Verilog project/DigitalDesign/DigitalDesign/Midterm/counter.v          ;         ;
; mac.v                            ; yes             ; User Verilog HDL File        ; D:/Verilog project/DigitalDesign/DigitalDesign/Midterm/mac.v              ;         ;
; FIR_filter.v                     ; yes             ; User Verilog HDL File        ; D:/Verilog project/DigitalDesign/DigitalDesign/Midterm/FIR_filter.v       ;         ;
; Equalizer.v                      ; yes             ; User Verilog HDL File        ; D:/Verilog project/DigitalDesign/DigitalDesign/Midterm/Equalizer.v        ;         ;
; lpm_mult.tdf                     ; yes             ; Megafunction                 ; c:/intelfpga_lite/23.1std/quartus/libraries/megafunctions/lpm_mult.tdf    ;         ;
; aglobal231.inc                   ; yes             ; Megafunction                 ; c:/intelfpga_lite/23.1std/quartus/libraries/megafunctions/aglobal231.inc  ;         ;
; lpm_add_sub.inc                  ; yes             ; Megafunction                 ; c:/intelfpga_lite/23.1std/quartus/libraries/megafunctions/lpm_add_sub.inc ;         ;
; multcore.inc                     ; yes             ; Megafunction                 ; c:/intelfpga_lite/23.1std/quartus/libraries/megafunctions/multcore.inc    ;         ;
; bypassff.inc                     ; yes             ; Megafunction                 ; c:/intelfpga_lite/23.1std/quartus/libraries/megafunctions/bypassff.inc    ;         ;
; altshift.inc                     ; yes             ; Megafunction                 ; c:/intelfpga_lite/23.1std/quartus/libraries/megafunctions/altshift.inc    ;         ;
; db/mult_26t.tdf                  ; yes             ; Auto-Generated Megafunction  ; D:/Verilog project/DigitalDesign/DigitalDesign/Midterm/db/mult_26t.tdf    ;         ;
+----------------------------------+-----------------+------------------------------+---------------------------------------------------------------------------+---------+


+---------------------------------------------------------+
; Analysis & Synthesis Resource Usage Summary             ;
+---------------------------------------------+-----------+
; Resource                                    ; Usage     ;
+---------------------------------------------+-----------+
; Estimated Total logic elements              ; 1,840     ;
;                                             ;           ;
; Total combinational functions               ; 800       ;
; Logic element usage by number of LUT inputs ;           ;
;     -- 4 input functions                    ; 744       ;
;     -- 3 input functions                    ; 48        ;
;     -- <=2 input functions                  ; 8         ;
;                                             ;           ;
; Logic elements by mode                      ;           ;
;     -- normal mode                          ; 749       ;
;     -- arithmetic mode                      ; 51        ;
;                                             ;           ;
; Total registers                             ; 1094      ;
;     -- Dedicated logic registers            ; 1094      ;
;     -- I/O registers                        ; 0         ;
;                                             ;           ;
; I/O pins                                    ; 74        ;
;                                             ;           ;
; Embedded Multiplier 9-bit elements          ; 2         ;
;                                             ;           ;
; Maximum fan-out node                        ; clk~input ;
; Maximum fan-out                             ; 1094      ;
; Total fan-out                               ; 7590      ;
; Average fan-out                             ; 3.71      ;
+---------------------------------------------+-----------+


+----------------------------------------------------------------------------------------------------------------------------------------------------------------------------------------------------------------------------------------------------------------------------------------------+
; Analysis & Synthesis Resource Utilization by Entity                                                                                                                                                                                                                                          ;
+----------------------------------------+---------------------+---------------------------+-------------+--------------+---------+-----------+------+--------------+---------------------------------------------------------------------------------------------+-------------+--------------+
; Compilation Hierarchy Node             ; Combinational ALUTs ; Dedicated Logic Registers ; Memory Bits ; DSP Elements ; DSP 9x9 ; DSP 18x18 ; Pins ; Virtual Pins ; Full Hierarchy Name                                                                         ; Entity Name ; Library Name ;
+----------------------------------------+---------------------+---------------------------+-------------+--------------+---------+-----------+------+--------------+---------------------------------------------------------------------------------------------+-------------+--------------+
; |Equalizer                             ; 800 (16)            ; 1094 (16)                 ; 0           ; 2            ; 0       ; 1         ; 74   ; 0            ; |Equalizer                                                                                  ; Equalizer   ; work         ;
;    |FIR_filter:filter_block[7].filter| ; 778 (0)             ; 1072 (0)                  ; 0           ; 2            ; 0       ; 1         ; 0    ; 0            ; |Equalizer|FIR_filter:filter_block[7].filter                                                ; FIR_filter  ; work         ;
;       |coeffs:coeffs|                  ; 46 (46)             ; 0 (0)                     ; 0           ; 0            ; 0       ; 0         ; 0    ; 0            ; |Equalizer|FIR_filter:filter_block[7].filter|coeffs:coeffs                                  ; coeffs      ; work         ;
;       |delay:delay|                    ; 672 (672)           ; 1024 (1024)               ; 0           ; 0            ; 0       ; 0         ; 0    ; 0            ; |Equalizer|FIR_filter:filter_block[7].filter|delay:delay                                    ; delay       ; work         ;
;       |mac:mac|                        ; 60 (60)             ; 48 (48)                   ; 0           ; 2            ; 0       ; 1         ; 0    ; 0            ; |Equalizer|FIR_filter:filter_block[7].filter|mac:mac                                        ; mac         ; work         ;
;          |lpm_mult:Mult0|              ; 0 (0)               ; 0 (0)                     ; 0           ; 2            ; 0       ; 1         ; 0    ; 0            ; |Equalizer|FIR_filter:filter_block[7].filter|mac:mac|lpm_mult:Mult0                         ; lpm_mult    ; work         ;
;             |mult_26t:auto_generated|  ; 0 (0)               ; 0 (0)                     ; 0           ; 2            ; 0       ; 1         ; 0    ; 0            ; |Equalizer|FIR_filter:filter_block[7].filter|mac:mac|lpm_mult:Mult0|mult_26t:auto_generated ; mult_26t    ; work         ;
;    |counter:counter|                   ; 6 (6)               ; 6 (6)                     ; 0           ; 0            ; 0       ; 0         ; 0    ; 0            ; |Equalizer|counter:counter                                                                  ; counter     ; work         ;
+----------------------------------------+---------------------+---------------------------+-------------+--------------+---------+-----------+------+--------------+---------------------------------------------------------------------------------------------+-------------+--------------+
Note: For table entries with two numbers listed, the numbers in parentheses indicate the number of resources of the given type used by the specific entity alone. The numbers listed outside of parentheses indicate the total resources of the given type used by the specific entity and all of its sub-entities in the hierarchy.


+-----------------------------------------------------+
; Analysis & Synthesis DSP Block Usage Summary        ;
+---------------------------------------+-------------+
; Statistic                             ; Number Used ;
+---------------------------------------+-------------+
; Simple Multipliers (9-bit)            ; 0           ;
; Simple Multipliers (18-bit)           ; 1           ;
; Embedded Multiplier Blocks            ; --          ;
; Embedded Multiplier 9-bit elements    ; 2           ;
; Signed Embedded Multipliers           ; 1           ;
; Unsigned Embedded Multipliers         ; 0           ;
; Mixed Sign Embedded Multipliers       ; 0           ;
; Variable Sign Embedded Multipliers    ; 0           ;
; Dedicated Input Shift Register Chains ; 0           ;
+---------------------------------------+-------------+
Note: number of Embedded Multiplier Blocks used is only available after a successful fit.


+------------------------------------------------------+
; General Register Statistics                          ;
+----------------------------------------------+-------+
; Statistic                                    ; Value ;
+----------------------------------------------+-------+
; Total registers                              ; 1094  ;
; Number of registers using Synchronous Clear  ; 32    ;
; Number of registers using Synchronous Load   ; 0     ;
; Number of registers using Asynchronous Clear ; 1078  ;
; Number of registers using Asynchronous Load  ; 0     ;
; Number of registers using Clock Enable       ; 1040  ;
; Number of registers using Preset             ; 0     ;
+----------------------------------------------+-------+


+-----------------------------------------------------------------------------------------------------------------------------------------------------------------------------+
; Multiplexer Restructuring Statistics (Restructuring Performed)                                                                                                              ;
+--------------------+-----------+---------------+----------------------+------------------------+------------+---------------------------------------------------------------+
; Multiplexer Inputs ; Bus Width ; Baseline Area ; Area if Restructured ; Saving if Restructured ; Registered ; Example Multiplexer Output                                    ;
+--------------------+-----------+---------------+----------------------+------------------------+------------+---------------------------------------------------------------+
; 64:1               ; 16 bits   ; 672 LEs       ; 672 LEs              ; 0 LEs                  ; No         ; |Equalizer|FIR_filter:filter_block[7].filter|delay:delay|Mux1 ;
+--------------------+-----------+---------------+----------------------+------------------------+------------+---------------------------------------------------------------+


+---------------------------------------------------------------------------+
; Parameter Settings for User Entity Instance: Top-level Entity: |Equalizer ;
+----------------+-------+--------------------------------------------------+
; Parameter Name ; Value ; Type                                             ;
+----------------+-------+--------------------------------------------------+
; FILTER_NUM     ; 8     ; Signed Integer                                   ;
; DATA_BIT       ; 16    ; Signed Integer                                   ;
; GAIN_BIT       ; 5     ; Signed Integer                                   ;
; COUNT_BIT_NUM  ; 6     ; Signed Integer                                   ;
+----------------+-------+--------------------------------------------------+
Note: In order to hide this table in the UI and the text report file, please set the "Show Parameter Settings in Synthesis Report" option in "Analysis and Synthesis Settings -> More Settings" to "Off".


+--------------------------------------------------------------+
; Parameter Settings for User Entity Instance: counter:counter ;
+----------------+-------+-------------------------------------+
; Parameter Name ; Value ; Type                                ;
+----------------+-------+-------------------------------------+
; COUNT_BIT_NUM  ; 6     ; Signed Integer                      ;
+----------------+-------+-------------------------------------+
Note: In order to hide this table in the UI and the text report file, please set the "Show Parameter Settings in Synthesis Report" option in "Analysis and Synthesis Settings -> More Settings" to "Off".


+--------------------------------------------------------------------------------+
; Parameter Settings for User Entity Instance: FIR_filter:filter_block[0].filter ;
+----------------+-------+-------------------------------------------------------+
; Parameter Name ; Value ; Type                                                  ;
+----------------+-------+-------------------------------------------------------+
; DATA_BIT_NUM   ; 16    ; Signed Integer                                        ;
; COEFF_BIT_NUM  ; 16    ; Signed Integer                                        ;
; COUNT_BIT_NUM  ; 6     ; Signed Integer                                        ;
+----------------+-------+-------------------------------------------------------+
Note: In order to hide this table in the UI and the text report file, please set the "Show Parameter Settings in Synthesis Report" option in "Analysis and Synthesis Settings -> More Settings" to "Off".


+----------------------------------------------------------------------------------------------+
; Parameter Settings for User Entity Instance: FIR_filter:filter_block[0].filter|coeffs:coeffs ;
+----------------+-------+---------------------------------------------------------------------+
; Parameter Name ; Value ; Type                                                                ;
+----------------+-------+---------------------------------------------------------------------+
; NUMTABS        ; 64    ; Signed Integer                                                      ;
; COUNT_BIT_NUM  ; 6     ; Signed Integer                                                      ;
+----------------+-------+---------------------------------------------------------------------+
Note: In order to hide this table in the UI and the text report file, please set the "Show Parameter Settings in Synthesis Report" option in "Analysis and Synthesis Settings -> More Settings" to "Off".


+--------------------------------------------------------------------------------------------+
; Parameter Settings for User Entity Instance: FIR_filter:filter_block[0].filter|delay:delay ;
+----------------+-------+-------------------------------------------------------------------+
; Parameter Name ; Value ; Type                                                              ;
+----------------+-------+-------------------------------------------------------------------+
; DATA_BIT_NUM   ; 16    ; Signed Integer                                                    ;
; NUMTABS        ; 64    ; Signed Integer                                                    ;
; COUNT_BIT_NUM  ; 6     ; Signed Integer                                                    ;
+----------------+-------+-------------------------------------------------------------------+
Note: In order to hide this table in the UI and the text report file, please set the "Show Parameter Settings in Synthesis Report" option in "Analysis and Synthesis Settings -> More Settings" to "Off".


+----------------------------------------------------------------------------------------+
; Parameter Settings for User Entity Instance: FIR_filter:filter_block[0].filter|mac:mac ;
+----------------+-------+---------------------------------------------------------------+
; Parameter Name ; Value ; Type                                                          ;
+----------------+-------+---------------------------------------------------------------+
; DATA_BIT_NUM   ; 16    ; Signed Integer                                                ;
; COEFF_BIT_NUM  ; 16    ; Signed Integer                                                ;
+----------------+-------+---------------------------------------------------------------+
Note: In order to hide this table in the UI and the text report file, please set the "Show Parameter Settings in Synthesis Report" option in "Analysis and Synthesis Settings -> More Settings" to "Off".


+--------------------------------------------------------------------------------+
; Parameter Settings for User Entity Instance: FIR_filter:filter_block[1].filter ;
+----------------+-------+-------------------------------------------------------+
; Parameter Name ; Value ; Type                                                  ;
+----------------+-------+-------------------------------------------------------+
; DATA_BIT_NUM   ; 16    ; Signed Integer                                        ;
; COEFF_BIT_NUM  ; 16    ; Signed Integer                                        ;
; COUNT_BIT_NUM  ; 6     ; Signed Integer                                        ;
+----------------+-------+-------------------------------------------------------+
Note: In order to hide this table in the UI and the text report file, please set the "Show Parameter Settings in Synthesis Report" option in "Analysis and Synthesis Settings -> More Settings" to "Off".


+----------------------------------------------------------------------------------------------+
; Parameter Settings for User Entity Instance: FIR_filter:filter_block[1].filter|coeffs:coeffs ;
+----------------+-------+---------------------------------------------------------------------+
; Parameter Name ; Value ; Type                                                                ;
+----------------+-------+---------------------------------------------------------------------+
; NUMTABS        ; 64    ; Signed Integer                                                      ;
; COUNT_BIT_NUM  ; 6     ; Signed Integer                                                      ;
+----------------+-------+---------------------------------------------------------------------+
Note: In order to hide this table in the UI and the text report file, please set the "Show Parameter Settings in Synthesis Report" option in "Analysis and Synthesis Settings -> More Settings" to "Off".


+--------------------------------------------------------------------------------------------+
; Parameter Settings for User Entity Instance: FIR_filter:filter_block[1].filter|delay:delay ;
+----------------+-------+-------------------------------------------------------------------+
; Parameter Name ; Value ; Type                                                              ;
+----------------+-------+-------------------------------------------------------------------+
; DATA_BIT_NUM   ; 16    ; Signed Integer                                                    ;
; NUMTABS        ; 64    ; Signed Integer                                                    ;
; COUNT_BIT_NUM  ; 6     ; Signed Integer                                                    ;
+----------------+-------+-------------------------------------------------------------------+
Note: In order to hide this table in the UI and the text report file, please set the "Show Parameter Settings in Synthesis Report" option in "Analysis and Synthesis Settings -> More Settings" to "Off".


+----------------------------------------------------------------------------------------+
; Parameter Settings for User Entity Instance: FIR_filter:filter_block[1].filter|mac:mac ;
+----------------+-------+---------------------------------------------------------------+
; Parameter Name ; Value ; Type                                                          ;
+----------------+-------+---------------------------------------------------------------+
; DATA_BIT_NUM   ; 16    ; Signed Integer                                                ;
; COEFF_BIT_NUM  ; 16    ; Signed Integer                                                ;
+----------------+-------+---------------------------------------------------------------+
Note: In order to hide this table in the UI and the text report file, please set the "Show Parameter Settings in Synthesis Report" option in "Analysis and Synthesis Settings -> More Settings" to "Off".


+--------------------------------------------------------------------------------+
; Parameter Settings for User Entity Instance: FIR_filter:filter_block[2].filter ;
+----------------+-------+-------------------------------------------------------+
; Parameter Name ; Value ; Type                                                  ;
+----------------+-------+-------------------------------------------------------+
; DATA_BIT_NUM   ; 16    ; Signed Integer                                        ;
; COEFF_BIT_NUM  ; 16    ; Signed Integer                                        ;
; COUNT_BIT_NUM  ; 6     ; Signed Integer                                        ;
+----------------+-------+-------------------------------------------------------+
Note: In order to hide this table in the UI and the text report file, please set the "Show Parameter Settings in Synthesis Report" option in "Analysis and Synthesis Settings -> More Settings" to "Off".


+----------------------------------------------------------------------------------------------+
; Parameter Settings for User Entity Instance: FIR_filter:filter_block[2].filter|coeffs:coeffs ;
+----------------+-------+---------------------------------------------------------------------+
; Parameter Name ; Value ; Type                                                                ;
+----------------+-------+---------------------------------------------------------------------+
; NUMTABS        ; 64    ; Signed Integer                                                      ;
; COUNT_BIT_NUM  ; 6     ; Signed Integer                                                      ;
+----------------+-------+---------------------------------------------------------------------+
Note: In order to hide this table in the UI and the text report file, please set the "Show Parameter Settings in Synthesis Report" option in "Analysis and Synthesis Settings -> More Settings" to "Off".


+--------------------------------------------------------------------------------------------+
; Parameter Settings for User Entity Instance: FIR_filter:filter_block[2].filter|delay:delay ;
+----------------+-------+-------------------------------------------------------------------+
; Parameter Name ; Value ; Type                                                              ;
+----------------+-------+-------------------------------------------------------------------+
; DATA_BIT_NUM   ; 16    ; Signed Integer                                                    ;
; NUMTABS        ; 64    ; Signed Integer                                                    ;
; COUNT_BIT_NUM  ; 6     ; Signed Integer                                                    ;
+----------------+-------+-------------------------------------------------------------------+
Note: In order to hide this table in the UI and the text report file, please set the "Show Parameter Settings in Synthesis Report" option in "Analysis and Synthesis Settings -> More Settings" to "Off".


+----------------------------------------------------------------------------------------+
; Parameter Settings for User Entity Instance: FIR_filter:filter_block[2].filter|mac:mac ;
+----------------+-------+---------------------------------------------------------------+
; Parameter Name ; Value ; Type                                                          ;
+----------------+-------+---------------------------------------------------------------+
; DATA_BIT_NUM   ; 16    ; Signed Integer                                                ;
; COEFF_BIT_NUM  ; 16    ; Signed Integer                                                ;
+----------------+-------+---------------------------------------------------------------+
Note: In order to hide this table in the UI and the text report file, please set the "Show Parameter Settings in Synthesis Report" option in "Analysis and Synthesis Settings -> More Settings" to "Off".


+--------------------------------------------------------------------------------+
; Parameter Settings for User Entity Instance: FIR_filter:filter_block[3].filter ;
+----------------+-------+-------------------------------------------------------+
; Parameter Name ; Value ; Type                                                  ;
+----------------+-------+-------------------------------------------------------+
; DATA_BIT_NUM   ; 16    ; Signed Integer                                        ;
; COEFF_BIT_NUM  ; 16    ; Signed Integer                                        ;
; COUNT_BIT_NUM  ; 6     ; Signed Integer                                        ;
+----------------+-------+-------------------------------------------------------+
Note: In order to hide this table in the UI and the text report file, please set the "Show Parameter Settings in Synthesis Report" option in "Analysis and Synthesis Settings -> More Settings" to "Off".


+----------------------------------------------------------------------------------------------+
; Parameter Settings for User Entity Instance: FIR_filter:filter_block[3].filter|coeffs:coeffs ;
+----------------+-------+---------------------------------------------------------------------+
; Parameter Name ; Value ; Type                                                                ;
+----------------+-------+---------------------------------------------------------------------+
; NUMTABS        ; 64    ; Signed Integer                                                      ;
; COUNT_BIT_NUM  ; 6     ; Signed Integer                                                      ;
+----------------+-------+---------------------------------------------------------------------+
Note: In order to hide this table in the UI and the text report file, please set the "Show Parameter Settings in Synthesis Report" option in "Analysis and Synthesis Settings -> More Settings" to "Off".


+--------------------------------------------------------------------------------------------+
; Parameter Settings for User Entity Instance: FIR_filter:filter_block[3].filter|delay:delay ;
+----------------+-------+-------------------------------------------------------------------+
; Parameter Name ; Value ; Type                                                              ;
+----------------+-------+-------------------------------------------------------------------+
; DATA_BIT_NUM   ; 16    ; Signed Integer                                                    ;
; NUMTABS        ; 64    ; Signed Integer                                                    ;
; COUNT_BIT_NUM  ; 6     ; Signed Integer                                                    ;
+----------------+-------+-------------------------------------------------------------------+
Note: In order to hide this table in the UI and the text report file, please set the "Show Parameter Settings in Synthesis Report" option in "Analysis and Synthesis Settings -> More Settings" to "Off".


+----------------------------------------------------------------------------------------+
; Parameter Settings for User Entity Instance: FIR_filter:filter_block[3].filter|mac:mac ;
+----------------+-------+---------------------------------------------------------------+
; Parameter Name ; Value ; Type                                                          ;
+----------------+-------+---------------------------------------------------------------+
; DATA_BIT_NUM   ; 16    ; Signed Integer                                                ;
; COEFF_BIT_NUM  ; 16    ; Signed Integer                                                ;
+----------------+-------+---------------------------------------------------------------+
Note: In order to hide this table in the UI and the text report file, please set the "Show Parameter Settings in Synthesis Report" option in "Analysis and Synthesis Settings -> More Settings" to "Off".


+--------------------------------------------------------------------------------+
; Parameter Settings for User Entity Instance: FIR_filter:filter_block[4].filter ;
+----------------+-------+-------------------------------------------------------+
; Parameter Name ; Value ; Type                                                  ;
+----------------+-------+-------------------------------------------------------+
; DATA_BIT_NUM   ; 16    ; Signed Integer                                        ;
; COEFF_BIT_NUM  ; 16    ; Signed Integer                                        ;
; COUNT_BIT_NUM  ; 6     ; Signed Integer                                        ;
+----------------+-------+-------------------------------------------------------+
Note: In order to hide this table in the UI and the text report file, please set the "Show Parameter Settings in Synthesis Report" option in "Analysis and Synthesis Settings -> More Settings" to "Off".


+----------------------------------------------------------------------------------------------+
; Parameter Settings for User Entity Instance: FIR_filter:filter_block[4].filter|coeffs:coeffs ;
+----------------+-------+---------------------------------------------------------------------+
; Parameter Name ; Value ; Type                                                                ;
+----------------+-------+---------------------------------------------------------------------+
; NUMTABS        ; 64    ; Signed Integer                                                      ;
; COUNT_BIT_NUM  ; 6     ; Signed Integer                                                      ;
+----------------+-------+---------------------------------------------------------------------+
Note: In order to hide this table in the UI and the text report file, please set the "Show Parameter Settings in Synthesis Report" option in "Analysis and Synthesis Settings -> More Settings" to "Off".


+--------------------------------------------------------------------------------------------+
; Parameter Settings for User Entity Instance: FIR_filter:filter_block[4].filter|delay:delay ;
+----------------+-------+-------------------------------------------------------------------+
; Parameter Name ; Value ; Type                                                              ;
+----------------+-------+-------------------------------------------------------------------+
; DATA_BIT_NUM   ; 16    ; Signed Integer                                                    ;
; NUMTABS        ; 64    ; Signed Integer                                                    ;
; COUNT_BIT_NUM  ; 6     ; Signed Integer                                                    ;
+----------------+-------+-------------------------------------------------------------------+
Note: In order to hide this table in the UI and the text report file, please set the "Show Parameter Settings in Synthesis Report" option in "Analysis and Synthesis Settings -> More Settings" to "Off".


+----------------------------------------------------------------------------------------+
; Parameter Settings for User Entity Instance: FIR_filter:filter_block[4].filter|mac:mac ;
+----------------+-------+---------------------------------------------------------------+
; Parameter Name ; Value ; Type                                                          ;
+----------------+-------+---------------------------------------------------------------+
; DATA_BIT_NUM   ; 16    ; Signed Integer                                                ;
; COEFF_BIT_NUM  ; 16    ; Signed Integer                                                ;
+----------------+-------+---------------------------------------------------------------+
Note: In order to hide this table in the UI and the text report file, please set the "Show Parameter Settings in Synthesis Report" option in "Analysis and Synthesis Settings -> More Settings" to "Off".


+--------------------------------------------------------------------------------+
; Parameter Settings for User Entity Instance: FIR_filter:filter_block[5].filter ;
+----------------+-------+-------------------------------------------------------+
; Parameter Name ; Value ; Type                                                  ;
+----------------+-------+-------------------------------------------------------+
; DATA_BIT_NUM   ; 16    ; Signed Integer                                        ;
; COEFF_BIT_NUM  ; 16    ; Signed Integer                                        ;
; COUNT_BIT_NUM  ; 6     ; Signed Integer                                        ;
+----------------+-------+-------------------------------------------------------+
Note: In order to hide this table in the UI and the text report file, please set the "Show Parameter Settings in Synthesis Report" option in "Analysis and Synthesis Settings -> More Settings" to "Off".


+----------------------------------------------------------------------------------------------+
; Parameter Settings for User Entity Instance: FIR_filter:filter_block[5].filter|coeffs:coeffs ;
+----------------+-------+---------------------------------------------------------------------+
; Parameter Name ; Value ; Type                                                                ;
+----------------+-------+---------------------------------------------------------------------+
; NUMTABS        ; 64    ; Signed Integer                                                      ;
; COUNT_BIT_NUM  ; 6     ; Signed Integer                                                      ;
+----------------+-------+---------------------------------------------------------------------+
Note: In order to hide this table in the UI and the text report file, please set the "Show Parameter Settings in Synthesis Report" option in "Analysis and Synthesis Settings -> More Settings" to "Off".


+--------------------------------------------------------------------------------------------+
; Parameter Settings for User Entity Instance: FIR_filter:filter_block[5].filter|delay:delay ;
+----------------+-------+-------------------------------------------------------------------+
; Parameter Name ; Value ; Type                                                              ;
+----------------+-------+-------------------------------------------------------------------+
; DATA_BIT_NUM   ; 16    ; Signed Integer                                                    ;
; NUMTABS        ; 64    ; Signed Integer                                                    ;
; COUNT_BIT_NUM  ; 6     ; Signed Integer                                                    ;
+----------------+-------+-------------------------------------------------------------------+
Note: In order to hide this table in the UI and the text report file, please set the "Show Parameter Settings in Synthesis Report" option in "Analysis and Synthesis Settings -> More Settings" to "Off".


+----------------------------------------------------------------------------------------+
; Parameter Settings for User Entity Instance: FIR_filter:filter_block[5].filter|mac:mac ;
+----------------+-------+---------------------------------------------------------------+
; Parameter Name ; Value ; Type                                                          ;
+----------------+-------+---------------------------------------------------------------+
; DATA_BIT_NUM   ; 16    ; Signed Integer                                                ;
; COEFF_BIT_NUM  ; 16    ; Signed Integer                                                ;
+----------------+-------+---------------------------------------------------------------+
Note: In order to hide this table in the UI and the text report file, please set the "Show Parameter Settings in Synthesis Report" option in "Analysis and Synthesis Settings -> More Settings" to "Off".


+--------------------------------------------------------------------------------+
; Parameter Settings for User Entity Instance: FIR_filter:filter_block[6].filter ;
+----------------+-------+-------------------------------------------------------+
; Parameter Name ; Value ; Type                                                  ;
+----------------+-------+-------------------------------------------------------+
; DATA_BIT_NUM   ; 16    ; Signed Integer                                        ;
; COEFF_BIT_NUM  ; 16    ; Signed Integer                                        ;
; COUNT_BIT_NUM  ; 6     ; Signed Integer                                        ;
+----------------+-------+-------------------------------------------------------+
Note: In order to hide this table in the UI and the text report file, please set the "Show Parameter Settings in Synthesis Report" option in "Analysis and Synthesis Settings -> More Settings" to "Off".


+----------------------------------------------------------------------------------------------+
; Parameter Settings for User Entity Instance: FIR_filter:filter_block[6].filter|coeffs:coeffs ;
+----------------+-------+---------------------------------------------------------------------+
; Parameter Name ; Value ; Type                                                                ;
+----------------+-------+---------------------------------------------------------------------+
; NUMTABS        ; 64    ; Signed Integer                                                      ;
; COUNT_BIT_NUM  ; 6     ; Signed Integer                                                      ;
+----------------+-------+---------------------------------------------------------------------+
Note: In order to hide this table in the UI and the text report file, please set the "Show Parameter Settings in Synthesis Report" option in "Analysis and Synthesis Settings -> More Settings" to "Off".


+--------------------------------------------------------------------------------------------+
; Parameter Settings for User Entity Instance: FIR_filter:filter_block[6].filter|delay:delay ;
+----------------+-------+-------------------------------------------------------------------+
; Parameter Name ; Value ; Type                                                              ;
+----------------+-------+-------------------------------------------------------------------+
; DATA_BIT_NUM   ; 16    ; Signed Integer                                                    ;
; NUMTABS        ; 64    ; Signed Integer                                                    ;
; COUNT_BIT_NUM  ; 6     ; Signed Integer                                                    ;
+----------------+-------+-------------------------------------------------------------------+
Note: In order to hide this table in the UI and the text report file, please set the "Show Parameter Settings in Synthesis Report" option in "Analysis and Synthesis Settings -> More Settings" to "Off".


+----------------------------------------------------------------------------------------+
; Parameter Settings for User Entity Instance: FIR_filter:filter_block[6].filter|mac:mac ;
+----------------+-------+---------------------------------------------------------------+
; Parameter Name ; Value ; Type                                                          ;
+----------------+-------+---------------------------------------------------------------+
; DATA_BIT_NUM   ; 16    ; Signed Integer                                                ;
; COEFF_BIT_NUM  ; 16    ; Signed Integer                                                ;
+----------------+-------+---------------------------------------------------------------+
Note: In order to hide this table in the UI and the text report file, please set the "Show Parameter Settings in Synthesis Report" option in "Analysis and Synthesis Settings -> More Settings" to "Off".


+--------------------------------------------------------------------------------+
; Parameter Settings for User Entity Instance: FIR_filter:filter_block[7].filter ;
+----------------+-------+-------------------------------------------------------+
; Parameter Name ; Value ; Type                                                  ;
+----------------+-------+-------------------------------------------------------+
; DATA_BIT_NUM   ; 16    ; Signed Integer                                        ;
; COEFF_BIT_NUM  ; 16    ; Signed Integer                                        ;
; COUNT_BIT_NUM  ; 6     ; Signed Integer                                        ;
+----------------+-------+-------------------------------------------------------+
Note: In order to hide this table in the UI and the text report file, please set the "Show Parameter Settings in Synthesis Report" option in "Analysis and Synthesis Settings -> More Settings" to "Off".


+----------------------------------------------------------------------------------------------+
; Parameter Settings for User Entity Instance: FIR_filter:filter_block[7].filter|coeffs:coeffs ;
+----------------+-------+---------------------------------------------------------------------+
; Parameter Name ; Value ; Type                                                                ;
+----------------+-------+---------------------------------------------------------------------+
; NUMTABS        ; 64    ; Signed Integer                                                      ;
; COUNT_BIT_NUM  ; 6     ; Signed Integer                                                      ;
+----------------+-------+---------------------------------------------------------------------+
Note: In order to hide this table in the UI and the text report file, please set the "Show Parameter Settings in Synthesis Report" option in "Analysis and Synthesis Settings -> More Settings" to "Off".


+--------------------------------------------------------------------------------------------+
; Parameter Settings for User Entity Instance: FIR_filter:filter_block[7].filter|delay:delay ;
+----------------+-------+-------------------------------------------------------------------+
; Parameter Name ; Value ; Type                                                              ;
+----------------+-------+-------------------------------------------------------------------+
; DATA_BIT_NUM   ; 16    ; Signed Integer                                                    ;
; NUMTABS        ; 64    ; Signed Integer                                                    ;
; COUNT_BIT_NUM  ; 6     ; Signed Integer                                                    ;
+----------------+-------+-------------------------------------------------------------------+
Note: In order to hide this table in the UI and the text report file, please set the "Show Parameter Settings in Synthesis Report" option in "Analysis and Synthesis Settings -> More Settings" to "Off".


+----------------------------------------------------------------------------------------+
; Parameter Settings for User Entity Instance: FIR_filter:filter_block[7].filter|mac:mac ;
+----------------+-------+---------------------------------------------------------------+
; Parameter Name ; Value ; Type                                                          ;
+----------------+-------+---------------------------------------------------------------+
; DATA_BIT_NUM   ; 16    ; Signed Integer                                                ;
; COEFF_BIT_NUM  ; 16    ; Signed Integer                                                ;
+----------------+-------+---------------------------------------------------------------+
Note: In order to hide this table in the UI and the text report file, please set the "Show Parameter Settings in Synthesis Report" option in "Analysis and Synthesis Settings -> More Settings" to "Off".


+-----------------------------------------------------------------------------------------------------------+
; Parameter Settings for Inferred Entity Instance: FIR_filter:filter_block[7].filter|mac:mac|lpm_mult:Mult0 ;
+------------------------------------------------+--------------+-------------------------------------------+
; Parameter Name                                 ; Value        ; Type                                      ;
+------------------------------------------------+--------------+-------------------------------------------+
; AUTO_CARRY_CHAINS                              ; ON           ; AUTO_CARRY                                ;
; IGNORE_CARRY_BUFFERS                           ; OFF          ; IGNORE_CARRY                              ;
; AUTO_CASCADE_CHAINS                            ; ON           ; AUTO_CASCADE                              ;
; IGNORE_CASCADE_BUFFERS                         ; OFF          ; IGNORE_CASCADE                            ;
; LPM_WIDTHA                                     ; 16           ; Untyped                                   ;
; LPM_WIDTHB                                     ; 11           ; Untyped                                   ;
; LPM_WIDTHP                                     ; 27           ; Untyped                                   ;
; LPM_WIDTHR                                     ; 27           ; Untyped                                   ;
; LPM_WIDTHS                                     ; 1            ; Untyped                                   ;
; LPM_REPRESENTATION                             ; SIGNED       ; Untyped                                   ;
; LPM_PIPELINE                                   ; 0            ; Untyped                                   ;
; LATENCY                                        ; 0            ; Untyped                                   ;
; INPUT_A_IS_CONSTANT                            ; NO           ; Untyped                                   ;
; INPUT_B_IS_CONSTANT                            ; NO           ; Untyped                                   ;
; USE_EAB                                        ; OFF          ; Untyped                                   ;
; MAXIMIZE_SPEED                                 ; 5            ; Untyped                                   ;
; DEVICE_FAMILY                                  ; Cyclone IV E ; Untyped                                   ;
; CARRY_CHAIN                                    ; MANUAL       ; Untyped                                   ;
; APEX20K_TECHNOLOGY_MAPPER                      ; LUT          ; TECH_MAPPER_APEX20K                       ;
; DEDICATED_MULTIPLIER_CIRCUITRY                 ; AUTO         ; Untyped                                   ;
; DEDICATED_MULTIPLIER_MIN_INPUT_WIDTH_FOR_AUTO  ; 0            ; Untyped                                   ;
; DEDICATED_MULTIPLIER_MIN_OUTPUT_WIDTH_FOR_AUTO ; 0            ; Untyped                                   ;
; CBXI_PARAMETER                                 ; mult_26t     ; Untyped                                   ;
; INPUT_A_FIXED_VALUE                            ; Bx           ; Untyped                                   ;
; INPUT_B_FIXED_VALUE                            ; Bx           ; Untyped                                   ;
; USE_AHDL_IMPLEMENTATION                        ; OFF          ; Untyped                                   ;
+------------------------------------------------+--------------+-------------------------------------------+
Note: In order to hide this table in the UI and the text report file, please set the "Show Parameter Settings in Synthesis Report" option in "Analysis and Synthesis Settings -> More Settings" to "Off".


+--------------------------------------------------------------------------------------------------+
; lpm_mult Parameter Settings by Entity Instance                                                   ;
+---------------------------------------+----------------------------------------------------------+
; Name                                  ; Value                                                    ;
+---------------------------------------+----------------------------------------------------------+
; Number of entity instances            ; 1                                                        ;
; Entity Instance                       ; FIR_filter:filter_block[7].filter|mac:mac|lpm_mult:Mult0 ;
;     -- LPM_WIDTHA                     ; 16                                                       ;
;     -- LPM_WIDTHB                     ; 11                                                       ;
;     -- LPM_WIDTHP                     ; 27                                                       ;
;     -- LPM_REPRESENTATION             ; SIGNED                                                   ;
;     -- INPUT_A_IS_CONSTANT            ; NO                                                       ;
;     -- INPUT_B_IS_CONSTANT            ; NO                                                       ;
;     -- USE_EAB                        ; OFF                                                      ;
;     -- DEDICATED_MULTIPLIER_CIRCUITRY ; AUTO                                                     ;
;     -- INPUT_A_FIXED_VALUE            ; Bx                                                       ;
;     -- INPUT_B_FIXED_VALUE            ; Bx                                                       ;
+---------------------------------------+----------------------------------------------------------+


+---------------------------------------------------------------------------------------------------------------------------+
; Port Connectivity Checks: "FIR_filter:filter_block[6].filter"                                                             ;
+-----------------+--------+----------+-------------------------------------------------------------------------------------+
; Port            ; Type   ; Severity ; Details                                                                             ;
+-----------------+--------+----------+-------------------------------------------------------------------------------------+
; filter_data_out ; Output ; Info     ; Connected to dangling logic. Logic that only feeds a dangling port will be removed. ;
+-----------------+--------+----------+-------------------------------------------------------------------------------------+


+---------------------------------------------------------------------------------------------------------------------------+
; Port Connectivity Checks: "FIR_filter:filter_block[5].filter"                                                             ;
+-----------------+--------+----------+-------------------------------------------------------------------------------------+
; Port            ; Type   ; Severity ; Details                                                                             ;
+-----------------+--------+----------+-------------------------------------------------------------------------------------+
; filter_data_out ; Output ; Info     ; Connected to dangling logic. Logic that only feeds a dangling port will be removed. ;
+-----------------+--------+----------+-------------------------------------------------------------------------------------+


+---------------------------------------------------------------------------------------------------------------------------+
; Port Connectivity Checks: "FIR_filter:filter_block[4].filter"                                                             ;
+-----------------+--------+----------+-------------------------------------------------------------------------------------+
; Port            ; Type   ; Severity ; Details                                                                             ;
+-----------------+--------+----------+-------------------------------------------------------------------------------------+
; filter_data_out ; Output ; Info     ; Connected to dangling logic. Logic that only feeds a dangling port will be removed. ;
+-----------------+--------+----------+-------------------------------------------------------------------------------------+


+---------------------------------------------------------------------------------------------------------------------------+
; Port Connectivity Checks: "FIR_filter:filter_block[3].filter"                                                             ;
+-----------------+--------+----------+-------------------------------------------------------------------------------------+
; Port            ; Type   ; Severity ; Details                                                                             ;
+-----------------+--------+----------+-------------------------------------------------------------------------------------+
; filter_data_out ; Output ; Info     ; Connected to dangling logic. Logic that only feeds a dangling port will be removed. ;
+-----------------+--------+----------+-------------------------------------------------------------------------------------+


+---------------------------------------------------------------------------------------------------------------------------+
; Port Connectivity Checks: "FIR_filter:filter_block[2].filter"                                                             ;
+-----------------+--------+----------+-------------------------------------------------------------------------------------+
; Port            ; Type   ; Severity ; Details                                                                             ;
+-----------------+--------+----------+-------------------------------------------------------------------------------------+
; filter_data_out ; Output ; Info     ; Connected to dangling logic. Logic that only feeds a dangling port will be removed. ;
+-----------------+--------+----------+-------------------------------------------------------------------------------------+


+---------------------------------------------------------------------------------------------------------------------------+
; Port Connectivity Checks: "FIR_filter:filter_block[1].filter"                                                             ;
+-----------------+--------+----------+-------------------------------------------------------------------------------------+
; Port            ; Type   ; Severity ; Details                                                                             ;
+-----------------+--------+----------+-------------------------------------------------------------------------------------+
; filter_data_out ; Output ; Info     ; Connected to dangling logic. Logic that only feeds a dangling port will be removed. ;
+-----------------+--------+----------+-------------------------------------------------------------------------------------+


+----------------------------------------------------------------------------------------------------------------------------------------------------------------+
; Port Connectivity Checks: "FIR_filter:filter_block[0].filter|mac:mac"                                                                                          ;
+----------+--------+----------+---------------------------------------------------------------------------------------------------------------------------------+
; Port     ; Type   ; Severity ; Details                                                                                                                         ;
+----------+--------+----------+---------------------------------------------------------------------------------------------------------------------------------+
; data_out ; Output ; Warning  ; Output or bidir port (32 bits) is wider than the port expression (16 bits) it drives; bit(s) "data_out[31..16]" have no fanouts ;
+----------+--------+----------+---------------------------------------------------------------------------------------------------------------------------------+


+---------------------------------------------------------------------------------------------------------------------------+
; Port Connectivity Checks: "FIR_filter:filter_block[0].filter"                                                             ;
+-----------------+--------+----------+-------------------------------------------------------------------------------------+
; Port            ; Type   ; Severity ; Details                                                                             ;
+-----------------+--------+----------+-------------------------------------------------------------------------------------+
; filter_data_out ; Output ; Info     ; Connected to dangling logic. Logic that only feeds a dangling port will be removed. ;
+-----------------+--------+----------+-------------------------------------------------------------------------------------+


+-----------------------------------------------------+
; Post-Synthesis Netlist Statistics for Top Partition ;
+-----------------------+-----------------------------+
; Type                  ; Count                       ;
+-----------------------+-----------------------------+
; boundary_port         ; 74                          ;
; cycloneiii_ff         ; 1094                        ;
;     CLR               ; 22                          ;
;     CLR SCLR          ; 32                          ;
;     ENA               ; 16                          ;
;     ENA CLR           ; 1024                        ;
; cycloneiii_lcell_comb ; 800                         ;
;     arith             ; 51                          ;
;         2 data inputs ; 5                           ;
;         3 data inputs ; 46                          ;
;     normal            ; 749                         ;
;         1 data inputs ; 1                           ;
;         2 data inputs ; 2                           ;
;         3 data inputs ; 2                           ;
;         4 data inputs ; 744                         ;
; cycloneiii_mac_mult   ; 1                           ;
; cycloneiii_mac_out    ; 1                           ;
;                       ;                             ;
; Max LUT depth         ; 6.10                        ;
; Average LUT depth     ; 4.47                        ;
+-----------------------+-----------------------------+


+-------------------------------+
; Elapsed Time Per Partition    ;
+----------------+--------------+
; Partition Name ; Elapsed Time ;
+----------------+--------------+
; Top            ; 00:00:01     ;
+----------------+--------------+


+-------------------------------+
; Analysis & Synthesis Messages ;
+-------------------------------+
Info: *******************************************************************
Info: Running Quartus Prime Analysis & Synthesis
    Info: Version 23.1std.0 Build 991 11/28/2023 SC Lite Edition
    Info: Processing started: Sat Apr 13 08:14:22 2024
Info: Command: quartus_map --read_settings_files=on --write_settings_files=off Equalizer -c Equalizer
Warning (18236): Number of processors has not been specified which may cause overloading on shared machines.  Set the global assignment NUM_PARALLEL_PROCESSORS in your QSF to an appropriate value for best performance.
Info (20030): Parallel compilation is enabled and will use 4 of the 4 processors detected
Info (12021): Found 1 design units, including 1 entities, in source file coeffs.v
    Info (12023): Found entity 1: coeffs File: D:/Verilog project/DigitalDesign/DigitalDesign/Midterm/coeffs.v Line: 1
Info (12021): Found 1 design units, including 1 entities, in source file delay.v
    Info (12023): Found entity 1: delay File: D:/Verilog project/DigitalDesign/DigitalDesign/Midterm/delay.v Line: 1
Info (12021): Found 1 design units, including 1 entities, in source file counter.v
    Info (12023): Found entity 1: counter File: D:/Verilog project/DigitalDesign/DigitalDesign/Midterm/counter.v Line: 1
Info (12021): Found 1 design units, including 1 entities, in source file mac.v
    Info (12023): Found entity 1: mac File: D:/Verilog project/DigitalDesign/DigitalDesign/Midterm/mac.v Line: 41
Info (12021): Found 1 design units, including 1 entities, in source file fir_filter.v
    Info (12023): Found entity 1: FIR_filter File: D:/Verilog project/DigitalDesign/DigitalDesign/Midterm/FIR_filter.v Line: 1
Info (12021): Found 2 design units, including 2 entities, in source file multiplier.v
    Info (12023): Found entity 1: multiplier File: D:/Verilog project/DigitalDesign/DigitalDesign/Midterm/multiplier.v Line: 44
    Info (12023): Found entity 2: multiplier_tb File: D:/Verilog project/DigitalDesign/DigitalDesign/Midterm/multiplier.v Line: 67
Info (12021): Found 1 design units, including 1 entities, in source file half_adder.v
    Info (12023): Found entity 1: half_adder File: D:/Verilog project/DigitalDesign/DigitalDesign/Midterm/half_adder.v Line: 1
Info (12021): Found 1 design units, including 1 entities, in source file full_adder.v
    Info (12023): Found entity 1: full_adder File: D:/Verilog project/DigitalDesign/DigitalDesign/Midterm/full_adder.v Line: 1
Info (12021): Found 1 design units, including 1 entities, in source file equalizer.v
    Info (12023): Found entity 1: Equalizer File: D:/Verilog project/DigitalDesign/DigitalDesign/Midterm/Equalizer.v Line: 1
Info (12021): Found 1 design units, including 1 entities, in source file mac_tb.v
    Info (12023): Found entity 1: mac_tb File: D:/Verilog project/DigitalDesign/DigitalDesign/Midterm/mac_tb.v Line: 1
Info (12021): Found 1 design units, including 1 entities, in source file fir_filter_tb.v
    Info (12023): Found entity 1: FIR_filter_tb File: D:/Verilog project/DigitalDesign/DigitalDesign/Midterm/FIR_filter_tb.v Line: 2
Warning (10222): Verilog HDL Parameter Declaration warning at counter.v(10): Parameter Declaration in module "counter" behaves as a Local Parameter Declaration because the module has a Module Parameter Port List File: D:/Verilog project/DigitalDesign/DigitalDesign/Midterm/counter.v Line: 10
Warning (10222): Verilog HDL Parameter Declaration warning at counter.v(11): Parameter Declaration in module "counter" behaves as a Local Parameter Declaration because the module has a Module Parameter Port List File: D:/Verilog project/DigitalDesign/DigitalDesign/Midterm/counter.v Line: 11
Info (12127): Elaborating entity "Equalizer" for the top level hierarchy
Info (12128): Elaborating entity "counter" for hierarchy "counter:counter" File: D:/Verilog project/DigitalDesign/DigitalDesign/Midterm/Equalizer.v Line: 17
Warning (10230): Verilog HDL assignment warning at counter.v(21): truncated value with size 32 to match size of target (6) File: D:/Verilog project/DigitalDesign/DigitalDesign/Midterm/counter.v Line: 21
Warning (10230): Verilog HDL assignment warning at counter.v(26): truncated value with size 32 to match size of target (1) File: D:/Verilog project/DigitalDesign/DigitalDesign/Midterm/counter.v Line: 26
Info (12128): Elaborating entity "FIR_filter" for hierarchy "FIR_filter:filter_block[0].filter" File: D:/Verilog project/DigitalDesign/DigitalDesign/Midterm/Equalizer.v Line: 31
Info (12128): Elaborating entity "coeffs" for hierarchy "FIR_filter:filter_block[0].filter|coeffs:coeffs" File: D:/Verilog project/DigitalDesign/DigitalDesign/Midterm/FIR_filter.v Line: 21
Info (12128): Elaborating entity "delay" for hierarchy "FIR_filter:filter_block[0].filter|delay:delay" File: D:/Verilog project/DigitalDesign/DigitalDesign/Midterm/FIR_filter.v Line: 23
Info (12128): Elaborating entity "mac" for hierarchy "FIR_filter:filter_block[0].filter|mac:mac" File: D:/Verilog project/DigitalDesign/DigitalDesign/Midterm/FIR_filter.v Line: 25
Warning (12030): Port "data_out" on the entity instantiation of "mac" is connected to a signal of width 16. The formal width of the signal in the module is 32.  The extra bits will be left dangling without any fan-out logic. File: D:/Verilog project/DigitalDesign/DigitalDesign/Midterm/FIR_filter.v Line: 25
Warning (12030): Port "data_out" on the entity instantiation of "mac" is connected to a signal of width 16. The formal width of the signal in the module is 32.  The extra bits will be left dangling without any fan-out logic. File: D:/Verilog project/DigitalDesign/DigitalDesign/Midterm/FIR_filter.v Line: 25
Warning (12030): Port "data_out" on the entity instantiation of "mac" is connected to a signal of width 16. The formal width of the signal in the module is 32.  The extra bits will be left dangling without any fan-out logic. File: D:/Verilog project/DigitalDesign/DigitalDesign/Midterm/FIR_filter.v Line: 25
Warning (12030): Port "data_out" on the entity instantiation of "mac" is connected to a signal of width 16. The formal width of the signal in the module is 32.  The extra bits will be left dangling without any fan-out logic. File: D:/Verilog project/DigitalDesign/DigitalDesign/Midterm/FIR_filter.v Line: 25
Warning (12030): Port "data_out" on the entity instantiation of "mac" is connected to a signal of width 16. The formal width of the signal in the module is 32.  The extra bits will be left dangling without any fan-out logic. File: D:/Verilog project/DigitalDesign/DigitalDesign/Midterm/FIR_filter.v Line: 25
Warning (12030): Port "data_out" on the entity instantiation of "mac" is connected to a signal of width 16. The formal width of the signal in the module is 32.  The extra bits will be left dangling without any fan-out logic. File: D:/Verilog project/DigitalDesign/DigitalDesign/Midterm/FIR_filter.v Line: 25
Warning (12030): Port "data_out" on the entity instantiation of "mac" is connected to a signal of width 16. The formal width of the signal in the module is 32.  The extra bits will be left dangling without any fan-out logic. File: D:/Verilog project/DigitalDesign/DigitalDesign/Midterm/FIR_filter.v Line: 25
Info (278001): Inferred 1 megafunctions from design logic
    Info (278003): Inferred multiplier megafunction ("lpm_mult") from the following logic: "FIR_filter:filter_block[7].filter|mac:mac|Mult0" File: D:/Verilog project/DigitalDesign/DigitalDesign/Midterm/mac.v Line: 57
Info (12130): Elaborated megafunction instantiation "FIR_filter:filter_block[7].filter|mac:mac|lpm_mult:Mult0" File: D:/Verilog project/DigitalDesign/DigitalDesign/Midterm/mac.v Line: 57
Info (12133): Instantiated megafunction "FIR_filter:filter_block[7].filter|mac:mac|lpm_mult:Mult0" with the following parameter: File: D:/Verilog project/DigitalDesign/DigitalDesign/Midterm/mac.v Line: 57
    Info (12134): Parameter "LPM_WIDTHA" = "16"
    Info (12134): Parameter "LPM_WIDTHB" = "11"
    Info (12134): Parameter "LPM_WIDTHP" = "27"
    Info (12134): Parameter "LPM_WIDTHR" = "27"
    Info (12134): Parameter "LPM_WIDTHS" = "1"
    Info (12134): Parameter "LPM_REPRESENTATION" = "SIGNED"
    Info (12134): Parameter "INPUT_A_IS_CONSTANT" = "NO"
    Info (12134): Parameter "INPUT_B_IS_CONSTANT" = "NO"
    Info (12134): Parameter "MAXIMIZE_SPEED" = "5"
Info (12021): Found 1 design units, including 1 entities, in source file db/mult_26t.tdf
    Info (12023): Found entity 1: mult_26t File: D:/Verilog project/DigitalDesign/DigitalDesign/Midterm/db/mult_26t.tdf Line: 29
Warning (12241): 1 hierarchies have connectivity warnings - see the Connectivity Checks report folder
Info (286030): Timing-Driven Synthesis is running
Info (16010): Generating hard_block partition "hard_block:auto_generated_inst"
    Info (16011): Adding 0 node(s), including 0 DDIO, 0 PLL, 0 transceiver and 0 LCELL
Warning (21074): Design contains 40 input pin(s) that do not drive logic
    Warning (15610): No output dependent on input pin "gain[0]" File: D:/Verilog project/DigitalDesign/DigitalDesign/Midterm/Equalizer.v Line: 9
    Warning (15610): No output dependent on input pin "gain[1]" File: D:/Verilog project/DigitalDesign/DigitalDesign/Midterm/Equalizer.v Line: 9
    Warning (15610): No output dependent on input pin "gain[2]" File: D:/Verilog project/DigitalDesign/DigitalDesign/Midterm/Equalizer.v Line: 9
    Warning (15610): No output dependent on input pin "gain[3]" File: D:/Verilog project/DigitalDesign/DigitalDesign/Midterm/Equalizer.v Line: 9
    Warning (15610): No output dependent on input pin "gain[4]" File: D:/Verilog project/DigitalDesign/DigitalDesign/Midterm/Equalizer.v Line: 9
    Warning (15610): No output dependent on input pin "gain[5]" File: D:/Verilog project/DigitalDesign/DigitalDesign/Midterm/Equalizer.v Line: 9
    Warning (15610): No output dependent on input pin "gain[6]" File: D:/Verilog project/DigitalDesign/DigitalDesign/Midterm/Equalizer.v Line: 9
    Warning (15610): No output dependent on input pin "gain[7]" File: D:/Verilog project/DigitalDesign/DigitalDesign/Midterm/Equalizer.v Line: 9
    Warning (15610): No output dependent on input pin "gain[8]" File: D:/Verilog project/DigitalDesign/DigitalDesign/Midterm/Equalizer.v Line: 9
    Warning (15610): No output dependent on input pin "gain[9]" File: D:/Verilog project/DigitalDesign/DigitalDesign/Midterm/Equalizer.v Line: 9
    Warning (15610): No output dependent on input pin "gain[10]" File: D:/Verilog project/DigitalDesign/DigitalDesign/Midterm/Equalizer.v Line: 9
    Warning (15610): No output dependent on input pin "gain[11]" File: D:/Verilog project/DigitalDesign/DigitalDesign/Midterm/Equalizer.v Line: 9
    Warning (15610): No output dependent on input pin "gain[12]" File: D:/Verilog project/DigitalDesign/DigitalDesign/Midterm/Equalizer.v Line: 9
    Warning (15610): No output dependent on input pin "gain[13]" File: D:/Verilog project/DigitalDesign/DigitalDesign/Midterm/Equalizer.v Line: 9
    Warning (15610): No output dependent on input pin "gain[14]" File: D:/Verilog project/DigitalDesign/DigitalDesign/Midterm/Equalizer.v Line: 9
    Warning (15610): No output dependent on input pin "gain[15]" File: D:/Verilog project/DigitalDesign/DigitalDesign/Midterm/Equalizer.v Line: 9
    Warning (15610): No output dependent on input pin "gain[16]" File: D:/Verilog project/DigitalDesign/DigitalDesign/Midterm/Equalizer.v Line: 9
    Warning (15610): No output dependent on input pin "gain[17]" File: D:/Verilog project/DigitalDesign/DigitalDesign/Midterm/Equalizer.v Line: 9
    Warning (15610): No output dependent on input pin "gain[18]" File: D:/Verilog project/DigitalDesign/DigitalDesign/Midterm/Equalizer.v Line: 9
    Warning (15610): No output dependent on input pin "gain[19]" File: D:/Verilog project/DigitalDesign/DigitalDesign/Midterm/Equalizer.v Line: 9
    Warning (15610): No output dependent on input pin "gain[20]" File: D:/Verilog project/DigitalDesign/DigitalDesign/Midterm/Equalizer.v Line: 9
    Warning (15610): No output dependent on input pin "gain[21]" File: D:/Verilog project/DigitalDesign/DigitalDesign/Midterm/Equalizer.v Line: 9
    Warning (15610): No output dependent on input pin "gain[22]" File: D:/Verilog project/DigitalDesign/DigitalDesign/Midterm/Equalizer.v Line: 9
    Warning (15610): No output dependent on input pin "gain[23]" File: D:/Verilog project/DigitalDesign/DigitalDesign/Midterm/Equalizer.v Line: 9
    Warning (15610): No output dependent on input pin "gain[24]" File: D:/Verilog project/DigitalDesign/DigitalDesign/Midterm/Equalizer.v Line: 9
    Warning (15610): No output dependent on input pin "gain[25]" File: D:/Verilog project/DigitalDesign/DigitalDesign/Midterm/Equalizer.v Line: 9
    Warning (15610): No output dependent on input pin "gain[26]" File: D:/Verilog project/DigitalDesign/DigitalDesign/Midterm/Equalizer.v Line: 9
    Warning (15610): No output dependent on input pin "gain[27]" File: D:/Verilog project/DigitalDesign/DigitalDesign/Midterm/Equalizer.v Line: 9
    Warning (15610): No output dependent on input pin "gain[28]" File: D:/Verilog project/DigitalDesign/DigitalDesign/Midterm/Equalizer.v Line: 9
    Warning (15610): No output dependent on input pin "gain[29]" File: D:/Verilog project/DigitalDesign/DigitalDesign/Midterm/Equalizer.v Line: 9
    Warning (15610): No output dependent on input pin "gain[30]" File: D:/Verilog project/DigitalDesign/DigitalDesign/Midterm/Equalizer.v Line: 9
    Warning (15610): No output dependent on input pin "gain[31]" File: D:/Verilog project/DigitalDesign/DigitalDesign/Midterm/Equalizer.v Line: 9
    Warning (15610): No output dependent on input pin "gain[32]" File: D:/Verilog project/DigitalDesign/DigitalDesign/Midterm/Equalizer.v Line: 9
    Warning (15610): No output dependent on input pin "gain[33]" File: D:/Verilog project/DigitalDesign/DigitalDesign/Midterm/Equalizer.v Line: 9
    Warning (15610): No output dependent on input pin "gain[34]" File: D:/Verilog project/DigitalDesign/DigitalDesign/Midterm/Equalizer.v Line: 9
    Warning (15610): No output dependent on input pin "gain[35]" File: D:/Verilog project/DigitalDesign/DigitalDesign/Midterm/Equalizer.v Line: 9
    Warning (15610): No output dependent on input pin "gain[36]" File: D:/Verilog project/DigitalDesign/DigitalDesign/Midterm/Equalizer.v Line: 9
    Warning (15610): No output dependent on input pin "gain[37]" File: D:/Verilog project/DigitalDesign/DigitalDesign/Midterm/Equalizer.v Line: 9
    Warning (15610): No output dependent on input pin "gain[38]" File: D:/Verilog project/DigitalDesign/DigitalDesign/Midterm/Equalizer.v Line: 9
    Warning (15610): No output dependent on input pin "gain[39]" File: D:/Verilog project/DigitalDesign/DigitalDesign/Midterm/Equalizer.v Line: 9
Info (21057): Implemented 1916 device resources after synthesis - the final resource count might be different
    Info (21058): Implemented 58 input pins
    Info (21059): Implemented 16 output pins
    Info (21061): Implemented 1840 logic cells
    Info (21062): Implemented 2 DSP elements
Info: Quartus Prime Analysis & Synthesis was successful. 0 errors, 54 warnings
    Info: Peak virtual memory: 4793 megabytes
    Info: Processing ended: Sat Apr 13 08:14:31 2024
    Info: Elapsed time: 00:00:09
    Info: Total CPU time (on all processors): 00:00:10


