Analysis & Synthesis report for RISC-V
Fri May 17 04:36:14 2024
Quartus Prime Version 23.1std.0 Build 991 11/28/2023 SC Lite Edition


---------------------
; Table of Contents ;
---------------------
  1. Legal Notice
  2. Analysis & Synthesis Summary
  3. Analysis & Synthesis Settings
  4. Parallel Compilation
  5. Analysis & Synthesis Source Files Read
  6. Analysis & Synthesis Resource Usage Summary
  7. Analysis & Synthesis Resource Utilization by Entity
  8. User-Specified and Inferred Latches
  9. General Register Statistics
 10. Multiplexer Restructuring Statistics (Restructuring Performed)
 11. Port Connectivity Checks: "Main_decoder:main"
 12. Post-Synthesis Netlist Statistics for Top Partition
 13. Elapsed Time Per Partition
 14. Analysis & Synthesis Messages



----------------
; Legal Notice ;
----------------
Copyright (C) 2023  Intel Corporation. All rights reserved.
Your use of Intel Corporation's design tools, logic functions 
and other software and tools, and any partner logic 
functions, and any output files from any of the foregoing 
(including device programming or simulation files), and any 
associated documentation or information are expressly subject 
to the terms and conditions of the Intel Program License 
Subscription Agreement, the Intel Quartus Prime License Agreement,
the Intel FPGA IP License Agreement, or other applicable license
agreement, including, without limitation, that your use is for
the sole purpose of programming logic devices manufactured by
Intel and sold by Intel or its authorized distributors.  Please
refer to the applicable agreement for further details, at
https://fpgasoftware.intel.com/eula.



+----------------------------------------------------------------------------------+
; Analysis & Synthesis Summary                                                     ;
+---------------------------------+------------------------------------------------+
; Analysis & Synthesis Status     ; Successful - Fri May 17 04:36:14 2024          ;
; Quartus Prime Version           ; 23.1std.0 Build 991 11/28/2023 SC Lite Edition ;
; Revision Name                   ; RISC-V                                         ;
; Top-level Entity Name           ; control_unit                                   ;
; Family                          ; Cyclone V                                      ;
; Logic utilization (in ALMs)     ; N/A                                            ;
; Total registers                 ; 0                                              ;
; Total pins                      ; 27                                             ;
; Total virtual pins              ; 0                                              ;
; Total block memory bits         ; 0                                              ;
; Total DSP Blocks                ; 0                                              ;
; Total HSSI RX PCSs              ; 0                                              ;
; Total HSSI PMA RX Deserializers ; 0                                              ;
; Total HSSI TX PCSs              ; 0                                              ;
; Total HSSI PMA TX Serializers   ; 0                                              ;
; Total PLLs                      ; 0                                              ;
; Total DLLs                      ; 0                                              ;
+---------------------------------+------------------------------------------------+


+---------------------------------------------------------------------------------------------------------------------------+
; Analysis & Synthesis Settings                                                                                             ;
+---------------------------------------------------------------------------------+--------------------+--------------------+
; Option                                                                          ; Setting            ; Default Value      ;
+---------------------------------------------------------------------------------+--------------------+--------------------+
; Device                                                                          ; 5CGXFC7C7F23C8     ;                    ;
; Top-level entity name                                                           ; control_unit       ; RISC-V             ;
; Family name                                                                     ; Cyclone V          ; Cyclone V          ;
; Use smart compilation                                                           ; Off                ; Off                ;
; Enable parallel Assembler and Timing Analyzer during compilation                ; On                 ; On                 ;
; Enable compact report table                                                     ; Off                ; Off                ;
; Restructure Multiplexers                                                        ; Auto               ; Auto               ;
; MLAB Add Timing Constraints For Mixed-Port Feed-Through Mode Setting Don't Care ; Off                ; Off                ;
; Create Debugging Nodes for IP Cores                                             ; Off                ; Off                ;
; Preserve fewer node names                                                       ; On                 ; On                 ;
; Intel FPGA IP Evaluation Mode                                                   ; Enable             ; Enable             ;
; Verilog Version                                                                 ; Verilog_2001       ; Verilog_2001       ;
; VHDL Version                                                                    ; VHDL_1993          ; VHDL_1993          ;
; State Machine Processing                                                        ; Auto               ; Auto               ;
; Safe State Machine                                                              ; Off                ; Off                ;
; Extract Verilog State Machines                                                  ; On                 ; On                 ;
; Extract VHDL State Machines                                                     ; On                 ; On                 ;
; Ignore Verilog initial constructs                                               ; Off                ; Off                ;
; Iteration limit for constant Verilog loops                                      ; 5000               ; 5000               ;
; Iteration limit for non-constant Verilog loops                                  ; 250                ; 250                ;
; Add Pass-Through Logic to Inferred RAMs                                         ; On                 ; On                 ;
; Infer RAMs from Raw Logic                                                       ; On                 ; On                 ;
; Parallel Synthesis                                                              ; On                 ; On                 ;
; DSP Block Balancing                                                             ; Auto               ; Auto               ;
; NOT Gate Push-Back                                                              ; On                 ; On                 ;
; Power-Up Don't Care                                                             ; On                 ; On                 ;
; Remove Redundant Logic Cells                                                    ; Off                ; Off                ;
; Remove Duplicate Registers                                                      ; On                 ; On                 ;
; Ignore CARRY Buffers                                                            ; Off                ; Off                ;
; Ignore CASCADE Buffers                                                          ; Off                ; Off                ;
; Ignore GLOBAL Buffers                                                           ; Off                ; Off                ;
; Ignore ROW GLOBAL Buffers                                                       ; Off                ; Off                ;
; Ignore LCELL Buffers                                                            ; Off                ; Off                ;
; Ignore SOFT Buffers                                                             ; On                 ; On                 ;
; Limit AHDL Integers to 32 Bits                                                  ; Off                ; Off                ;
; Optimization Technique                                                          ; Balanced           ; Balanced           ;
; Carry Chain Length                                                              ; 70                 ; 70                 ;
; Auto Carry Chains                                                               ; On                 ; On                 ;
; Auto Open-Drain Pins                                                            ; On                 ; On                 ;
; Perform WYSIWYG Primitive Resynthesis                                           ; Off                ; Off                ;
; Auto ROM Replacement                                                            ; On                 ; On                 ;
; Auto RAM Replacement                                                            ; On                 ; On                 ;
; Auto DSP Block Replacement                                                      ; On                 ; On                 ;
; Auto Shift Register Replacement                                                 ; Auto               ; Auto               ;
; Allow Shift Register Merging across Hierarchies                                 ; Auto               ; Auto               ;
; Auto Clock Enable Replacement                                                   ; On                 ; On                 ;
; Strict RAM Replacement                                                          ; Off                ; Off                ;
; Allow Synchronous Control Signals                                               ; On                 ; On                 ;
; Force Use of Synchronous Clear Signals                                          ; Off                ; Off                ;
; Auto Resource Sharing                                                           ; Off                ; Off                ;
; Allow Any RAM Size For Recognition                                              ; Off                ; Off                ;
; Allow Any ROM Size For Recognition                                              ; Off                ; Off                ;
; Allow Any Shift Register Size For Recognition                                   ; Off                ; Off                ;
; Use LogicLock Constraints during Resource Balancing                             ; On                 ; On                 ;
; Ignore translate_off and synthesis_off directives                               ; Off                ; Off                ;
; Timing-Driven Synthesis                                                         ; On                 ; On                 ;
; Report Parameter Settings                                                       ; On                 ; On                 ;
; Report Source Assignments                                                       ; On                 ; On                 ;
; Report Connectivity Checks                                                      ; On                 ; On                 ;
; Ignore Maximum Fan-Out Assignments                                              ; Off                ; Off                ;
; Synchronization Register Chain Length                                           ; 3                  ; 3                  ;
; Power Optimization During Synthesis                                             ; Normal compilation ; Normal compilation ;
; HDL message level                                                               ; Level2             ; Level2             ;
; Suppress Register Optimization Related Messages                                 ; Off                ; Off                ;
; Number of Removed Registers Reported in Synthesis Report                        ; 5000               ; 5000               ;
; Number of Swept Nodes Reported in Synthesis Report                              ; 5000               ; 5000               ;
; Number of Inverted Registers Reported in Synthesis Report                       ; 100                ; 100                ;
; Clock MUX Protection                                                            ; On                 ; On                 ;
; Auto Gated Clock Conversion                                                     ; Off                ; Off                ;
; Block Design Naming                                                             ; Auto               ; Auto               ;
; SDC constraint protection                                                       ; Off                ; Off                ;
; Synthesis Effort                                                                ; Auto               ; Auto               ;
; Shift Register Replacement - Allow Asynchronous Clear Signal                    ; On                 ; On                 ;
; Pre-Mapping Resynthesis Optimization                                            ; Off                ; Off                ;
; Analysis & Synthesis Message Level                                              ; Medium             ; Medium             ;
; Disable Register Merging Across Hierarchies                                     ; Auto               ; Auto               ;
; Resource Aware Inference For Block RAM                                          ; On                 ; On                 ;
; Automatic Parallel Synthesis                                                    ; On                 ; On                 ;
; Partial Reconfiguration Bitstream ID                                            ; Off                ; Off                ;
+---------------------------------------------------------------------------------+--------------------+--------------------+


+------------------------------------------+
; Parallel Compilation                     ;
+----------------------------+-------------+
; Processors                 ; Number      ;
+----------------------------+-------------+
; Number detected on machine ; 8           ;
; Maximum allowed            ; 4           ;
;                            ;             ;
; Average used               ; 1.00        ;
; Maximum used               ; 4           ;
;                            ;             ;
; Usage by Processor         ; % Time Used ;
;     Processor 1            ; 100.0%      ;
;     Processors 2-4         ;   0.0%      ;
+----------------------------+-------------+


+-----------------------------------------------------------------------------------------------------------------------------------------------------------------+
; Analysis & Synthesis Source Files Read                                                                                                                          ;
+---------------------------------------+-----------------+------------------------+--------------------------------------------------------------------+---------+
; File Name with User-Entered Path      ; Used in Netlist ; File Type              ; File Name with Absolute Path                                       ; Library ;
+---------------------------------------+-----------------+------------------------+--------------------------------------------------------------------+---------+
; ../RISC-V singer cycle/control_unit.v ; yes             ; User Verilog HDL File  ; C:/TKS/DigitalDesign/manhhung_1/RISC-V singer cycle/control_unit.v ;         ;
; ../RISC-V singer cycle/Main_decoder.v ; yes             ; User Verilog HDL File  ; C:/TKS/DigitalDesign/manhhung_1/RISC-V singer cycle/Main_decoder.v ;         ;
; ../RISC-V singer cycle/ALU_decoder.v  ; yes             ; User Verilog HDL File  ; C:/TKS/DigitalDesign/manhhung_1/RISC-V singer cycle/ALU_decoder.v  ;         ;
+---------------------------------------+-----------------+------------------------+--------------------------------------------------------------------+---------+


+---------------------------------------------------------------------------+
; Analysis & Synthesis Resource Usage Summary                               ;
+---------------------------------------------+-----------------------------+
; Resource                                    ; Usage                       ;
+---------------------------------------------+-----------------------------+
; Estimate of Logic utilization (ALMs needed) ; 17                          ;
;                                             ;                             ;
; Combinational ALUT usage for logic          ; 25                          ;
;     -- 7 input functions                    ; 0                           ;
;     -- 6 input functions                    ; 8                           ;
;     -- 5 input functions                    ; 4                           ;
;     -- 4 input functions                    ; 2                           ;
;     -- <=3 input functions                  ; 11                          ;
;                                             ;                             ;
; Dedicated logic registers                   ; 0                           ;
;                                             ;                             ;
; I/O pins                                    ; 27                          ;
;                                             ;                             ;
; Total DSP Blocks                            ; 0                           ;
;                                             ;                             ;
; Maximum fan-out node                        ; ALU_decoder:decode_1|Add0~5 ;
; Maximum fan-out                             ; 9                           ;
; Total fan-out                               ; 127                         ;
; Average fan-out                             ; 1.61                        ;
+---------------------------------------------+-----------------------------+


+--------------------------------------------------------------------------------------------------------------------------------------------------------------------------------------------------------+
; Analysis & Synthesis Resource Utilization by Entity                                                                                                                                                    ;
+----------------------------+---------------------+---------------------------+-------------------+------------+------+--------------+------------------------------------+--------------+--------------+
; Compilation Hierarchy Node ; Combinational ALUTs ; Dedicated Logic Registers ; Block Memory Bits ; DSP Blocks ; Pins ; Virtual Pins ; Full Hierarchy Name                ; Entity Name  ; Library Name ;
+----------------------------+---------------------+---------------------------+-------------------+------------+------+--------------+------------------------------------+--------------+--------------+
; |control_unit              ; 25 (0)              ; 0 (0)                     ; 0                 ; 0          ; 27   ; 0            ; |control_unit                      ; control_unit ; work         ;
;    |ALU_decoder:decode_1|  ; 25 (25)             ; 0 (0)                     ; 0                 ; 0          ; 0    ; 0            ; |control_unit|ALU_decoder:decode_1 ; ALU_decoder  ; work         ;
+----------------------------+---------------------+---------------------------+-------------------+------------+------+--------------+------------------------------------+--------------+--------------+
Note: For table entries with two numbers listed, the numbers in parentheses indicate the number of resources of the given type used by the specific entity alone. The numbers listed outside of parentheses indicate the total resources of the given type used by the specific entity and all of its sub-entities in the hierarchy.


+---------------------------------------------------------------------------------------------------------------+
; User-Specified and Inferred Latches                                                                           ;
+----------------------------------------------------+---------------------------------+------------------------+
; Latch Name                                         ; Latch Enable Signal             ; Free of Timing Hazards ;
+----------------------------------------------------+---------------------------------+------------------------+
; ALU_decoder:decode_1|ALUControl[0]                 ; ALU_decoder:decode_1|ALUControl ; yes                    ;
; Number of user-specified and inferred latches = 1  ;                                 ;                        ;
+----------------------------------------------------+---------------------------------+------------------------+
Note: All latches listed above may not be present at the end of synthesis due to various synthesis optimizations.


+------------------------------------------------------+
; General Register Statistics                          ;
+----------------------------------------------+-------+
; Statistic                                    ; Value ;
+----------------------------------------------+-------+
; Total registers                              ; 0     ;
; Number of registers using Synchronous Clear  ; 0     ;
; Number of registers using Synchronous Load   ; 0     ;
; Number of registers using Asynchronous Clear ; 0     ;
; Number of registers using Asynchronous Load  ; 0     ;
; Number of registers using Clock Enable       ; 0     ;
; Number of registers using Preset             ; 0     ;
+----------------------------------------------+-------+


+-------------------------------------------------------------------------------------------------------------------------------------------------------------+
; Multiplexer Restructuring Statistics (Restructuring Performed)                                                                                              ;
+--------------------+-----------+---------------+----------------------+------------------------+------------+-----------------------------------------------+
; Multiplexer Inputs ; Bus Width ; Baseline Area ; Area if Restructured ; Saving if Restructured ; Registered ; Example Multiplexer Output                    ;
+--------------------+-----------+---------------+----------------------+------------------------+------------+-----------------------------------------------+
; 5:1                ; 2 bits    ; 6 LEs         ; 6 LEs                ; 0 LEs                  ; No         ; |control_unit|ALU_decoder:decode_1|ShiftLeft0 ;
; 5:1                ; 2 bits    ; 6 LEs         ; 4 LEs                ; 2 LEs                  ; No         ; |control_unit|ALU_decoder:decode_1|ShiftLeft0 ;
+--------------------+-----------+---------------+----------------------+------------------------+------------+-----------------------------------------------+


+------------------------------------------------------------------------------------------------------------------+
; Port Connectivity Checks: "Main_decoder:main"                                                                    ;
+--------+--------+----------+-------------------------------------------------------------------------------------+
; Port   ; Type   ; Severity ; Details                                                                             ;
+--------+--------+----------+-------------------------------------------------------------------------------------+
; Branch ; Output ; Info     ; Connected to dangling logic. Logic that only feeds a dangling port will be removed. ;
+--------+--------+----------+-------------------------------------------------------------------------------------+


+-----------------------------------------------------+
; Post-Synthesis Netlist Statistics for Top Partition ;
+-----------------------+-----------------------------+
; Type                  ; Count                       ;
+-----------------------+-----------------------------+
; arriav_lcell_comb     ; 27                          ;
;     arith             ; 8                           ;
;         0 data inputs ; 1                           ;
;         1 data inputs ; 7                           ;
;     normal            ; 19                          ;
;         0 data inputs ; 2                           ;
;         3 data inputs ; 3                           ;
;         4 data inputs ; 2                           ;
;         5 data inputs ; 4                           ;
;         6 data inputs ; 8                           ;
; boundary_port         ; 27                          ;
;                       ;                             ;
; Max LUT depth         ; 5.60                        ;
; Average LUT depth     ; 4.85                        ;
+-----------------------+-----------------------------+


+-------------------------------+
; Elapsed Time Per Partition    ;
+----------------+--------------+
; Partition Name ; Elapsed Time ;
+----------------+--------------+
; Top            ; 00:00:00     ;
+----------------+--------------+


+-------------------------------+
; Analysis & Synthesis Messages ;
+-------------------------------+
Info: *******************************************************************
Info: Running Quartus Prime Analysis & Synthesis
    Info: Version 23.1std.0 Build 991 11/28/2023 SC Lite Edition
    Info: Processing started: Fri May 17 04:36:04 2024
Info: Command: quartus_map --read_settings_files=on --write_settings_files=off RISC-V -c RISC-V
Warning (18236): Number of processors has not been specified which may cause overloading on shared machines.  Set the global assignment NUM_PARALLEL_PROCESSORS in your QSF to an appropriate value for best performance.
Info (20030): Parallel compilation is enabled and will use 4 of the 4 processors detected
Info (12021): Found 1 design units, including 1 entities, in source file /tks/digitaldesign/manhhung_1/risc-v singer cycle/pc.v
    Info (12023): Found entity 1: PC File: C:/TKS/DigitalDesign/manhhung_1/RISC-V singer cycle/PC.v Line: 1
Info (12021): Found 1 design units, including 1 entities, in source file /tks/digitaldesign/manhhung_1/risc-v singer cycle/mux_fetch.v
    Info (12023): Found entity 1: MUX_PETCH File: C:/TKS/DigitalDesign/manhhung_1/RISC-V singer cycle/MUX_FETCH.v Line: 1
Info (12021): Found 1 design units, including 1 entities, in source file /tks/digitaldesign/manhhung_1/risc-v singer cycle/memory_instruction.v
    Info (12023): Found entity 1: Memory_instruction File: C:/TKS/DigitalDesign/manhhung_1/RISC-V singer cycle/Memory_instruction.v Line: 1
Info (12021): Found 1 design units, including 1 entities, in source file /tks/digitaldesign/manhhung_1/risc-v singer cycle/add_fectch.v
    Info (12023): Found entity 1: Add_Fetch File: C:/TKS/DigitalDesign/manhhung_1/RISC-V singer cycle/Add_Fectch.v Line: 1
Warning (10275): Verilog HDL Module Instantiation warning at Top_Fetch.v(26): ignored dangling comma in List of Port Connections File: C:/TKS/DigitalDesign/manhhung_1/RISC-V singer cycle/Top_Fetch.v Line: 26
Info (12021): Found 1 design units, including 1 entities, in source file /tks/digitaldesign/manhhung_1/risc-v singer cycle/top_fetch.v
    Info (12023): Found entity 1: Top_Fetch File: C:/TKS/DigitalDesign/manhhung_1/RISC-V singer cycle/Top_Fetch.v Line: 1
Info (12021): Found 1 design units, including 1 entities, in source file /tks/digitaldesign/manhhung_1/risc-v singer cycle/control_unit.v
    Info (12023): Found entity 1: control_unit File: C:/TKS/DigitalDesign/manhhung_1/RISC-V singer cycle/control_unit.v Line: 1
Info (12021): Found 0 design units, including 0 entities, in source file /tks/digitaldesign/manhhung_1/risc-v singer cycle/risc-v.vhd
Info (12021): Found 1 design units, including 1 entities, in source file /tks/digitaldesign/manhhung_1/risc-v singer cycle/main_decoder.v
    Info (12023): Found entity 1: Main_decoder File: C:/TKS/DigitalDesign/manhhung_1/RISC-V singer cycle/Main_decoder.v Line: 1
Info (12021): Found 1 design units, including 1 entities, in source file /tks/digitaldesign/manhhung_1/risc-v singer cycle/alu_decoder.v
    Info (12023): Found entity 1: ALU_decoder File: C:/TKS/DigitalDesign/manhhung_1/RISC-V singer cycle/ALU_decoder.v Line: 1
Info (12127): Elaborating entity "control_unit" for the top level hierarchy
Warning (10230): Verilog HDL assignment warning at control_unit.v(31): truncated value with size 32 to match size of target (1) File: C:/TKS/DigitalDesign/manhhung_1/RISC-V singer cycle/control_unit.v Line: 31
Info (12128): Elaborating entity "Main_decoder" for hierarchy "Main_decoder:main" File: C:/TKS/DigitalDesign/manhhung_1/RISC-V singer cycle/control_unit.v Line: 24
Warning (10230): Verilog HDL assignment warning at Main_decoder.v(19): truncated value with size 32 to match size of target (2) File: C:/TKS/DigitalDesign/manhhung_1/RISC-V singer cycle/Main_decoder.v Line: 19
Warning (10270): Verilog HDL Case Statement warning at Main_decoder.v(12): incomplete case statement has no default case item File: C:/TKS/DigitalDesign/manhhung_1/RISC-V singer cycle/Main_decoder.v Line: 12
Warning (10240): Verilog HDL Always Construct warning at Main_decoder.v(11): inferring latch(es) for variable "RegWrite", which holds its previous value in one or more paths through the always construct File: C:/TKS/DigitalDesign/manhhung_1/RISC-V singer cycle/Main_decoder.v Line: 11
Warning (10240): Verilog HDL Always Construct warning at Main_decoder.v(11): inferring latch(es) for variable "ALUSrc", which holds its previous value in one or more paths through the always construct File: C:/TKS/DigitalDesign/manhhung_1/RISC-V singer cycle/Main_decoder.v Line: 11
Warning (10240): Verilog HDL Always Construct warning at Main_decoder.v(11): inferring latch(es) for variable "Memwrite", which holds its previous value in one or more paths through the always construct File: C:/TKS/DigitalDesign/manhhung_1/RISC-V singer cycle/Main_decoder.v Line: 11
Warning (10240): Verilog HDL Always Construct warning at Main_decoder.v(11): inferring latch(es) for variable "ResultSrc", which holds its previous value in one or more paths through the always construct File: C:/TKS/DigitalDesign/manhhung_1/RISC-V singer cycle/Main_decoder.v Line: 11
Warning (10240): Verilog HDL Always Construct warning at Main_decoder.v(11): inferring latch(es) for variable "Branch", which holds its previous value in one or more paths through the always construct File: C:/TKS/DigitalDesign/manhhung_1/RISC-V singer cycle/Main_decoder.v Line: 11
Warning (10240): Verilog HDL Always Construct warning at Main_decoder.v(11): inferring latch(es) for variable "ALUOp", which holds its previous value in one or more paths through the always construct File: C:/TKS/DigitalDesign/manhhung_1/RISC-V singer cycle/Main_decoder.v Line: 11
Warning (10034): Output port "ImmSrc" at Main_decoder.v(4) has no driver File: C:/TKS/DigitalDesign/manhhung_1/RISC-V singer cycle/Main_decoder.v Line: 4
Info (10041): Inferred latch for "ALUOp[0]" at Main_decoder.v(11) File: C:/TKS/DigitalDesign/manhhung_1/RISC-V singer cycle/Main_decoder.v Line: 11
Info (10041): Inferred latch for "ALUOp[1]" at Main_decoder.v(11) File: C:/TKS/DigitalDesign/manhhung_1/RISC-V singer cycle/Main_decoder.v Line: 11
Info (10041): Inferred latch for "Branch" at Main_decoder.v(11) File: C:/TKS/DigitalDesign/manhhung_1/RISC-V singer cycle/Main_decoder.v Line: 11
Info (10041): Inferred latch for "ResultSrc" at Main_decoder.v(11) File: C:/TKS/DigitalDesign/manhhung_1/RISC-V singer cycle/Main_decoder.v Line: 11
Info (10041): Inferred latch for "Memwrite" at Main_decoder.v(11) File: C:/TKS/DigitalDesign/manhhung_1/RISC-V singer cycle/Main_decoder.v Line: 11
Info (10041): Inferred latch for "ALUSrc" at Main_decoder.v(11) File: C:/TKS/DigitalDesign/manhhung_1/RISC-V singer cycle/Main_decoder.v Line: 11
Info (10041): Inferred latch for "RegWrite" at Main_decoder.v(11) File: C:/TKS/DigitalDesign/manhhung_1/RISC-V singer cycle/Main_decoder.v Line: 11
Info (12128): Elaborating entity "ALU_decoder" for hierarchy "ALU_decoder:decode_1" File: C:/TKS/DigitalDesign/manhhung_1/RISC-V singer cycle/control_unit.v Line: 30
Warning (10270): Verilog HDL Case Statement warning at ALU_decoder.v(10): incomplete case statement has no default case item File: C:/TKS/DigitalDesign/manhhung_1/RISC-V singer cycle/ALU_decoder.v Line: 10
Warning (10240): Verilog HDL Always Construct warning at ALU_decoder.v(9): inferring latch(es) for variable "ALUControl", which holds its previous value in one or more paths through the always construct File: C:/TKS/DigitalDesign/manhhung_1/RISC-V singer cycle/ALU_decoder.v Line: 9
Info (10041): Inferred latch for "ALUControl[0]" at ALU_decoder.v(9) File: C:/TKS/DigitalDesign/manhhung_1/RISC-V singer cycle/ALU_decoder.v Line: 9
Info (10041): Inferred latch for "ALUControl[1]" at ALU_decoder.v(9) File: C:/TKS/DigitalDesign/manhhung_1/RISC-V singer cycle/ALU_decoder.v Line: 9
Info (10041): Inferred latch for "ALUControl[2]" at ALU_decoder.v(9) File: C:/TKS/DigitalDesign/manhhung_1/RISC-V singer cycle/ALU_decoder.v Line: 9
Warning (13012): Latch ALU_decoder:decode_1|ALUControl[0] has unsafe behavior File: C:/TKS/DigitalDesign/manhhung_1/RISC-V singer cycle/ALU_decoder.v Line: 9
    Warning (13013): Ports D and ENA on the latch are fed by the same signal funct3[0] File: C:/TKS/DigitalDesign/manhhung_1/RISC-V singer cycle/control_unit.v Line: 4
Warning (13024): Output pins are stuck at VCC or GND
    Warning (13410): Pin "RegWrite" is stuck at VCC File: C:/TKS/DigitalDesign/manhhung_1/RISC-V singer cycle/control_unit.v Line: 5
    Warning (13410): Pin "ImmSrc[0]" is stuck at GND File: C:/TKS/DigitalDesign/manhhung_1/RISC-V singer cycle/control_unit.v Line: 6
    Warning (13410): Pin "ImmSrc[1]" is stuck at GND File: C:/TKS/DigitalDesign/manhhung_1/RISC-V singer cycle/control_unit.v Line: 6
    Warning (13410): Pin "ALUSrc" is stuck at GND File: C:/TKS/DigitalDesign/manhhung_1/RISC-V singer cycle/control_unit.v Line: 7
    Warning (13410): Pin "Memwrite" is stuck at GND File: C:/TKS/DigitalDesign/manhhung_1/RISC-V singer cycle/control_unit.v Line: 8
    Warning (13410): Pin "ResultSrc" is stuck at GND File: C:/TKS/DigitalDesign/manhhung_1/RISC-V singer cycle/control_unit.v Line: 9
    Warning (13410): Pin "ALUControl[1]" is stuck at GND File: C:/TKS/DigitalDesign/manhhung_1/RISC-V singer cycle/control_unit.v Line: 10
    Warning (13410): Pin "ALUControl[2]" is stuck at GND File: C:/TKS/DigitalDesign/manhhung_1/RISC-V singer cycle/control_unit.v Line: 10
    Warning (13410): Pin "PCSrc" is stuck at GND File: C:/TKS/DigitalDesign/manhhung_1/RISC-V singer cycle/control_unit.v Line: 12
Info (286030): Timing-Driven Synthesis is running
Info (16010): Generating hard_block partition "hard_block:auto_generated_inst"
    Info (16011): Adding 0 node(s), including 0 DDIO, 0 PLL, 0 transceiver and 0 LCELL
Warning (21074): Design contains 7 input pin(s) that do not drive logic
    Warning (15610): No output dependent on input pin "opcode[0]" File: C:/TKS/DigitalDesign/manhhung_1/RISC-V singer cycle/control_unit.v Line: 2
    Warning (15610): No output dependent on input pin "opcode[1]" File: C:/TKS/DigitalDesign/manhhung_1/RISC-V singer cycle/control_unit.v Line: 2
    Warning (15610): No output dependent on input pin "opcode[2]" File: C:/TKS/DigitalDesign/manhhung_1/RISC-V singer cycle/control_unit.v Line: 2
    Warning (15610): No output dependent on input pin "opcode[3]" File: C:/TKS/DigitalDesign/manhhung_1/RISC-V singer cycle/control_unit.v Line: 2
    Warning (15610): No output dependent on input pin "opcode[4]" File: C:/TKS/DigitalDesign/manhhung_1/RISC-V singer cycle/control_unit.v Line: 2
    Warning (15610): No output dependent on input pin "opcode[5]" File: C:/TKS/DigitalDesign/manhhung_1/RISC-V singer cycle/control_unit.v Line: 2
    Warning (15610): No output dependent on input pin "opcode[6]" File: C:/TKS/DigitalDesign/manhhung_1/RISC-V singer cycle/control_unit.v Line: 2
Info (21057): Implemented 52 device resources after synthesis - the final resource count might be different
    Info (21058): Implemented 17 input pins
    Info (21059): Implemented 10 output pins
    Info (21061): Implemented 25 logic cells
Info: Quartus Prime Analysis & Synthesis was successful. 0 errors, 34 warnings
    Info: Peak virtual memory: 4877 megabytes
    Info: Processing ended: Fri May 17 04:36:14 2024
    Info: Elapsed time: 00:00:10
    Info: Total CPU time (on all processors): 00:00:09


