Flow report for LAB4
Fri Apr 12 21:49:41 2024
Quartus Prime Version 23.1std.0 Build 991 11/28/2023 SC Lite Edition


---------------------
; Table of Contents ;
---------------------
  1. Legal Notice
  2. Flow Summary
  3. Flow Settings
  4. Flow Non-Default Global Settings
  5. Flow Elapsed Time
  6. Flow OS Summary
  7. Flow Log
  8. Flow Messages
  9. Flow Suppressed Messages



----------------
; Legal Notice ;
----------------
Copyright (C) 2023  Intel Corporation. All rights reserved.
Your use of Intel Corporation's design tools, logic functions 
and other software and tools, and any partner logic 
functions, and any output files from any of the foregoing 
(including device programming or simulation files), and any 
associated documentation or information are expressly subject 
to the terms and conditions of the Intel Program License 
Subscription Agreement, the Intel Quartus Prime License Agreement,
the Intel FPGA IP License Agreement, or other applicable license
agreement, including, without limitation, that your use is for
the sole purpose of programming logic devices manufactured by
Intel and sold by Intel or its authorized distributors.  Please
refer to the applicable agreement for further details, at
https://fpgasoftware.intel.com/eula.



+----------------------------------------------------------------------------------+
; Flow Summary                                                                     ;
+---------------------------------+------------------------------------------------+
; Flow Status                     ; Successful - Fri Apr 12 21:49:41 2024          ;
; Quartus Prime Version           ; 23.1std.0 Build 991 11/28/2023 SC Lite Edition ;
; Revision Name                   ; LAB4                                           ;
; Top-level Entity Name           ; iir_stage                                      ;
; Family                          ; Cyclone V                                      ;
; Device                          ; 5CGXFC7C7F23C8                                 ;
; Timing Models                   ; Final                                          ;
; Logic utilization (in ALMs)     ; 429 / 56,480 ( < 1 % )                         ;
; Total registers                 ; 440                                            ;
; Total pins                      ; 50 / 268 ( 19 % )                              ;
; Total virtual pins              ; 0                                              ;
; Total block memory bits         ; 0 / 7,024,640 ( 0 % )                          ;
; Total DSP Blocks                ; 51 / 156 ( 33 % )                              ;
; Total HSSI RX PCSs              ; 0 / 6 ( 0 % )                                  ;
; Total HSSI PMA RX Deserializers ; 0 / 6 ( 0 % )                                  ;
; Total HSSI TX PCSs              ; 0 / 6 ( 0 % )                                  ;
; Total HSSI PMA TX Serializers   ; 0 / 6 ( 0 % )                                  ;
; Total PLLs                      ; 0 / 13 ( 0 % )                                 ;
; Total DLLs                      ; 0 / 4 ( 0 % )                                  ;
+---------------------------------+------------------------------------------------+


+-----------------------------------------+
; Flow Settings                           ;
+-------------------+---------------------+
; Option            ; Setting             ;
+-------------------+---------------------+
; Start date & time ; 04/12/2024 21:48:20 ;
; Main task         ; Compilation         ;
; Revision Name     ; LAB4                ;
+-------------------+---------------------+


+------------------------------------------------------------------------------------------------------------------------------------------------+
; Flow Non-Default Global Settings                                                                                                               ;
+-------------------------------------+----------------------------------------+---------------+-------------+-----------------------------------+
; Assignment Name                     ; Value                                  ; Default Value ; Entity Name ; Section Id                        ;
+-------------------------------------+----------------------------------------+---------------+-------------+-----------------------------------+
; COMPILER_SIGNATURE_ID               ; 2543814995277.171293330019468          ; --            ; --          ; --                                ;
; EDA_GENERATE_FUNCTIONAL_NETLIST     ; Off                                    ; --            ; --          ; eda_board_design_timing           ;
; EDA_GENERATE_FUNCTIONAL_NETLIST     ; Off                                    ; --            ; --          ; eda_board_design_boundary_scan    ;
; EDA_GENERATE_FUNCTIONAL_NETLIST     ; Off                                    ; --            ; --          ; eda_board_design_signal_integrity ;
; EDA_GENERATE_FUNCTIONAL_NETLIST     ; Off                                    ; --            ; --          ; eda_board_design_symbol           ;
; EDA_OUTPUT_DATA_FORMAT              ; Verilog Hdl                            ; --            ; --          ; eda_simulation                    ;
; EDA_SIMULATION_TOOL                 ; Questa Intel FPGA (Verilog)            ; <None>        ; --          ; --                                ;
; EDA_TIME_SCALE                      ; 1 ps                                   ; --            ; --          ; eda_simulation                    ;
; MAX_CORE_JUNCTION_TEMP              ; 85                                     ; --            ; --          ; --                                ;
; MIN_CORE_JUNCTION_TEMP              ; 0                                      ; --            ; --          ; --                                ;
; PARTITION_COLOR                     ; -- (Not supported for targeted family) ; --            ; iir_stage   ; Top                               ;
; PARTITION_FITTER_PRESERVATION_LEVEL ; -- (Not supported for targeted family) ; --            ; iir_stage   ; Top                               ;
; PARTITION_NETLIST_TYPE              ; -- (Not supported for targeted family) ; --            ; iir_stage   ; Top                               ;
; POWER_BOARD_THERMAL_MODEL           ; None (CONSERVATIVE)                    ; --            ; --          ; --                                ;
; POWER_PRESET_COOLING_SOLUTION       ; 23 MM HEAT SINK WITH 200 LFPM AIRFLOW  ; --            ; --          ; --                                ;
; PROJECT_OUTPUT_DIRECTORY            ; output_files                           ; --            ; --          ; --                                ;
; TOP_LEVEL_ENTITY                    ; iir_stage                              ; LAB4          ; --          ; --                                ;
+-------------------------------------+----------------------------------------+---------------+-------------+-----------------------------------+


+--------------------------------------------------------------------------------------------------------------------------+
; Flow Elapsed Time                                                                                                        ;
+----------------------+--------------+-------------------------+---------------------+------------------------------------+
; Module Name          ; Elapsed Time ; Average Processors Used ; Peak Virtual Memory ; Total CPU Time (on all processors) ;
+----------------------+--------------+-------------------------+---------------------+------------------------------------+
; Analysis & Synthesis ; 00:00:09     ; 1.0                     ; 4873 MB             ; 00:00:07                           ;
; Fitter               ; 00:00:48     ; 1.2                     ; 6731 MB             ; 00:00:48                           ;
; Assembler            ; 00:00:07     ; 1.0                     ; 4887 MB             ; 00:00:05                           ;
; Timing Analyzer      ; 00:00:10     ; 2.1                     ; 5265 MB             ; 00:00:10                           ;
; EDA Netlist Writer   ; 00:00:02     ; 1.0                     ; 4767 MB             ; 00:00:01                           ;
; Total                ; 00:01:16     ; --                      ; --                  ; 00:01:11                           ;
+----------------------+--------------+-------------------------+---------------------+------------------------------------+


+------------------------------------------------------------------------------------+
; Flow OS Summary                                                                    ;
+----------------------+------------------+------------+------------+----------------+
; Module Name          ; Machine Hostname ; OS Name    ; OS Version ; Processor type ;
+----------------------+------------------+------------+------------+----------------+
; Analysis & Synthesis ; NguyenHung       ; Windows 10 ; 10.0       ; x86_64         ;
; Fitter               ; NguyenHung       ; Windows 10 ; 10.0       ; x86_64         ;
; Assembler            ; NguyenHung       ; Windows 10 ; 10.0       ; x86_64         ;
; Timing Analyzer      ; NguyenHung       ; Windows 10 ; 10.0       ; x86_64         ;
; EDA Netlist Writer   ; NguyenHung       ; Windows 10 ; 10.0       ; x86_64         ;
+----------------------+------------------+------------+------------+----------------+


------------
; Flow Log ;
------------
quartus_map --read_settings_files=on --write_settings_files=off LAB4 -c LAB4
quartus_fit --read_settings_files=off --write_settings_files=off LAB4 -c LAB4
quartus_asm --read_settings_files=off --write_settings_files=off LAB4 -c LAB4
quartus_sta LAB4 -c LAB4
quartus_eda --read_settings_files=off --write_settings_files=off LAB4 -c LAB4



