Analysis & Synthesis report for TrafficLight
Tue Apr 23 16:09:18 2024
Quartus Prime Version 23.1std.0 Build 991 11/28/2023 SC Lite Edition


---------------------
; Table of Contents ;
---------------------
  1. Legal Notice
  2. Analysis & Synthesis Summary
  3. Analysis & Synthesis Settings
  4. Parallel Compilation
  5. Analysis & Synthesis Source Files Read
  6. Analysis & Synthesis Resource Usage Summary
  7. Analysis & Synthesis Resource Utilization by Entity
  8. State Machine - |TrafficLight|countryroad_controller:countryroad_controller|current_state
  9. State Machine - |TrafficLight|highway_controller:highway_controller|current_state
 10. General Register Statistics
 11. Inverted Register Statistics
 12. Multiplexer Restructuring Statistics (Restructuring Performed)
 13. Parameter Settings for User Entity Instance: Top-level Entity: |TrafficLight
 14. Parameter Settings for User Entity Instance: one_second_pulse:one_second_pulse
 15. Parameter Settings for User Entity Instance: timer:timer
 16. Parameter Settings for User Entity Instance: highway_controller:highway_controller
 17. Parameter Settings for User Entity Instance: countryroad_controller:countryroad_controller
 18. Parameter Settings for User Entity Instance: seven_segment:T
 19. Parameter Settings for User Entity Instance: seven_segment:t
 20. Port Connectivity Checks: "seven_segment:t"
 21. Post-Synthesis Netlist Statistics for Top Partition
 22. Elapsed Time Per Partition
 23. Analysis & Synthesis Messages
 24. Analysis & Synthesis Suppressed Messages



----------------
; Legal Notice ;
----------------
Copyright (C) 2023  Intel Corporation. All rights reserved.
Your use of Intel Corporation's design tools, logic functions 
and other software and tools, and any partner logic 
functions, and any output files from any of the foregoing 
(including device programming or simulation files), and any 
associated documentation or information are expressly subject 
to the terms and conditions of the Intel Program License 
Subscription Agreement, the Intel Quartus Prime License Agreement,
the Intel FPGA IP License Agreement, or other applicable license
agreement, including, without limitation, that your use is for
the sole purpose of programming logic devices manufactured by
Intel and sold by Intel or its authorized distributors.  Please
refer to the applicable agreement for further details, at
https://fpgasoftware.intel.com/eula.



+-------------------------------------------------------------------------------------+
; Analysis & Synthesis Summary                                                        ;
+------------------------------------+------------------------------------------------+
; Analysis & Synthesis Status        ; Successful - Tue Apr 23 16:09:18 2024          ;
; Quartus Prime Version              ; 23.1std.0 Build 991 11/28/2023 SC Lite Edition ;
; Revision Name                      ; TrafficLight                                   ;
; Top-level Entity Name              ; TrafficLight                                   ;
; Family                             ; Cyclone IV E                                   ;
; Total logic elements               ; 83                                             ;
;     Total combinational functions  ; 83                                             ;
;     Dedicated logic registers      ; 39                                             ;
; Total registers                    ; 39                                             ;
; Total pins                         ; 23                                             ;
; Total virtual pins                 ; 0                                              ;
; Total memory bits                  ; 0                                              ;
; Embedded Multiplier 9-bit elements ; 0                                              ;
; Total PLLs                         ; 0                                              ;
+------------------------------------+------------------------------------------------+


+------------------------------------------------------------------------------------------------------------+
; Analysis & Synthesis Settings                                                                              ;
+------------------------------------------------------------------+--------------------+--------------------+
; Option                                                           ; Setting            ; Default Value      ;
+------------------------------------------------------------------+--------------------+--------------------+
; Device                                                           ; EP4CE115F29C7      ;                    ;
; Top-level entity name                                            ; TrafficLight       ; TrafficLight       ;
; Family name                                                      ; Cyclone IV E       ; Cyclone V          ;
; Use smart compilation                                            ; Off                ; Off                ;
; Enable parallel Assembler and Timing Analyzer during compilation ; On                 ; On                 ;
; Enable compact report table                                      ; Off                ; Off                ;
; Restructure Multiplexers                                         ; Auto               ; Auto               ;
; Create Debugging Nodes for IP Cores                              ; Off                ; Off                ;
; Preserve fewer node names                                        ; On                 ; On                 ;
; Intel FPGA IP Evaluation Mode                                    ; Enable             ; Enable             ;
; Verilog Version                                                  ; Verilog_2001       ; Verilog_2001       ;
; VHDL Version                                                     ; VHDL_1993          ; VHDL_1993          ;
; State Machine Processing                                         ; Auto               ; Auto               ;
; Safe State Machine                                               ; Off                ; Off                ;
; Extract Verilog State Machines                                   ; On                 ; On                 ;
; Extract VHDL State Machines                                      ; On                 ; On                 ;
; Ignore Verilog initial constructs                                ; Off                ; Off                ;
; Iteration limit for constant Verilog loops                       ; 5000               ; 5000               ;
; Iteration limit for non-constant Verilog loops                   ; 250                ; 250                ;
; Add Pass-Through Logic to Inferred RAMs                          ; On                 ; On                 ;
; Infer RAMs from Raw Logic                                        ; On                 ; On                 ;
; Parallel Synthesis                                               ; On                 ; On                 ;
; DSP Block Balancing                                              ; Auto               ; Auto               ;
; NOT Gate Push-Back                                               ; On                 ; On                 ;
; Power-Up Don't Care                                              ; On                 ; On                 ;
; Remove Redundant Logic Cells                                     ; Off                ; Off                ;
; Remove Duplicate Registers                                       ; On                 ; On                 ;
; Ignore CARRY Buffers                                             ; Off                ; Off                ;
; Ignore CASCADE Buffers                                           ; Off                ; Off                ;
; Ignore GLOBAL Buffers                                            ; Off                ; Off                ;
; Ignore ROW GLOBAL Buffers                                        ; Off                ; Off                ;
; Ignore LCELL Buffers                                             ; Off                ; Off                ;
; Ignore SOFT Buffers                                              ; On                 ; On                 ;
; Limit AHDL Integers to 32 Bits                                   ; Off                ; Off                ;
; Optimization Technique                                           ; Balanced           ; Balanced           ;
; Carry Chain Length                                               ; 70                 ; 70                 ;
; Auto Carry Chains                                                ; On                 ; On                 ;
; Auto Open-Drain Pins                                             ; On                 ; On                 ;
; Perform WYSIWYG Primitive Resynthesis                            ; Off                ; Off                ;
; Auto ROM Replacement                                             ; On                 ; On                 ;
; Auto RAM Replacement                                             ; On                 ; On                 ;
; Auto DSP Block Replacement                                       ; On                 ; On                 ;
; Auto Shift Register Replacement                                  ; Auto               ; Auto               ;
; Allow Shift Register Merging across Hierarchies                  ; Auto               ; Auto               ;
; Auto Clock Enable Replacement                                    ; On                 ; On                 ;
; Strict RAM Replacement                                           ; Off                ; Off                ;
; Allow Synchronous Control Signals                                ; On                 ; On                 ;
; Force Use of Synchronous Clear Signals                           ; Off                ; Off                ;
; Auto RAM Block Balancing                                         ; On                 ; On                 ;
; Auto RAM to Logic Cell Conversion                                ; Off                ; Off                ;
; Auto Resource Sharing                                            ; Off                ; Off                ;
; Allow Any RAM Size For Recognition                               ; Off                ; Off                ;
; Allow Any ROM Size For Recognition                               ; Off                ; Off                ;
; Allow Any Shift Register Size For Recognition                    ; Off                ; Off                ;
; Use LogicLock Constraints during Resource Balancing              ; On                 ; On                 ;
; Ignore translate_off and synthesis_off directives                ; Off                ; Off                ;
; Timing-Driven Synthesis                                          ; On                 ; On                 ;
; Report Parameter Settings                                        ; On                 ; On                 ;
; Report Source Assignments                                        ; On                 ; On                 ;
; Report Connectivity Checks                                       ; On                 ; On                 ;
; Ignore Maximum Fan-Out Assignments                               ; Off                ; Off                ;
; Synchronization Register Chain Length                            ; 2                  ; 2                  ;
; Power Optimization During Synthesis                              ; Normal compilation ; Normal compilation ;
; HDL message level                                                ; Level2             ; Level2             ;
; Suppress Register Optimization Related Messages                  ; Off                ; Off                ;
; Number of Removed Registers Reported in Synthesis Report         ; 5000               ; 5000               ;
; Number of Swept Nodes Reported in Synthesis Report               ; 5000               ; 5000               ;
; Number of Inverted Registers Reported in Synthesis Report        ; 100                ; 100                ;
; Clock MUX Protection                                             ; On                 ; On                 ;
; Auto Gated Clock Conversion                                      ; Off                ; Off                ;
; Block Design Naming                                              ; Auto               ; Auto               ;
; SDC constraint protection                                        ; Off                ; Off                ;
; Synthesis Effort                                                 ; Auto               ; Auto               ;
; Shift Register Replacement - Allow Asynchronous Clear Signal     ; On                 ; On                 ;
; Pre-Mapping Resynthesis Optimization                             ; Off                ; Off                ;
; Analysis & Synthesis Message Level                               ; Medium             ; Medium             ;
; Disable Register Merging Across Hierarchies                      ; Auto               ; Auto               ;
; Resource Aware Inference For Block RAM                           ; On                 ; On                 ;
+------------------------------------------------------------------+--------------------+--------------------+


+------------------------------------------+
; Parallel Compilation                     ;
+----------------------------+-------------+
; Processors                 ; Number      ;
+----------------------------+-------------+
; Number detected on machine ; 8           ;
; Maximum allowed            ; 4           ;
;                            ;             ;
; Average used               ; 1.00        ;
; Maximum used               ; 4           ;
;                            ;             ;
; Usage by Processor         ; % Time Used ;
;     Processor 1            ; 100.0%      ;
;     Processors 2-4         ;   0.0%      ;
+----------------------------+-------------+


+----------------------------------------------------------------------------------------------------------------------------------------------------------------------+
; Analysis & Synthesis Source Files Read                                                                                                                               ;
+----------------------------------+-----------------+------------------------+------------------------------------------------------------------------------+---------+
; File Name with User-Entered Path ; Used in Netlist ; File Type              ; File Name with Absolute Path                                                 ; Library ;
+----------------------------------+-----------------+------------------------+------------------------------------------------------------------------------+---------+
; highway_controller.v             ; yes             ; User Verilog HDL File  ; D:/Verilog project/DigitalDesign/DigitalDesign/Lab4/highway_controller.v     ;         ;
; countryroad_controller.v         ; yes             ; User Verilog HDL File  ; D:/Verilog project/DigitalDesign/DigitalDesign/Lab4/countryroad_controller.v ;         ;
; timer.v                          ; yes             ; User Verilog HDL File  ; D:/Verilog project/DigitalDesign/DigitalDesign/Lab4/timer.v                  ;         ;
; TrafficLight.v                   ; yes             ; User Verilog HDL File  ; D:/Verilog project/DigitalDesign/DigitalDesign/Lab4/TrafficLight.v           ;         ;
; seven_segment.v                  ; yes             ; User Verilog HDL File  ; D:/Verilog project/DigitalDesign/DigitalDesign/Lab4/seven_segment.v          ;         ;
; one_second_pulse.v               ; yes             ; User Verilog HDL File  ; D:/Verilog project/DigitalDesign/DigitalDesign/Lab4/one_second_pulse.v       ;         ;
+----------------------------------+-----------------+------------------------+------------------------------------------------------------------------------+---------+


+-----------------------------------------------------------+
; Analysis & Synthesis Resource Usage Summary               ;
+---------------------------------------------+-------------+
; Resource                                    ; Usage       ;
+---------------------------------------------+-------------+
; Estimated Total logic elements              ; 83          ;
;                                             ;             ;
; Total combinational functions               ; 83          ;
; Logic element usage by number of LUT inputs ;             ;
;     -- 4 input functions                    ; 33          ;
;     -- 3 input functions                    ; 5           ;
;     -- <=2 input functions                  ; 45          ;
;                                             ;             ;
; Logic elements by mode                      ;             ;
;     -- normal mode                          ; 58          ;
;     -- arithmetic mode                      ; 25          ;
;                                             ;             ;
; Total registers                             ; 39          ;
;     -- Dedicated logic registers            ; 39          ;
;     -- I/O registers                        ; 0           ;
;                                             ;             ;
; I/O pins                                    ; 23          ;
;                                             ;             ;
; Embedded Multiplier 9-bit elements          ; 0           ;
;                                             ;             ;
; Maximum fan-out node                        ; rst_n~input ;
; Maximum fan-out                             ; 33          ;
; Total fan-out                               ; 389         ;
; Average fan-out                             ; 2.32        ;
+---------------------------------------------+-------------+


+-------------------------------------------------------------------------------------------------------------------------------------------------------------------------------------------------------------------------------------------------------------------------------------+
; Analysis & Synthesis Resource Utilization by Entity                                                                                                                                                                                                                                 ;
+----------------------------------------------------+---------------------+---------------------------+-------------+--------------+---------+-----------+------+--------------+-------------------------------------------------------------+------------------------+--------------+
; Compilation Hierarchy Node                         ; Combinational ALUTs ; Dedicated Logic Registers ; Memory Bits ; DSP Elements ; DSP 9x9 ; DSP 18x18 ; Pins ; Virtual Pins ; Full Hierarchy Name                                         ; Entity Name            ; Library Name ;
+----------------------------------------------------+---------------------+---------------------------+-------------+--------------+---------+-----------+------+--------------+-------------------------------------------------------------+------------------------+--------------+
; |TrafficLight                                      ; 83 (3)              ; 39 (0)                    ; 0           ; 0            ; 0       ; 0         ; 23   ; 0            ; |TrafficLight                                               ; TrafficLight           ; work         ;
;    |countryroad_controller:countryroad_controller| ; 7 (7)               ; 3 (3)                     ; 0           ; 0            ; 0       ; 0         ; 0    ; 0            ; |TrafficLight|countryroad_controller:countryroad_controller ; countryroad_controller ; work         ;
;    |highway_controller:highway_controller|         ; 9 (9)               ; 3 (3)                     ; 0           ; 0            ; 0       ; 0         ; 0    ; 0            ; |TrafficLight|highway_controller:highway_controller         ; highway_controller     ; work         ;
;    |one_second_pulse:one_second_pulse|             ; 47 (47)             ; 27 (27)                   ; 0           ; 0            ; 0       ; 0         ; 0    ; 0            ; |TrafficLight|one_second_pulse:one_second_pulse             ; one_second_pulse       ; work         ;
;    |seven_segment:T|                               ; 7 (7)               ; 0 (0)                     ; 0           ; 0            ; 0       ; 0         ; 0    ; 0            ; |TrafficLight|seven_segment:T                               ; seven_segment          ; work         ;
;    |seven_segment:t|                               ; 3 (3)               ; 0 (0)                     ; 0           ; 0            ; 0       ; 0         ; 0    ; 0            ; |TrafficLight|seven_segment:t                               ; seven_segment          ; work         ;
;    |timer:timer|                                   ; 7 (7)               ; 6 (6)                     ; 0           ; 0            ; 0       ; 0         ; 0    ; 0            ; |TrafficLight|timer:timer                                   ; timer                  ; work         ;
+----------------------------------------------------+---------------------+---------------------------+-------------+--------------+---------+-----------+------+--------------+-------------------------------------------------------------+------------------------+--------------+
Note: For table entries with two numbers listed, the numbers in parentheses indicate the number of resources of the given type used by the specific entity alone. The numbers listed outside of parentheses indicate the total resources of the given type used by the specific entity and all of its sub-entities in the hierarchy.


Encoding Type:  One-Hot
+-----------------------------------------------------------------------------------------------+
; State Machine - |TrafficLight|countryroad_controller:countryroad_controller|current_state     ;
+------------------------+---------------------+------------------------+-----------------------+
; Name                   ; current_state.RED_N ; current_state.YELLOW_N ; current_state.GREEN_N ;
+------------------------+---------------------+------------------------+-----------------------+
; current_state.RED_N    ; 0                   ; 0                      ; 0                     ;
; current_state.YELLOW_N ; 1                   ; 1                      ; 0                     ;
; current_state.GREEN_N  ; 1                   ; 0                      ; 1                     ;
+------------------------+---------------------+------------------------+-----------------------+


Encoding Type:  One-Hot
+-----------------------------------------------------------------------------------------------+
; State Machine - |TrafficLight|highway_controller:highway_controller|current_state             ;
+------------------------+---------------------+------------------------+-----------------------+
; Name                   ; current_state.RED_H ; current_state.YELLOW_H ; current_state.GREEN_H ;
+------------------------+---------------------+------------------------+-----------------------+
; current_state.GREEN_H  ; 0                   ; 0                      ; 0                     ;
; current_state.YELLOW_H ; 0                   ; 1                      ; 1                     ;
; current_state.RED_H    ; 1                   ; 0                      ; 1                     ;
+------------------------+---------------------+------------------------+-----------------------+


+------------------------------------------------------+
; General Register Statistics                          ;
+----------------------------------------------+-------+
; Statistic                                    ; Value ;
+----------------------------------------------+-------+
; Total registers                              ; 39    ;
; Number of registers using Synchronous Clear  ; 0     ;
; Number of registers using Synchronous Load   ; 0     ;
; Number of registers using Asynchronous Clear ; 33    ;
; Number of registers using Asynchronous Load  ; 0     ;
; Number of registers using Clock Enable       ; 0     ;
; Number of registers using Preset             ; 0     ;
+----------------------------------------------+-------+


+--------------------------------------------------+
; Inverted Register Statistics                     ;
+----------------------------------------+---------+
; Inverted Register                      ; Fan out ;
+----------------------------------------+---------+
; timer:timer|timeout[1]                 ; 8       ;
; timer:timer|timeout[0]                 ; 9       ;
; timer:timer|Timeout[0]                 ; 12      ;
; timer:timer|Timeout[3]                 ; 9       ;
; Total number of inverted registers = 4 ;         ;
+----------------------------------------+---------+


+-------------------------------------------------------------------------------------------------------------------------------------------------------------------------------------+
; Multiplexer Restructuring Statistics (Restructuring Performed)                                                                                                                      ;
+--------------------+-----------+---------------+----------------------+------------------------+------------+-----------------------------------------------------------------------+
; Multiplexer Inputs ; Bus Width ; Baseline Area ; Area if Restructured ; Saving if Restructured ; Registered ; Example Multiplexer Output                                            ;
+--------------------+-----------+---------------+----------------------+------------------------+------------+-----------------------------------------------------------------------+
; 6:1                ; 3 bits    ; 12 LEs        ; 6 LEs                ; 6 LEs                  ; No         ; |TrafficLight|countryroad_controller:countryroad_controller|Selector1 ;
; 6:1                ; 3 bits    ; 12 LEs        ; 6 LEs                ; 6 LEs                  ; No         ; |TrafficLight|highway_controller:highway_controller|Selector0         ;
+--------------------+-----------+---------------+----------------------+------------------------+------------+-----------------------------------------------------------------------+


+------------------------------------------------------------------------------+
; Parameter Settings for User Entity Instance: Top-level Entity: |TrafficLight ;
+----------------+-------+-----------------------------------------------------+
; Parameter Name ; Value ; Type                                                ;
+----------------+-------+-----------------------------------------------------+
; TIMEOUT_BIT    ; 4     ; Signed Integer                                      ;
; t_bit          ; 2     ; Signed Integer                                      ;
; GREEN_LIGHT    ; 001   ; Unsigned Binary                                     ;
; YELLOW_LIGHT   ; 010   ; Unsigned Binary                                     ;
; RED_LIGHT      ; 100   ; Unsigned Binary                                     ;
; LIGHT_BIT      ; 3     ; Signed Integer                                      ;
+----------------+-------+-----------------------------------------------------+
Note: In order to hide this table in the UI and the text report file, please set the "Show Parameter Settings in Synthesis Report" option in "Analysis and Synthesis Settings -> More Settings" to "Off".


+--------------------------------------------------------------------------------+
; Parameter Settings for User Entity Instance: one_second_pulse:one_second_pulse ;
+----------------+----------+----------------------------------------------------+
; Parameter Name ; Value    ; Type                                               ;
+----------------+----------+----------------------------------------------------+
; COUNTER_MAX    ; 50000000 ; Signed Integer                                     ;
+----------------+----------+----------------------------------------------------+
Note: In order to hide this table in the UI and the text report file, please set the "Show Parameter Settings in Synthesis Report" option in "Analysis and Synthesis Settings -> More Settings" to "Off".


+----------------------------------------------------------+
; Parameter Settings for User Entity Instance: timer:timer ;
+----------------+-------+---------------------------------+
; Parameter Name ; Value ; Type                            ;
+----------------+-------+---------------------------------+
; TIMEOUT_BIT    ; 4     ; Signed Integer                  ;
; t_bit          ; 2     ; Signed Integer                  ;
+----------------+-------+---------------------------------+
Note: In order to hide this table in the UI and the text report file, please set the "Show Parameter Settings in Synthesis Report" option in "Analysis and Synthesis Settings -> More Settings" to "Off".


+------------------------------------------------------------------------------------+
; Parameter Settings for User Entity Instance: highway_controller:highway_controller ;
+----------------+-------+-----------------------------------------------------------+
; Parameter Name ; Value ; Type                                                      ;
+----------------+-------+-----------------------------------------------------------+
; TIMEOUT_BIT    ; 4     ; Signed Integer                                            ;
; t_bit          ; 2     ; Signed Integer                                            ;
; LIGHT_BIT      ; 3     ; Signed Integer                                            ;
+----------------+-------+-----------------------------------------------------------+
Note: In order to hide this table in the UI and the text report file, please set the "Show Parameter Settings in Synthesis Report" option in "Analysis and Synthesis Settings -> More Settings" to "Off".


+--------------------------------------------------------------------------------------------+
; Parameter Settings for User Entity Instance: countryroad_controller:countryroad_controller ;
+----------------+-------+-------------------------------------------------------------------+
; Parameter Name ; Value ; Type                                                              ;
+----------------+-------+-------------------------------------------------------------------+
; TIMEOUT_BIT    ; 4     ; Signed Integer                                                    ;
; t_bit          ; 2     ; Signed Integer                                                    ;
; LIGHT_BIT      ; 3     ; Signed Integer                                                    ;
+----------------+-------+-------------------------------------------------------------------+
Note: In order to hide this table in the UI and the text report file, please set the "Show Parameter Settings in Synthesis Report" option in "Analysis and Synthesis Settings -> More Settings" to "Off".


+--------------------------------------------------------------+
; Parameter Settings for User Entity Instance: seven_segment:T ;
+----------------+-------+-------------------------------------+
; Parameter Name ; Value ; Type                                ;
+----------------+-------+-------------------------------------+
; segment_num    ; 7     ; Signed Integer                      ;
; n              ; 4     ; Signed Integer                      ;
+----------------+-------+-------------------------------------+
Note: In order to hide this table in the UI and the text report file, please set the "Show Parameter Settings in Synthesis Report" option in "Analysis and Synthesis Settings -> More Settings" to "Off".


+--------------------------------------------------------------+
; Parameter Settings for User Entity Instance: seven_segment:t ;
+----------------+-------+-------------------------------------+
; Parameter Name ; Value ; Type                                ;
+----------------+-------+-------------------------------------+
; segment_num    ; 7     ; Signed Integer                      ;
; n              ; 4     ; Signed Integer                      ;
+----------------+-------+-------------------------------------+
Note: In order to hide this table in the UI and the text report file, please set the "Show Parameter Settings in Synthesis Report" option in "Analysis and Synthesis Settings -> More Settings" to "Off".


+--------------------------------------------------------------------------------------------------------------------------------------------------------------------------+
; Port Connectivity Checks: "seven_segment:t"                                                                                                                              ;
+-------+-------+----------+-----------------------------------------------------------------------------------------------------------------------------------------------+
; Port  ; Type  ; Severity ; Details                                                                                                                                       ;
+-------+-------+----------+-----------------------------------------------------------------------------------------------------------------------------------------------+
; value ; Input ; Warning  ; Input port expression (2 bits) is smaller than the input port (4 bits) it drives.  Extra input bit(s) "value[3..2]" will be connected to GND. ;
+-------+-------+----------+-----------------------------------------------------------------------------------------------------------------------------------------------+


+-----------------------------------------------------+
; Post-Synthesis Netlist Statistics for Top Partition ;
+-----------------------+-----------------------------+
; Type                  ; Count                       ;
+-----------------------+-----------------------------+
; boundary_port         ; 23                          ;
; cycloneiii_ff         ; 39                          ;
;     CLR               ; 33                          ;
;     plain             ; 6                           ;
; cycloneiii_lcell_comb ; 88                          ;
;     arith             ; 25                          ;
;         2 data inputs ; 25                          ;
;     normal            ; 63                          ;
;         0 data inputs ; 1                           ;
;         1 data inputs ; 5                           ;
;         2 data inputs ; 19                          ;
;         3 data inputs ; 5                           ;
;         4 data inputs ; 33                          ;
;                       ;                             ;
; Max LUT depth         ; 4.50                        ;
; Average LUT depth     ; 3.30                        ;
+-----------------------+-----------------------------+


+-------------------------------+
; Elapsed Time Per Partition    ;
+----------------+--------------+
; Partition Name ; Elapsed Time ;
+----------------+--------------+
; Top            ; 00:00:00     ;
+----------------+--------------+


+-------------------------------+
; Analysis & Synthesis Messages ;
+-------------------------------+
Info: *******************************************************************
Info: Running Quartus Prime Analysis & Synthesis
    Info: Version 23.1std.0 Build 991 11/28/2023 SC Lite Edition
    Info: Processing started: Tue Apr 23 16:09:11 2024
Info: Command: quartus_map --read_settings_files=on --write_settings_files=off TrafficLight -c TrafficLight
Warning (18236): Number of processors has not been specified which may cause overloading on shared machines.  Set the global assignment NUM_PARALLEL_PROCESSORS in your QSF to an appropriate value for best performance.
Info (20030): Parallel compilation is enabled and will use 4 of the 4 processors detected
Info (12021): Found 2 design units, including 2 entities, in source file highway_controller.v
    Info (12023): Found entity 1: highway_controller File: D:/Verilog project/DigitalDesign/DigitalDesign/Lab4/highway_controller.v Line: 2
    Info (12023): Found entity 2: highway_controller_tb File: D:/Verilog project/DigitalDesign/DigitalDesign/Lab4/highway_controller.v Line: 82
Info (12021): Found 1 design units, including 1 entities, in source file countryroad_controller.v
    Info (12023): Found entity 1: countryroad_controller File: D:/Verilog project/DigitalDesign/DigitalDesign/Lab4/countryroad_controller.v Line: 2
Info (12021): Found 2 design units, including 2 entities, in source file timer.v
    Info (12023): Found entity 1: timer File: D:/Verilog project/DigitalDesign/DigitalDesign/Lab4/timer.v Line: 2
    Info (12023): Found entity 2: timer_tb File: D:/Verilog project/DigitalDesign/DigitalDesign/Lab4/timer.v Line: 53
Info (12021): Found 1 design units, including 1 entities, in source file clk_1s.v
    Info (12023): Found entity 1: clk_1s File: D:/Verilog project/DigitalDesign/DigitalDesign/Lab4/clk_1s.v Line: 1
Info (12021): Found 1 design units, including 1 entities, in source file trafficlight.v
    Info (12023): Found entity 1: TrafficLight File: D:/Verilog project/DigitalDesign/DigitalDesign/Lab4/TrafficLight.v Line: 1
Info (12021): Found 1 design units, including 1 entities, in source file seven_segment.v
    Info (12023): Found entity 1: seven_segment File: D:/Verilog project/DigitalDesign/DigitalDesign/Lab4/seven_segment.v Line: 1
Info (12021): Found 1 design units, including 1 entities, in source file one_second_pulse.v
    Info (12023): Found entity 1: one_second_pulse File: D:/Verilog project/DigitalDesign/DigitalDesign/Lab4/one_second_pulse.v Line: 1
Warning (10222): Verilog HDL Parameter Declaration warning at highway_controller.v(19): Parameter Declaration in module "highway_controller" behaves as a Local Parameter Declaration because the module has a Module Parameter Port List File: D:/Verilog project/DigitalDesign/DigitalDesign/Lab4/highway_controller.v Line: 19
Warning (10222): Verilog HDL Parameter Declaration warning at highway_controller.v(20): Parameter Declaration in module "highway_controller" behaves as a Local Parameter Declaration because the module has a Module Parameter Port List File: D:/Verilog project/DigitalDesign/DigitalDesign/Lab4/highway_controller.v Line: 20
Warning (10222): Verilog HDL Parameter Declaration warning at highway_controller.v(21): Parameter Declaration in module "highway_controller" behaves as a Local Parameter Declaration because the module has a Module Parameter Port List File: D:/Verilog project/DigitalDesign/DigitalDesign/Lab4/highway_controller.v Line: 21
Warning (10222): Verilog HDL Parameter Declaration warning at highway_controller.v(22): Parameter Declaration in module "highway_controller" behaves as a Local Parameter Declaration because the module has a Module Parameter Port List File: D:/Verilog project/DigitalDesign/DigitalDesign/Lab4/highway_controller.v Line: 22
Warning (10222): Verilog HDL Parameter Declaration warning at highway_controller.v(23): Parameter Declaration in module "highway_controller" behaves as a Local Parameter Declaration because the module has a Module Parameter Port List File: D:/Verilog project/DigitalDesign/DigitalDesign/Lab4/highway_controller.v Line: 23
Warning (10222): Verilog HDL Parameter Declaration warning at highway_controller.v(24): Parameter Declaration in module "highway_controller" behaves as a Local Parameter Declaration because the module has a Module Parameter Port List File: D:/Verilog project/DigitalDesign/DigitalDesign/Lab4/highway_controller.v Line: 24
Warning (10222): Verilog HDL Parameter Declaration warning at highway_controller.v(25): Parameter Declaration in module "highway_controller" behaves as a Local Parameter Declaration because the module has a Module Parameter Port List File: D:/Verilog project/DigitalDesign/DigitalDesign/Lab4/highway_controller.v Line: 25
Warning (10222): Verilog HDL Parameter Declaration warning at countryroad_controller.v(19): Parameter Declaration in module "countryroad_controller" behaves as a Local Parameter Declaration because the module has a Module Parameter Port List File: D:/Verilog project/DigitalDesign/DigitalDesign/Lab4/countryroad_controller.v Line: 19
Warning (10222): Verilog HDL Parameter Declaration warning at countryroad_controller.v(20): Parameter Declaration in module "countryroad_controller" behaves as a Local Parameter Declaration because the module has a Module Parameter Port List File: D:/Verilog project/DigitalDesign/DigitalDesign/Lab4/countryroad_controller.v Line: 20
Warning (10222): Verilog HDL Parameter Declaration warning at countryroad_controller.v(21): Parameter Declaration in module "countryroad_controller" behaves as a Local Parameter Declaration because the module has a Module Parameter Port List File: D:/Verilog project/DigitalDesign/DigitalDesign/Lab4/countryroad_controller.v Line: 21
Warning (10222): Verilog HDL Parameter Declaration warning at countryroad_controller.v(22): Parameter Declaration in module "countryroad_controller" behaves as a Local Parameter Declaration because the module has a Module Parameter Port List File: D:/Verilog project/DigitalDesign/DigitalDesign/Lab4/countryroad_controller.v Line: 22
Warning (10222): Verilog HDL Parameter Declaration warning at countryroad_controller.v(23): Parameter Declaration in module "countryroad_controller" behaves as a Local Parameter Declaration because the module has a Module Parameter Port List File: D:/Verilog project/DigitalDesign/DigitalDesign/Lab4/countryroad_controller.v Line: 23
Warning (10222): Verilog HDL Parameter Declaration warning at countryroad_controller.v(24): Parameter Declaration in module "countryroad_controller" behaves as a Local Parameter Declaration because the module has a Module Parameter Port List File: D:/Verilog project/DigitalDesign/DigitalDesign/Lab4/countryroad_controller.v Line: 24
Warning (10222): Verilog HDL Parameter Declaration warning at countryroad_controller.v(25): Parameter Declaration in module "countryroad_controller" behaves as a Local Parameter Declaration because the module has a Module Parameter Port List File: D:/Verilog project/DigitalDesign/DigitalDesign/Lab4/countryroad_controller.v Line: 25
Warning (10222): Verilog HDL Parameter Declaration warning at timer.v(13): Parameter Declaration in module "timer" behaves as a Local Parameter Declaration because the module has a Module Parameter Port List File: D:/Verilog project/DigitalDesign/DigitalDesign/Lab4/timer.v Line: 13
Warning (10222): Verilog HDL Parameter Declaration warning at timer.v(14): Parameter Declaration in module "timer" behaves as a Local Parameter Declaration because the module has a Module Parameter Port List File: D:/Verilog project/DigitalDesign/DigitalDesign/Lab4/timer.v Line: 14
Info (12127): Elaborating entity "TrafficLight" for the top level hierarchy
Warning (10230): Verilog HDL assignment warning at TrafficLight.v(57): truncated value with size 32 to match size of target (1) File: D:/Verilog project/DigitalDesign/DigitalDesign/Lab4/TrafficLight.v Line: 57
Warning (10230): Verilog HDL assignment warning at TrafficLight.v(58): truncated value with size 32 to match size of target (1) File: D:/Verilog project/DigitalDesign/DigitalDesign/Lab4/TrafficLight.v Line: 58
Warning (10230): Verilog HDL assignment warning at TrafficLight.v(59): truncated value with size 32 to match size of target (1) File: D:/Verilog project/DigitalDesign/DigitalDesign/Lab4/TrafficLight.v Line: 59
Warning (10230): Verilog HDL assignment warning at TrafficLight.v(61): truncated value with size 32 to match size of target (1) File: D:/Verilog project/DigitalDesign/DigitalDesign/Lab4/TrafficLight.v Line: 61
Warning (10230): Verilog HDL assignment warning at TrafficLight.v(62): truncated value with size 32 to match size of target (1) File: D:/Verilog project/DigitalDesign/DigitalDesign/Lab4/TrafficLight.v Line: 62
Warning (10230): Verilog HDL assignment warning at TrafficLight.v(63): truncated value with size 32 to match size of target (1) File: D:/Verilog project/DigitalDesign/DigitalDesign/Lab4/TrafficLight.v Line: 63
Info (12128): Elaborating entity "one_second_pulse" for hierarchy "one_second_pulse:one_second_pulse" File: D:/Verilog project/DigitalDesign/DigitalDesign/Lab4/TrafficLight.v Line: 26
Info (12128): Elaborating entity "timer" for hierarchy "timer:timer" File: D:/Verilog project/DigitalDesign/DigitalDesign/Lab4/TrafficLight.v Line: 29
Warning (10230): Verilog HDL assignment warning at timer.v(17): truncated value with size 32 to match size of target (4) File: D:/Verilog project/DigitalDesign/DigitalDesign/Lab4/timer.v Line: 17
Warning (10230): Verilog HDL assignment warning at timer.v(18): truncated value with size 32 to match size of target (2) File: D:/Verilog project/DigitalDesign/DigitalDesign/Lab4/timer.v Line: 18
Warning (10230): Verilog HDL assignment warning at timer.v(37): truncated value with size 32 to match size of target (2) File: D:/Verilog project/DigitalDesign/DigitalDesign/Lab4/timer.v Line: 37
Warning (10230): Verilog HDL assignment warning at timer.v(40): truncated value with size 32 to match size of target (2) File: D:/Verilog project/DigitalDesign/DigitalDesign/Lab4/timer.v Line: 40
Warning (10230): Verilog HDL assignment warning at timer.v(43): truncated value with size 32 to match size of target (4) File: D:/Verilog project/DigitalDesign/DigitalDesign/Lab4/timer.v Line: 43
Warning (10230): Verilog HDL assignment warning at timer.v(46): truncated value with size 32 to match size of target (4) File: D:/Verilog project/DigitalDesign/DigitalDesign/Lab4/timer.v Line: 46
Info (12128): Elaborating entity "highway_controller" for hierarchy "highway_controller:highway_controller" File: D:/Verilog project/DigitalDesign/DigitalDesign/Lab4/TrafficLight.v Line: 42
Info (12128): Elaborating entity "countryroad_controller" for hierarchy "countryroad_controller:countryroad_controller" File: D:/Verilog project/DigitalDesign/DigitalDesign/Lab4/TrafficLight.v Line: 55
Info (12128): Elaborating entity "seven_segment" for hierarchy "seven_segment:T" File: D:/Verilog project/DigitalDesign/DigitalDesign/Lab4/TrafficLight.v Line: 65
Warning (12241): 1 hierarchies have connectivity warnings - see the Connectivity Checks report folder
Warning (13024): Output pins are stuck at VCC or GND
    Warning (13410): Pin "led_out[5]" is stuck at GND File: D:/Verilog project/DigitalDesign/DigitalDesign/Lab4/TrafficLight.v Line: 5
Info (286030): Timing-Driven Synthesis is running
Info (144001): Generated suppressed messages file D:/Verilog project/DigitalDesign/DigitalDesign/Lab4/output_files/TrafficLight.map.smsg
Info (16010): Generating hard_block partition "hard_block:auto_generated_inst"
    Info (16011): Adding 0 node(s), including 0 DDIO, 0 PLL, 0 transceiver and 0 LCELL
Info (21057): Implemented 107 device resources after synthesis - the final resource count might be different
    Info (21058): Implemented 3 input pins
    Info (21059): Implemented 20 output pins
    Info (21061): Implemented 84 logic cells
Info: Quartus Prime Analysis & Synthesis was successful. 0 errors, 32 warnings
    Info: Peak virtual memory: 4774 megabytes
    Info: Processing ended: Tue Apr 23 16:09:18 2024
    Info: Elapsed time: 00:00:07
    Info: Total CPU time (on all processors): 00:00:07


+------------------------------------------+
; Analysis & Synthesis Suppressed Messages ;
+------------------------------------------+
The suppressed messages can be found in D:/Verilog project/DigitalDesign/DigitalDesign/Lab4/output_files/TrafficLight.map.smsg.


